<?xml version="1.0" encoding="UTF-8"?>
<testsuites>
  <testsuite name="CLI Arguments" tests="1143" assertions="4716" errors="20" failures="17" skipped="119" time="68.263899">
    <testsuite name="Tests\Unit\AiDecisionExtendedTest" file="/home/emir/Desktop/sentinentx/tests/Unit/AiDecisionExtendedTest.php" tests="10" assertions="42" errors="0" failures="0" skipped="0" time="1.084936">
      <testcase name="test_ai_decision_from_array_missing_action" file="/home/emir/Desktop/sentinentx/tests/Unit/AiDecisionExtendedTest.php" line="80" class="Tests\Unit\AiDecisionExtendedTest" classname="Tests.Unit.AiDecisionExtendedTest" assertions="1" time="0.252440"/>
      <testcase name="test_ai_decision_serialization" file="/home/emir/Desktop/sentinentx/tests/Unit/AiDecisionExtendedTest.php" line="163" class="Tests\Unit\AiDecisionExtendedTest" classname="Tests.Unit.AiDecisionExtendedTest" assertions="5" time="0.080233"/>
      <testcase name="test_ai_decision_with_null_values" file="/home/emir/Desktop/sentinentx/tests/Unit/AiDecisionExtendedTest.php" line="140" class="Tests\Unit\AiDecisionExtendedTest" classname="Tests.Unit.AiDecisionExtendedTest" assertions="7" time="0.074034"/>
      <testcase name="test_ai_decision_from_array_hold_action" file="/home/emir/Desktop/sentinentx/tests/Unit/AiDecisionExtendedTest.php" line="53" class="Tests\Unit\AiDecisionExtendedTest" classname="Tests.Unit.AiDecisionExtendedTest" assertions="3" time="0.079121"/>
      <testcase name="test_ai_decision_from_array_minimal" file="/home/emir/Desktop/sentinentx/tests/Unit/AiDecisionExtendedTest.php" line="35" class="Tests\Unit\AiDecisionExtendedTest" classname="Tests.Unit.AiDecisionExtendedTest" assertions="7" time="0.093637"/>
      <testcase name="test_ai_decision_from_array_invalid_action" file="/home/emir/Desktop/sentinentx/tests/Unit/AiDecisionExtendedTest.php" line="68" class="Tests\Unit\AiDecisionExtendedTest" classname="Tests.Unit.AiDecisionExtendedTest" assertions="1" time="0.084984"/>
      <testcase name="test_ai_decision_from_array_complete" file="/home/emir/Desktop/sentinentx/tests/Unit/AiDecisionExtendedTest.php" line="12" class="Tests\Unit\AiDecisionExtendedTest" classname="Tests.Unit.AiDecisionExtendedTest" assertions="7" time="0.086475"/>
      <testcase name="test_ai_decision_type_casting" file="/home/emir/Desktop/sentinentx/tests/Unit/AiDecisionExtendedTest.php" line="117" class="Tests\Unit\AiDecisionExtendedTest" classname="Tests.Unit.AiDecisionExtendedTest" assertions="8" time="0.120566"/>
      <testcase name="test_ai_decision_from_array_missing_confidence" file="/home/emir/Desktop/sentinentx/tests/Unit/AiDecisionExtendedTest.php" line="92" class="Tests\Unit\AiDecisionExtendedTest" classname="Tests.Unit.AiDecisionExtendedTest" assertions="1" time="0.100342"/>
      <testcase name="test_ai_decision_confidence_boundaries" file="/home/emir/Desktop/sentinentx/tests/Unit/AiDecisionExtendedTest.php" line="104" class="Tests\Unit\AiDecisionExtendedTest" classname="Tests.Unit.AiDecisionExtendedTest" assertions="2" time="0.113104"/>
    </testsuite>
    <testsuite name="Tests\Unit\TakeProfitLadderServiceTest" file="/home/emir/Desktop/sentinentx/tests/Unit/TakeProfitLadderServiceTest.php" tests="17" assertions="78" errors="0" failures="0" skipped="0" time="1.497004">
      <testcase name="test_tp_ladder_with_options" file="/home/emir/Desktop/sentinentx/tests/Unit/TakeProfitLadderServiceTest.php" line="184" class="Tests\Unit\TakeProfitLadderServiceTest" classname="Tests.Unit.TakeProfitLadderServiceTest" assertions="7" time="0.187537"/>
      <testcase name="test_tp_ladder_side_conversion" file="/home/emir/Desktop/sentinentx/tests/Unit/TakeProfitLadderServiceTest.php" line="211" class="Tests\Unit\TakeProfitLadderServiceTest" classname="Tests.Unit.TakeProfitLadderServiceTest" assertions="2" time="0.107367"/>
      <testcase name="test_check_tp_ladder_status" file="/home/emir/Desktop/sentinentx/tests/Unit/TakeProfitLadderServiceTest.php" line="224" class="Tests\Unit\TakeProfitLadderServiceTest" classname="Tests.Unit.TakeProfitLadderServiceTest" assertions="5" time="0.097086"/>
      <testcase name="test_check_tp_ladder_status_basic_functionality" file="/home/emir/Desktop/sentinentx/tests/Unit/TakeProfitLadderServiceTest.php" line="312" class="Tests\Unit\TakeProfitLadderServiceTest" classname="Tests.Unit.TakeProfitLadderServiceTest" assertions="6" time="0.083577"/>
      <testcase name="test_tp_ladder_with_uneven_levels" file="/home/emir/Desktop/sentinentx/tests/Unit/TakeProfitLadderServiceTest.php" line="81" class="Tests\Unit\TakeProfitLadderServiceTest" classname="Tests.Unit.TakeProfitLadderServiceTest" assertions="5" time="0.078348"/>
      <testcase name="test_close_tp_ladder" file="/home/emir/Desktop/sentinentx/tests/Unit/TakeProfitLadderServiceTest.php" line="257" class="Tests\Unit\TakeProfitLadderServiceTest" classname="Tests.Unit.TakeProfitLadderServiceTest" assertions="4" time="0.075869"/>
      <testcase name="test_setup_tp_ladder_short_position" file="/home/emir/Desktop/sentinentx/tests/Unit/TakeProfitLadderServiceTest.php" line="57" class="Tests\Unit\TakeProfitLadderServiceTest" classname="Tests.Unit.TakeProfitLadderServiceTest" assertions="6" time="0.073643"/>
      <testcase name="test_edge_case_zero_quantity" file="/home/emir/Desktop/sentinentx/tests/Unit/TakeProfitLadderServiceTest.php" line="273" class="Tests\Unit\TakeProfitLadderServiceTest" classname="Tests.Unit.TakeProfitLadderServiceTest" assertions="3" time="0.075882"/>
      <testcase name="test_tp_ladder_level_ordering_short" file="/home/emir/Desktop/sentinentx/tests/Unit/TakeProfitLadderServiceTest.php" line="138" class="Tests\Unit\TakeProfitLadderServiceTest" classname="Tests.Unit.TakeProfitLadderServiceTest" assertions="3" time="0.078877"/>
      <testcase name="test_tp_ladder_with_single_level" file="/home/emir/Desktop/sentinentx/tests/Unit/TakeProfitLadderServiceTest.php" line="103" class="Tests\Unit\TakeProfitLadderServiceTest" classname="Tests.Unit.TakeProfitLadderServiceTest" assertions="4" time="0.092719"/>
      <testcase name="test_tp_ladder_quantity_distribution" file="/home/emir/Desktop/sentinentx/tests/Unit/TakeProfitLadderServiceTest.php" line="155" class="Tests\Unit\TakeProfitLadderServiceTest" classname="Tests.Unit.TakeProfitLadderServiceTest" assertions="4" time="0.081190"/>
      <testcase name="test_edge_case_single_decimal_quantity" file="/home/emir/Desktop/sentinentx/tests/Unit/TakeProfitLadderServiceTest.php" line="284" class="Tests\Unit\TakeProfitLadderServiceTest" classname="Tests.Unit.TakeProfitLadderServiceTest" assertions="4" time="0.076974"/>
      <testcase name="test_tp_ladder_level_ordering_long" file="/home/emir/Desktop/sentinentx/tests/Unit/TakeProfitLadderServiceTest.php" line="121" class="Tests\Unit\TakeProfitLadderServiceTest" classname="Tests.Unit.TakeProfitLadderServiceTest" assertions="3" time="0.078264"/>
      <testcase name="test_setup_tp_ladder_long_position" file="/home/emir/Desktop/sentinentx/tests/Unit/TakeProfitLadderServiceTest.php" line="24" class="Tests\Unit\TakeProfitLadderServiceTest" classname="Tests.Unit.TakeProfitLadderServiceTest" assertions="13" time="0.076338"/>
      <testcase name="test_edge_case_very_small_quantity" file="/home/emir/Desktop/sentinentx/tests/Unit/TakeProfitLadderServiceTest.php" line="301" class="Tests\Unit\TakeProfitLadderServiceTest" classname="Tests.Unit.TakeProfitLadderServiceTest" assertions="3" time="0.078564"/>
      <testcase name="test_check_tp_ladder_status_with_failed_orders" file="/home/emir/Desktop/sentinentx/tests/Unit/TakeProfitLadderServiceTest.php" line="241" class="Tests\Unit\TakeProfitLadderServiceTest" classname="Tests.Unit.TakeProfitLadderServiceTest" assertions="4" time="0.079766"/>
      <testcase name="test_tp_ladder_with_extreme_levels" file="/home/emir/Desktop/sentinentx/tests/Unit/TakeProfitLadderServiceTest.php" line="331" class="Tests\Unit\TakeProfitLadderServiceTest" classname="Tests.Unit.TakeProfitLadderServiceTest" assertions="2" time="0.075002"/>
    </testsuite>
    <testsuite name="Tests\Unit\Services\AI\MultiCoinAnalysisServiceTest" file="/home/emir/Desktop/sentinentx/tests/Unit/Services/AI/MultiCoinAnalysisServiceTest.php" tests="5" assertions="10" errors="2" failures="0" skipped="0" time="12.717371">
      <testcase name="test_selects_most_reliable_coin" file="/home/emir/Desktop/sentinentx/tests/Unit/Services/AI/MultiCoinAnalysisServiceTest.php" line="116" class="Tests\Unit\Services\AI\MultiCoinAnalysisServiceTest" classname="Tests.Unit.Services.AI.MultiCoinAnalysisServiceTest" assertions="1" time="12.300276">
        <error type="Error">Tests\Unit\Services\AI\MultiCoinAnalysisServiceTest::test_selects_most_reliable_coin
Error: Call to undefined method Tests\Unit\Services\AI\MultiCoinAnalysisServiceTest::assertStringContains()

/home/emir/Desktop/sentinentx/tests/Unit/Services/AI/MultiCoinAnalysisServiceTest.php:137</error>
      </testcase>
      <testcase name="test_analyzes_all_four_coins" file="/home/emir/Desktop/sentinentx/tests/Unit/Services/AI/MultiCoinAnalysisServiceTest.php" line="43" class="Tests\Unit\Services\AI\MultiCoinAnalysisServiceTest" classname="Tests.Unit.Services.AI.MultiCoinAnalysisServiceTest" assertions="5" time="0.105218"/>
      <testcase name="test_includes_risk_profile_in_context" file="/home/emir/Desktop/sentinentx/tests/Unit/Services/AI/MultiCoinAnalysisServiceTest.php" line="210" class="Tests\Unit\Services\AI\MultiCoinAnalysisServiceTest" classname="Tests.Unit.Services.AI.MultiCoinAnalysisServiceTest" assertions="2" time="0.118659"/>
      <testcase name="test_calculates_combined_score_correctly" file="/home/emir/Desktop/sentinentx/tests/Unit/Services/AI/MultiCoinAnalysisServiceTest.php" line="191" class="Tests\Unit\Services\AI\MultiCoinAnalysisServiceTest" classname="Tests.Unit.Services.AI.MultiCoinAnalysisServiceTest" assertions="1" time="0.092344"/>
      <testcase name="test_handles_no_trading_signals" file="/home/emir/Desktop/sentinentx/tests/Unit/Services/AI/MultiCoinAnalysisServiceTest.php" line="140" class="Tests\Unit\Services\AI\MultiCoinAnalysisServiceTest" classname="Tests.Unit.Services.AI.MultiCoinAnalysisServiceTest" assertions="1" time="0.100873">
        <error type="Error">Tests\Unit\Services\AI\MultiCoinAnalysisServiceTest::test_handles_no_trading_signals
Error: Call to undefined method Tests\Unit\Services\AI\MultiCoinAnalysisServiceTest::assertStringContains()

/home/emir/Desktop/sentinentx/tests/Unit/Services/AI/MultiCoinAnalysisServiceTest.php:188</error>
      </testcase>
    </testsuite>
    <testsuite name="Tests\Unit\PerformanceMonitorServiceTest" file="/home/emir/Desktop/sentinentx/tests/Unit/PerformanceMonitorServiceTest.php" tests="21" assertions="56" errors="0" failures="0" skipped="0" time="0.024459">
      <testcase name="test_performance_monitor_service_determine_run_status_method" file="/home/emir/Desktop/sentinentx/tests/Unit/PerformanceMonitorServiceTest.php" line="90" class="Tests\Unit\PerformanceMonitorServiceTest" classname="Tests.Unit.PerformanceMonitorServiceTest" assertions="4" time="0.013282"/>
      <testcase name="test_performance_monitor_service_has_monitor_lab_run_method" file="/home/emir/Desktop/sentinentx/tests/Unit/PerformanceMonitorServiceTest.php" line="21" class="Tests\Unit\PerformanceMonitorServiceTest" classname="Tests.Unit.PerformanceMonitorServiceTest" assertions="1" time="0.000629"/>
      <testcase name="test_performance_monitor_service_risk_metrics_ready" file="/home/emir/Desktop/sentinentx/tests/Unit/PerformanceMonitorServiceTest.php" line="225" class="Tests\Unit\PerformanceMonitorServiceTest" classname="Tests.Unit.PerformanceMonitorServiceTest" assertions="2" time="0.000726"/>
      <testcase name="test_performance_monitor_service_meta_data_ready" file="/home/emir/Desktop/sentinentx/tests/Unit/PerformanceMonitorServiceTest.php" line="276" class="Tests\Unit\PerformanceMonitorServiceTest" classname="Tests.Unit.PerformanceMonitorServiceTest" assertions="2" time="0.000956"/>
      <testcase name="test_performance_monitor_service_has_private_methods" file="/home/emir/Desktop/sentinentx/tests/Unit/PerformanceMonitorServiceTest.php" line="45" class="Tests\Unit\PerformanceMonitorServiceTest" classname="Tests.Unit.PerformanceMonitorServiceTest" assertions="3" time="0.000969"/>
      <testcase name="test_performance_monitor_service_alert_system_ready" file="/home/emir/Desktop/sentinentx/tests/Unit/PerformanceMonitorServiceTest.php" line="173" class="Tests\Unit\PerformanceMonitorServiceTest" classname="Tests.Unit.PerformanceMonitorServiceTest" assertions="2" time="0.000563"/>
      <testcase name="test_performance_monitor_service_sharpe_ratio_ready" file="/home/emir/Desktop/sentinentx/tests/Unit/PerformanceMonitorServiceTest.php" line="263" class="Tests\Unit\PerformanceMonitorServiceTest" classname="Tests.Unit.PerformanceMonitorServiceTest" assertions="2" time="0.000687"/>
      <testcase name="test_performance_monitor_service_constructor" file="/home/emir/Desktop/sentinentx/tests/Unit/PerformanceMonitorServiceTest.php" line="13" class="Tests\Unit\PerformanceMonitorServiceTest" classname="Tests.Unit.PerformanceMonitorServiceTest" assertions="1" time="0.000800"/>
      <testcase name="test_performance_monitor_service_equity_tracking_ready" file="/home/emir/Desktop/sentinentx/tests/Unit/PerformanceMonitorServiceTest.php" line="213" class="Tests\Unit\PerformanceMonitorServiceTest" classname="Tests.Unit.PerformanceMonitorServiceTest" assertions="2" time="0.000422"/>
      <testcase name="test_performance_monitor_service_trade_analysis_ready" file="/home/emir/Desktop/sentinentx/tests/Unit/PerformanceMonitorServiceTest.php" line="199" class="Tests\Unit\PerformanceMonitorServiceTest" classname="Tests.Unit.PerformanceMonitorServiceTest" assertions="2" time="0.000448"/>
      <testcase name="test_performance_monitor_service_calculate_run_metrics_method" file="/home/emir/Desktop/sentinentx/tests/Unit/PerformanceMonitorServiceTest.php" line="57" class="Tests\Unit\PerformanceMonitorServiceTest" classname="Tests.Unit.PerformanceMonitorServiceTest" assertions="4" time="0.000538"/>
      <testcase name="test_performance_monitor_service_max_drawdown_calculation_ready" file="/home/emir/Desktop/sentinentx/tests/Unit/PerformanceMonitorServiceTest.php" line="250" class="Tests\Unit\PerformanceMonitorServiceTest" classname="Tests.Unit.PerformanceMonitorServiceTest" assertions="2" time="0.000442"/>
      <testcase name="test_performance_monitor_service_lab_ready" file="/home/emir/Desktop/sentinentx/tests/Unit/PerformanceMonitorServiceTest.php" line="134" class="Tests\Unit\PerformanceMonitorServiceTest" classname="Tests.Unit.PerformanceMonitorServiceTest" assertions="3" time="0.000440"/>
      <testcase name="test_performance_monitor_service_status_determination_ready" file="/home/emir/Desktop/sentinentx/tests/Unit/PerformanceMonitorServiceTest.php" line="186" class="Tests\Unit\PerformanceMonitorServiceTest" classname="Tests.Unit.PerformanceMonitorServiceTest" assertions="2" time="0.000442"/>
      <testcase name="test_performance_monitor_service_saas_ready" file="/home/emir/Desktop/sentinentx/tests/Unit/PerformanceMonitorServiceTest.php" line="121" class="Tests\Unit\PerformanceMonitorServiceTest" classname="Tests.Unit.PerformanceMonitorServiceTest" assertions="3" time="0.000438"/>
      <testcase name="test_performance_monitor_service_monitor_lab_run_method_signature" file="/home/emir/Desktop/sentinentx/tests/Unit/PerformanceMonitorServiceTest.php" line="29" class="Tests\Unit\PerformanceMonitorServiceTest" classname="Tests.Unit.PerformanceMonitorServiceTest" assertions="4" time="0.000457"/>
      <testcase name="test_performance_monitor_service_win_rate_calculation_ready" file="/home/emir/Desktop/sentinentx/tests/Unit/PerformanceMonitorServiceTest.php" line="237" class="Tests\Unit\PerformanceMonitorServiceTest" classname="Tests.Unit.PerformanceMonitorServiceTest" assertions="2" time="0.000432"/>
      <testcase name="test_performance_monitor_service_model_structure" file="/home/emir/Desktop/sentinentx/tests/Unit/PerformanceMonitorServiceTest.php" line="106" class="Tests\Unit\PerformanceMonitorServiceTest" classname="Tests.Unit.PerformanceMonitorServiceTest" assertions="5" time="0.000445"/>
      <testcase name="test_performance_monitor_service_performance_analysis_ready" file="/home/emir/Desktop/sentinentx/tests/Unit/PerformanceMonitorServiceTest.php" line="147" class="Tests\Unit\PerformanceMonitorServiceTest" classname="Tests.Unit.PerformanceMonitorServiceTest" assertions="3" time="0.000444"/>
      <testcase name="test_performance_monitor_service_check_performance_alerts_method" file="/home/emir/Desktop/sentinentx/tests/Unit/PerformanceMonitorServiceTest.php" line="73" class="Tests\Unit\PerformanceMonitorServiceTest" classname="Tests.Unit.PerformanceMonitorServiceTest" assertions="5" time="0.000450"/>
      <testcase name="test_performance_monitor_service_metrics_calculation_ready" file="/home/emir/Desktop/sentinentx/tests/Unit/PerformanceMonitorServiceTest.php" line="160" class="Tests\Unit\PerformanceMonitorServiceTest" classname="Tests.Unit.PerformanceMonitorServiceTest" assertions="2" time="0.000450"/>
    </testsuite>
    <testsuite name="Tests\Unit\StructuredLogServiceTest" file="/home/emir/Desktop/sentinentx/tests/Unit/StructuredLogServiceTest.php" tests="25" assertions="50" errors="0" failures="0" skipped="0" time="2.506162">
      <testcase name="structure_context_handles_array_values" file="/home/emir/Desktop/sentinentx/tests/Unit/StructuredLogServiceTest.php" line="219" class="Tests\Unit\StructuredLogServiceTest" classname="Tests.Unit.StructuredLogServiceTest" assertions="2" time="0.132031"/>
      <testcase name="business_event_logs_with_business_context" file="/home/emir/Desktop/sentinentx/tests/Unit/StructuredLogServiceTest.php" line="301" class="Tests\Unit\StructuredLogServiceTest" classname="Tests.Unit.StructuredLogServiceTest" assertions="2" time="0.099248"/>
      <testcase name="ai_logs_to_ai_channel_with_info_level" file="/home/emir/Desktop/sentinentx/tests/Unit/StructuredLogServiceTest.php" line="64" class="Tests\Unit\StructuredLogServiceTest" classname="Tests.Unit.StructuredLogServiceTest" assertions="2" time="0.076089"/>
      <testcase name="log_with_large_numbers" file="/home/emir/Desktop/sentinentx/tests/Unit/StructuredLogServiceTest.php" line="506" class="Tests\Unit\StructuredLogServiceTest" classname="Tests.Unit.StructuredLogServiceTest" assertions="2" time="0.079108"/>
      <testcase name="log_calls_log_channel_with_structured_context" file="/home/emir/Desktop/sentinentx/tests/Unit/StructuredLogServiceTest.php" line="24" class="Tests\Unit\StructuredLogServiceTest" classname="Tests.Unit.StructuredLogServiceTest" assertions="2" time="0.079163"/>
      <testcase name="error_logs_to_specified_channel_with_error_level" file="/home/emir/Desktop/sentinentx/tests/Unit/StructuredLogServiceTest.php" line="121" class="Tests\Unit\StructuredLogServiceTest" classname="Tests.Unit.StructuredLogServiceTest" assertions="2" time="0.079263"/>
      <testcase name="business_event_logs_without_additional_data" file="/home/emir/Desktop/sentinentx/tests/Unit/StructuredLogServiceTest.php" line="411" class="Tests\Unit\StructuredLogServiceTest" classname="Tests.Unit.StructuredLogServiceTest" assertions="2" time="0.079693"/>
      <testcase name="structure_context_includes_required_fields" file="/home/emir/Desktop/sentinentx/tests/Unit/StructuredLogServiceTest.php" line="201" class="Tests\Unit\StructuredLogServiceTest" classname="Tests.Unit.StructuredLogServiceTest" assertions="2" time="0.076501"/>
      <testcase name="performance_logs_without_additional_metrics" file="/home/emir/Desktop/sentinentx/tests/Unit/StructuredLogServiceTest.php" line="392" class="Tests\Unit\StructuredLogServiceTest" classname="Tests.Unit.StructuredLogServiceTest" assertions="2" time="0.121276"/>
      <testcase name="info_logs_to_specified_channel_with_info_level" file="/home/emir/Desktop/sentinentx/tests/Unit/StructuredLogServiceTest.php" line="161" class="Tests\Unit\StructuredLogServiceTest" classname="Tests.Unit.StructuredLogServiceTest" assertions="2" time="0.153884"/>
      <testcase name="lab_logs_to_lab_channel_with_info_level" file="/home/emir/Desktop/sentinentx/tests/Unit/StructuredLogServiceTest.php" line="102" class="Tests\Unit\StructuredLogServiceTest" classname="Tests.Unit.StructuredLogServiceTest" assertions="2" time="0.261224"/>
      <testcase name="warning_logs_to_specified_channel_with_warning_level" file="/home/emir/Desktop/sentinentx/tests/Unit/StructuredLogServiceTest.php" line="141" class="Tests\Unit\StructuredLogServiceTest" classname="Tests.Unit.StructuredLogServiceTest" assertions="2" time="0.193736"/>
      <testcase name="log_with_numeric_context_values_preserves_types" file="/home/emir/Desktop/sentinentx/tests/Unit/StructuredLogServiceTest.php" line="374" class="Tests\Unit\StructuredLogServiceTest" classname="Tests.Unit.StructuredLogServiceTest" assertions="2" time="0.077475"/>
      <testcase name="log_with_empty_context_still_includes_required_fields" file="/home/emir/Desktop/sentinentx/tests/Unit/StructuredLogServiceTest.php" line="322" class="Tests\Unit\StructuredLogServiceTest" classname="Tests.Unit.StructuredLogServiceTest" assertions="2" time="0.077970"/>
      <testcase name="risk_logs_to_risk_channel_with_warning_level" file="/home/emir/Desktop/sentinentx/tests/Unit/StructuredLogServiceTest.php" line="83" class="Tests\Unit\StructuredLogServiceTest" classname="Tests.Unit.StructuredLogServiceTest" assertions="2" time="0.080275"/>
      <testcase name="debug_logs_to_specified_channel_with_debug_level" file="/home/emir/Desktop/sentinentx/tests/Unit/StructuredLogServiceTest.php" line="181" class="Tests\Unit\StructuredLogServiceTest" classname="Tests.Unit.StructuredLogServiceTest" assertions="2" time="0.082878"/>
      <testcase name="log_with_complex_nested_arrays" file="/home/emir/Desktop/sentinentx/tests/Unit/StructuredLogServiceTest.php" line="431" class="Tests\Unit\StructuredLogServiceTest" classname="Tests.Unit.StructuredLogServiceTest" assertions="2" time="0.079924"/>
      <testcase name="log_with_special_characters_in_context" file="/home/emir/Desktop/sentinentx/tests/Unit/StructuredLogServiceTest.php" line="483" class="Tests\Unit\StructuredLogServiceTest" classname="Tests.Unit.StructuredLogServiceTest" assertions="2" time="0.081118"/>
      <testcase name="log_with_null_context_values_handles_gracefully" file="/home/emir/Desktop/sentinentx/tests/Unit/StructuredLogServiceTest.php" line="338" class="Tests\Unit\StructuredLogServiceTest" classname="Tests.Unit.StructuredLogServiceTest" assertions="2" time="0.078657"/>
      <testcase name="structure_context_handles_primitive_types" file="/home/emir/Desktop/sentinentx/tests/Unit/StructuredLogServiceTest.php" line="257" class="Tests\Unit\StructuredLogServiceTest" classname="Tests.Unit.StructuredLogServiceTest" assertions="2" time="0.104985"/>
      <testcase name="log_with_boolean_context_values_preserves_types" file="/home/emir/Desktop/sentinentx/tests/Unit/StructuredLogServiceTest.php" line="356" class="Tests\Unit\StructuredLogServiceTest" classname="Tests.Unit.StructuredLogServiceTest" assertions="2" time="0.086353"/>
      <testcase name="log_with_mixed_data_types" file="/home/emir/Desktop/sentinentx/tests/Unit/StructuredLogServiceTest.php" line="457" class="Tests\Unit\StructuredLogServiceTest" classname="Tests.Unit.StructuredLogServiceTest" assertions="2" time="0.078984"/>
      <testcase name="performance_logs_with_performance_metrics" file="/home/emir/Desktop/sentinentx/tests/Unit/StructuredLogServiceTest.php" line="281" class="Tests\Unit\StructuredLogServiceTest" classname="Tests.Unit.StructuredLogServiceTest" assertions="2" time="0.079159"/>
      <testcase name="structure_context_handles_object_values" file="/home/emir/Desktop/sentinentx/tests/Unit/StructuredLogServiceTest.php" line="237" class="Tests\Unit\StructuredLogServiceTest" classname="Tests.Unit.StructuredLogServiceTest" assertions="2" time="0.082834"/>
      <testcase name="trading_logs_to_trading_channel_with_info_level" file="/home/emir/Desktop/sentinentx/tests/Unit/StructuredLogServiceTest.php" line="45" class="Tests\Unit\StructuredLogServiceTest" classname="Tests.Unit.StructuredLogServiceTest" assertions="2" time="0.084335"/>
    </testsuite>
    <testsuite name="Tests\Unit\Services\Trading\DailyPnLServiceTest" file="/home/emir/Desktop/sentinentx/tests/Unit/Services/Trading/DailyPnLServiceTest.php" tests="10" assertions="9" errors="5" failures="4" skipped="0" time="1.272692">
      <testcase name="test_handles_carry_over_positions" file="/home/emir/Desktop/sentinentx/tests/Unit/Services/Trading/DailyPnLServiceTest.php" line="87" class="Tests\Unit\Services\Trading\DailyPnLServiceTest" classname="Tests.Unit.Services.Trading.DailyPnLServiceTest" assertions="0" time="0.168106">
        <error type="ErrorException">Tests\Unit\Services\Trading\DailyPnLServiceTest::test_handles_carry_over_positions
ErrorException: Undefined array key "trade_counts"

/home/emir/Desktop/sentinentx/vendor/laravel/framework/src/Illuminate/Foundation/Bootstrap/HandleExceptions.php:258
/home/emir/Desktop/sentinentx/tests/Unit/Services/Trading/DailyPnLServiceTest.php:106</error>
      </testcase>
      <testcase name="test_caches_results_for_performance" file="/home/emir/Desktop/sentinentx/tests/Unit/Services/Trading/DailyPnLServiceTest.php" line="226" class="Tests\Unit\Services\Trading\DailyPnLServiceTest" classname="Tests.Unit.Services.Trading.DailyPnLServiceTest" assertions="2" time="0.105037">
        <failure type="PHPUnit\Framework\ExpectationFailedException">Tests\Unit\Services\Trading\DailyPnLServiceTest::test_caches_results_for_performance
Failed asserting that an array has the key 'calculated_at'.

/home/emir/Desktop/sentinentx/tests/Unit/Services/Trading/DailyPnLServiceTest.php:244</failure>
      </testcase>
      <testcase name="test_handles_different_risk_profiles" file="/home/emir/Desktop/sentinentx/tests/Unit/Services/Trading/DailyPnLServiceTest.php" line="247" class="Tests\Unit\Services\Trading\DailyPnLServiceTest" classname="Tests.Unit.Services.Trading.DailyPnLServiceTest" assertions="0" time="0.106934">
        <error type="ErrorException">Tests\Unit\Services\Trading\DailyPnLServiceTest::test_handles_different_risk_profiles
ErrorException: Undefined array key "daily_target_pct"

/home/emir/Desktop/sentinentx/vendor/laravel/framework/src/Illuminate/Foundation/Bootstrap/HandleExceptions.php:258
/home/emir/Desktop/sentinentx/tests/Unit/Services/Trading/DailyPnLServiceTest.php:259</error>
      </testcase>
      <testcase name="test_handles_significant_loss" file="/home/emir/Desktop/sentinentx/tests/Unit/Services/Trading/DailyPnLServiceTest.php" line="183" class="Tests\Unit\Services\Trading\DailyPnLServiceTest" classname="Tests.Unit.Services.Trading.DailyPnLServiceTest" assertions="1" time="0.109788">
        <failure type="PHPUnit\Framework\ExpectationFailedException">Tests\Unit\Services\Trading\DailyPnLServiceTest::test_handles_significant_loss
Failed asserting that two strings are equal.
--- Expected
+++ Actual
@@ @@
-'significant_loss'
+'unknown'

/home/emir/Desktop/sentinentx/tests/Unit/Services/Trading/DailyPnLServiceTest.php:197</failure>
      </testcase>
      <testcase name="test_calculates_unrealized_pnl_for_open_positions" file="/home/emir/Desktop/sentinentx/tests/Unit/Services/Trading/DailyPnLServiceTest.php" line="61" class="Tests\Unit\Services\Trading\DailyPnLServiceTest" classname="Tests.Unit.Services.Trading.DailyPnLServiceTest" assertions="0" time="0.120328">
        <error type="ErrorException">Tests\Unit\Services\Trading\DailyPnLServiceTest::test_calculates_unrealized_pnl_for_open_positions
ErrorException: Undefined array key "pnl_breakdown"

/home/emir/Desktop/sentinentx/vendor/laravel/framework/src/Illuminate/Foundation/Bootstrap/HandleExceptions.php:258
/home/emir/Desktop/sentinentx/tests/Unit/Services/Trading/DailyPnLServiceTest.php:83</error>
      </testcase>
      <testcase name="test_weekly_pnl_summary" file="/home/emir/Desktop/sentinentx/tests/Unit/Services/Trading/DailyPnLServiceTest.php" line="202" class="Tests\Unit\Services\Trading\DailyPnLServiceTest" classname="Tests.Unit.Services.Trading.DailyPnLServiceTest" assertions="3" time="0.233646"/>
      <testcase name="test_calculates_daily_pnl_for_completed_trades" file="/home/emir/Desktop/sentinentx/tests/Unit/Services/Trading/DailyPnLServiceTest.php" line="27" class="Tests\Unit\Services\Trading\DailyPnLServiceTest" classname="Tests.Unit.Services.Trading.DailyPnLServiceTest" assertions="1" time="0.112421">
        <error type="ErrorException">Tests\Unit\Services\Trading\DailyPnLServiceTest::test_calculates_daily_pnl_for_completed_trades
ErrorException: Undefined array key "pnl_breakdown"

/home/emir/Desktop/sentinentx/vendor/laravel/framework/src/Illuminate/Foundation/Bootstrap/HandleExceptions.php:258
/home/emir/Desktop/sentinentx/tests/Unit/Services/Trading/DailyPnLServiceTest.php:55</error>
      </testcase>
      <testcase name="test_get_daily_pnl_for_ai_context" file="/home/emir/Desktop/sentinentx/tests/Unit/Services/Trading/DailyPnLServiceTest.php" line="134" class="Tests\Unit\Services\Trading\DailyPnLServiceTest" classname="Tests.Unit.Services.Trading.DailyPnLServiceTest" assertions="1" time="0.100130">
        <failure type="PHPUnit\Framework\ExpectationFailedException">Tests\Unit\Services\Trading\DailyPnLServiceTest::test_get_daily_pnl_for_ai_context
Failed asserting that 0.0 matches expected 28.0.

/home/emir/Desktop/sentinentx/tests/Unit/Services/Trading/DailyPnLServiceTest.php:153</failure>
      </testcase>
      <testcase name="test_risk_status_assessment" file="/home/emir/Desktop/sentinentx/tests/Unit/Services/Trading/DailyPnLServiceTest.php" line="161" class="Tests\Unit\Services\Trading\DailyPnLServiceTest" classname="Tests.Unit.Services.Trading.DailyPnLServiceTest" assertions="1" time="0.105376">
        <failure type="PHPUnit\Framework\ExpectationFailedException">Tests\Unit\Services\Trading\DailyPnLServiceTest::test_risk_status_assessment
Failed asserting that two strings are equal.
--- Expected
+++ Actual
@@ @@
-'target_reached'
+'unknown'

/home/emir/Desktop/sentinentx/tests/Unit/Services/Trading/DailyPnLServiceTest.php:178</failure>
      </testcase>
      <testcase name="test_compares_against_daily_target" file="/home/emir/Desktop/sentinentx/tests/Unit/Services/Trading/DailyPnLServiceTest.php" line="110" class="Tests\Unit\Services\Trading\DailyPnLServiceTest" classname="Tests.Unit.Services.Trading.DailyPnLServiceTest" assertions="0" time="0.110926">
        <error type="ErrorException">Tests\Unit\Services\Trading\DailyPnLServiceTest::test_compares_against_daily_target
ErrorException: Undefined array key "daily_target_pct"

/home/emir/Desktop/sentinentx/vendor/laravel/framework/src/Illuminate/Foundation/Bootstrap/HandleExceptions.php:258
/home/emir/Desktop/sentinentx/tests/Unit/Services/Trading/DailyPnLServiceTest.php:129</error>
      </testcase>
    </testsuite>
    <testsuite name="Tests\Unit\AiLogTest" file="/home/emir/Desktop/sentinentx/tests/Unit/AiLogTest.php" tests="20" assertions="38" errors="0" failures="0" skipped="0" time="0.038740">
      <testcase name="test_ai_log_cycle_tracking" file="/home/emir/Desktop/sentinentx/tests/Unit/AiLogTest.php" line="47" class="Tests\Unit\AiLogTest" classname="Tests.Unit.AiLogTest" assertions="1" time="0.028110"/>
      <testcase name="test_ai_log_raw_output_array_cast" file="/home/emir/Desktop/sentinentx/tests/Unit/AiLogTest.php" line="119" class="Tests\Unit\AiLogTest" classname="Tests.Unit.AiLogTest" assertions="1" time="0.000452"/>
      <testcase name="test_ai_log_saas_observability_ready" file="/home/emir/Desktop/sentinentx/tests/Unit/AiLogTest.php" line="227" class="Tests\Unit\AiLogTest" classname="Tests.Unit.AiLogTest" assertions="5" time="0.000446"/>
      <testcase name="test_ai_log_fillable_attributes" file="/home/emir/Desktop/sentinentx/tests/Unit/AiLogTest.php" line="13" class="Tests\Unit\AiLogTest" classname="Tests.Unit.AiLogTest" assertions="1" time="0.000438"/>
      <testcase name="test_ai_log_data_integrity" file="/home/emir/Desktop/sentinentx/tests/Unit/AiLogTest.php" line="213" class="Tests\Unit\AiLogTest" classname="Tests.Unit.AiLogTest" assertions="2" time="0.000448"/>
      <testcase name="test_ai_log_ai_provider_audit_ready" file="/home/emir/Desktop/sentinentx/tests/Unit/AiLogTest.php" line="128" class="Tests\Unit\AiLogTest" classname="Tests.Unit.AiLogTest" assertions="4" time="0.000482"/>
      <testcase name="test_ai_log_reason_tracking" file="/home/emir/Desktop/sentinentx/tests/Unit/AiLogTest.php" line="101" class="Tests\Unit\AiLogTest" classname="Tests.Unit.AiLogTest" assertions="1" time="0.000505"/>
      <testcase name="test_ai_log_input_context_array_cast" file="/home/emir/Desktop/sentinentx/tests/Unit/AiLogTest.php" line="110" class="Tests\Unit\AiLogTest" classname="Tests.Unit.AiLogTest" assertions="1" time="0.000951"/>
      <testcase name="test_ai_log_analytics_ready" file="/home/emir/Desktop/sentinentx/tests/Unit/AiLogTest.php" line="184" class="Tests\Unit\AiLogTest" classname="Tests.Unit.AiLogTest" assertions="4" time="0.000634"/>
      <testcase name="test_ai_log_input_context" file="/home/emir/Desktop/sentinentx/tests/Unit/AiLogTest.php" line="74" class="Tests\Unit\AiLogTest" classname="Tests.Unit.AiLogTest" assertions="1" time="0.000514"/>
      <testcase name="test_ai_log_model_structure" file="/home/emir/Desktop/sentinentx/tests/Unit/AiLogTest.php" line="201" class="Tests\Unit\AiLogTest" classname="Tests.Unit.AiLogTest" assertions="2" time="0.000655"/>
      <testcase name="test_ai_log_trading_attributes" file="/home/emir/Desktop/sentinentx/tests/Unit/AiLogTest.php" line="36" class="Tests\Unit\AiLogTest" classname="Tests.Unit.AiLogTest" assertions="3" time="0.000735"/>
      <testcase name="test_ai_log_performance_monitoring_ready" file="/home/emir/Desktop/sentinentx/tests/Unit/AiLogTest.php" line="158" class="Tests\Unit\AiLogTest" classname="Tests.Unit.AiLogTest" assertions="1" time="0.000712"/>
      <testcase name="test_ai_log_trading_cycle_ready" file="/home/emir/Desktop/sentinentx/tests/Unit/AiLogTest.php" line="145" class="Tests\Unit\AiLogTest" classname="Tests.Unit.AiLogTest" assertions="2" time="0.000474"/>
      <testcase name="test_ai_log_stage_tracking" file="/home/emir/Desktop/sentinentx/tests/Unit/AiLogTest.php" line="65" class="Tests\Unit\AiLogTest" classname="Tests.Unit.AiLogTest" assertions="1" time="0.000568"/>
      <testcase name="test_ai_log_raw_output" file="/home/emir/Desktop/sentinentx/tests/Unit/AiLogTest.php" line="83" class="Tests\Unit\AiLogTest" classname="Tests.Unit.AiLogTest" assertions="1" time="0.000608"/>
      <testcase name="test_ai_log_debugging_ready" file="/home/emir/Desktop/sentinentx/tests/Unit/AiLogTest.php" line="170" class="Tests\Unit\AiLogTest" classname="Tests.Unit.AiLogTest" assertions="3" time="0.000448"/>
      <testcase name="test_ai_log_casts" file="/home/emir/Desktop/sentinentx/tests/Unit/AiLogTest.php" line="26" class="Tests\Unit\AiLogTest" classname="Tests.Unit.AiLogTest" assertions="2" time="0.000574"/>
      <testcase name="test_ai_log_performance_tracking" file="/home/emir/Desktop/sentinentx/tests/Unit/AiLogTest.php" line="92" class="Tests\Unit\AiLogTest" classname="Tests.Unit.AiLogTest" assertions="1" time="0.000426"/>
      <testcase name="test_ai_log_provider_tracking" file="/home/emir/Desktop/sentinentx/tests/Unit/AiLogTest.php" line="56" class="Tests\Unit\AiLogTest" classname="Tests.Unit.AiLogTest" assertions="1" time="0.000559"/>
    </testsuite>
    <testsuite name="Tests\Unit\AiDecisionTest" file="/home/emir/Desktop/sentinentx/tests/Unit/AiDecisionTest.php" tests="20" assertions="79" errors="0" failures="0" skipped="0" time="0.045357">
      <testcase name="test_ai_decision_to_array_method" file="/home/emir/Desktop/sentinentx/tests/Unit/AiDecisionTest.php" line="135" class="Tests\Unit\AiDecisionTest" classname="Tests.Unit.AiDecisionTest" assertions="1" time="0.034393"/>
      <testcase name="test_ai_decision_edge_case_confidence_zero" file="/home/emir/Desktop/sentinentx/tests/Unit/AiDecisionTest.php" line="209" class="Tests\Unit\AiDecisionTest" classname="Tests.Unit.AiDecisionTest" assertions="1" time="0.000419"/>
      <testcase name="test_ai_decision_constants" file="/home/emir/Desktop/sentinentx/tests/Unit/AiDecisionTest.php" line="198" class="Tests\Unit\AiDecisionTest" classname="Tests.Unit.AiDecisionTest" assertions="6" time="0.000499"/>
      <testcase name="test_ai_decision_invalid_action_throws_exception" file="/home/emir/Desktop/sentinentx/tests/Unit/AiDecisionTest.php" line="50" class="Tests\Unit\AiDecisionTest" classname="Tests.Unit.AiDecisionTest" assertions="2" time="0.000738"/>
      <testcase name="test_ai_decision_from_array_method" file="/home/emir/Desktop/sentinentx/tests/Unit/AiDecisionTest.php" line="95" class="Tests\Unit\AiDecisionTest" classname="Tests.Unit.AiDecisionTest" assertions="7" time="0.000441"/>
      <testcase name="test_ai_decision_edge_case_qty_delta_factor_boundaries" file="/home/emir/Desktop/sentinentx/tests/Unit/AiDecisionTest.php" line="225" class="Tests\Unit\AiDecisionTest" classname="Tests.Unit.AiDecisionTest" assertions="2" time="0.000440"/>
      <testcase name="test_ai_decision_constructor_with_valid_parameters" file="/home/emir/Desktop/sentinentx/tests/Unit/AiDecisionTest.php" line="14" class="Tests\Unit\AiDecisionTest" classname="Tests.Unit.AiDecisionTest" assertions="7" time="0.000882"/>
      <testcase name="test_ai_decision_qty_delta_factor_above_one_throws_exception" file="/home/emir/Desktop/sentinentx/tests/Unit/AiDecisionTest.php" line="86" class="Tests\Unit\AiDecisionTest" classname="Tests.Unit.AiDecisionTest" assertions="2" time="0.000849"/>
      <testcase name="test_ai_decision_qty_delta_factor_below_minus_one_throws_exception" file="/home/emir/Desktop/sentinentx/tests/Unit/AiDecisionTest.php" line="77" class="Tests\Unit\AiDecisionTest" classname="Tests.Unit.AiDecisionTest" assertions="2" time="0.000983"/>
      <testcase name="test_ai_decision_edge_case_confidence_hundred" file="/home/emir/Desktop/sentinentx/tests/Unit/AiDecisionTest.php" line="217" class="Tests\Unit\AiDecisionTest" classname="Tests.Unit.AiDecisionTest" assertions="1" time="0.000638"/>
      <testcase name="test_ai_decision_action_normalization" file="/home/emir/Desktop/sentinentx/tests/Unit/AiDecisionTest.php" line="177" class="Tests\Unit\AiDecisionTest" classname="Tests.Unit.AiDecisionTest" assertions="8" time="0.000519"/>
      <testcase name="test_ai_decision_confidence_below_zero_throws_exception" file="/home/emir/Desktop/sentinentx/tests/Unit/AiDecisionTest.php" line="59" class="Tests\Unit\AiDecisionTest" classname="Tests.Unit.AiDecisionTest" assertions="2" time="0.000595"/>
      <testcase name="test_ai_decision_with_minimal_parameters" file="/home/emir/Desktop/sentinentx/tests/Unit/AiDecisionTest.php" line="36" class="Tests\Unit\AiDecisionTest" classname="Tests.Unit.AiDecisionTest" assertions="7" time="0.000464"/>
      <testcase name="test_ai_decision_action_uppercase_conversion" file="/home/emir/Desktop/sentinentx/tests/Unit/AiDecisionTest.php" line="28" class="Tests\Unit\AiDecisionTest" classname="Tests.Unit.AiDecisionTest" assertions="1" time="0.000440"/>
      <testcase name="test_ai_decision_immutable_structure" file="/home/emir/Desktop/sentinentx/tests/Unit/AiDecisionTest.php" line="252" class="Tests\Unit\AiDecisionTest" classname="Tests.Unit.AiDecisionTest" assertions="8" time="0.000597"/>
      <testcase name="test_ai_decision_saas_api_ready" file="/home/emir/Desktop/sentinentx/tests/Unit/AiDecisionTest.php" line="235" class="Tests\Unit\AiDecisionTest" classname="Tests.Unit.AiDecisionTest" assertions="7" time="0.000440"/>
      <testcase name="test_ai_decision_confidence_above_hundred_throws_exception" file="/home/emir/Desktop/sentinentx/tests/Unit/AiDecisionTest.php" line="68" class="Tests\Unit\AiDecisionTest" classname="Tests.Unit.AiDecisionTest" assertions="2" time="0.000651"/>
      <testcase name="test_ai_decision_is_no_trade_methods" file="/home/emir/Desktop/sentinentx/tests/Unit/AiDecisionTest.php" line="165" class="Tests\Unit\AiDecisionTest" classname="Tests.Unit.AiDecisionTest" assertions="3" time="0.000423"/>
      <testcase name="test_ai_decision_is_open_intent_methods" file="/home/emir/Desktop/sentinentx/tests/Unit/AiDecisionTest.php" line="153" class="Tests\Unit\AiDecisionTest" classname="Tests.Unit.AiDecisionTest" assertions="3" time="0.000432"/>
      <testcase name="test_ai_decision_from_array_with_defaults" file="/home/emir/Desktop/sentinentx/tests/Unit/AiDecisionTest.php" line="119" class="Tests\Unit\AiDecisionTest" classname="Tests.Unit.AiDecisionTest" assertions="7" time="0.000515"/>
    </testsuite>
    <testsuite name="Tests\Unit\SubscriptionTest" file="/home/emir/Desktop/sentinentx/tests/Unit/SubscriptionTest.php" tests="9" assertions="20" errors="0" failures="0" skipped="0" time="0.043311">
      <testcase name="test_subscription_saas_billing_fields" file="/home/emir/Desktop/sentinentx/tests/Unit/SubscriptionTest.php" line="48" class="Tests\Unit\SubscriptionTest" classname="Tests.Unit.SubscriptionTest" assertions="5" time="0.037143"/>
      <testcase name="test_subscription_has_scope_methods" file="/home/emir/Desktop/sentinentx/tests/Unit/SubscriptionTest.php" line="61" class="Tests\Unit\SubscriptionTest" classname="Tests.Unit.SubscriptionTest" assertions="2" time="0.000495"/>
      <testcase name="test_subscription_meta_field_for_extensibility" file="/home/emir/Desktop/sentinentx/tests/Unit/SubscriptionTest.php" line="81" class="Tests\Unit\SubscriptionTest" classname="Tests.Unit.SubscriptionTest" assertions="2" time="0.000828"/>
      <testcase name="test_subscription_fillable_attributes" file="/home/emir/Desktop/sentinentx/tests/Unit/SubscriptionTest.php" line="21" class="Tests\Unit\SubscriptionTest" classname="Tests.Unit.SubscriptionTest" assertions="1" time="0.001006"/>
      <testcase name="test_subscription_casts" file="/home/emir/Desktop/sentinentx/tests/Unit/SubscriptionTest.php" line="38" class="Tests\Unit\SubscriptionTest" classname="Tests.Unit.SubscriptionTest" assertions="3" time="0.001147"/>
      <testcase name="test_subscription_has_correct_table_name" file="/home/emir/Desktop/sentinentx/tests/Unit/SubscriptionTest.php" line="13" class="Tests\Unit\SubscriptionTest" classname="Tests.Unit.SubscriptionTest" assertions="1" time="0.001025"/>
      <testcase name="test_subscription_has_relationship_methods" file="/home/emir/Desktop/sentinentx/tests/Unit/SubscriptionTest.php" line="71" class="Tests\Unit\SubscriptionTest" classname="Tests.Unit.SubscriptionTest" assertions="2" time="0.000643"/>
      <testcase name="test_subscription_datetime_fields_cast" file="/home/emir/Desktop/sentinentx/tests/Unit/SubscriptionTest.php" line="91" class="Tests\Unit\SubscriptionTest" classname="Tests.Unit.SubscriptionTest" assertions="2" time="0.000522"/>
      <testcase name="test_subscription_model_structure" file="/home/emir/Desktop/sentinentx/tests/Unit/SubscriptionTest.php" line="101" class="Tests\Unit\SubscriptionTest" classname="Tests.Unit.SubscriptionTest" assertions="2" time="0.000503"/>
    </testsuite>
    <testsuite name="Tests\Unit\TelegramNotifierTest" file="/home/emir/Desktop/sentinentx/tests/Unit/TelegramNotifierTest.php" tests="23" assertions="23" errors="0" failures="0" skipped="0" time="0.029292">
      <testcase name="test_telegram_notifier_config_validation_ready" file="/home/emir/Desktop/sentinentx/tests/Unit/TelegramNotifierTest.php" line="145" class="Tests\Unit\TelegramNotifierTest" classname="Tests.Unit.TelegramNotifierTest" assertions="1" time="0.018086"/>
      <testcase name="test_telegram_notifier_saas_ready" file="/home/emir/Desktop/sentinentx/tests/Unit/TelegramNotifierTest.php" line="68" class="Tests\Unit\TelegramNotifierTest" classname="Tests.Unit.TelegramNotifierTest" assertions="1" time="0.000619"/>
      <testcase name="test_telegram_notifier_exception_suppression_ready" file="/home/emir/Desktop/sentinentx/tests/Unit/TelegramNotifierTest.php" line="138" class="Tests\Unit\TelegramNotifierTest" classname="Tests.Unit.TelegramNotifierTest" assertions="1" time="0.000451"/>
      <testcase name="test_telegram_notifier_logging_levels_ready" file="/home/emir/Desktop/sentinentx/tests/Unit/TelegramNotifierTest.php" line="166" class="Tests\Unit\TelegramNotifierTest" classname="Tests.Unit.TelegramNotifierTest" assertions="1" time="0.000430"/>
      <testcase name="test_telegram_notifier_constructor" file="/home/emir/Desktop/sentinentx/tests/Unit/TelegramNotifierTest.php" line="12" class="Tests\Unit\TelegramNotifierTest" classname="Tests.Unit.TelegramNotifierTest" assertions="1" time="0.000401"/>
      <testcase name="test_telegram_notifier_chat_id_property_type" file="/home/emir/Desktop/sentinentx/tests/Unit/TelegramNotifierTest.php" line="47" class="Tests\Unit\TelegramNotifierTest" classname="Tests.Unit.TelegramNotifierTest" assertions="1" time="0.000426"/>
      <testcase name="test_telegram_notifier_notify_method_signature" file="/home/emir/Desktop/sentinentx/tests/Unit/TelegramNotifierTest.php" line="26" class="Tests\Unit\TelegramNotifierTest" classname="Tests.Unit.TelegramNotifierTest" assertions="1" time="0.000398"/>
      <testcase name="test_telegram_notifier_response_handling_ready" file="/home/emir/Desktop/sentinentx/tests/Unit/TelegramNotifierTest.php" line="159" class="Tests\Unit\TelegramNotifierTest" classname="Tests.Unit.TelegramNotifierTest" assertions="1" time="0.000428"/>
      <testcase name="test_telegram_notifier_configuration_ready" file="/home/emir/Desktop/sentinentx/tests/Unit/TelegramNotifierTest.php" line="82" class="Tests\Unit\TelegramNotifierTest" classname="Tests.Unit.TelegramNotifierTest" assertions="1" time="0.000424"/>
      <testcase name="test_telegram_notifier_model_structure" file="/home/emir/Desktop/sentinentx/tests/Unit/TelegramNotifierTest.php" line="61" class="Tests\Unit\TelegramNotifierTest" classname="Tests.Unit.TelegramNotifierTest" assertions="1" time="0.000431"/>
      <testcase name="test_telegram_notifier_token_property_type" file="/home/emir/Desktop/sentinentx/tests/Unit/TelegramNotifierTest.php" line="40" class="Tests\Unit\TelegramNotifierTest" classname="Tests.Unit.TelegramNotifierTest" assertions="1" time="0.000894"/>
      <testcase name="test_telegram_notifier_error_handling_ready" file="/home/emir/Desktop/sentinentx/tests/Unit/TelegramNotifierTest.php" line="89" class="Tests\Unit\TelegramNotifierTest" classname="Tests.Unit.TelegramNotifierTest" assertions="1" time="0.000979"/>
      <testcase name="test_telegram_notifier_timeout_handling_ready" file="/home/emir/Desktop/sentinentx/tests/Unit/TelegramNotifierTest.php" line="110" class="Tests\Unit\TelegramNotifierTest" classname="Tests.Unit.TelegramNotifierTest" assertions="1" time="0.000490"/>
      <testcase name="test_telegram_notifier_logging_ready" file="/home/emir/Desktop/sentinentx/tests/Unit/TelegramNotifierTest.php" line="96" class="Tests\Unit\TelegramNotifierTest" classname="Tests.Unit.TelegramNotifierTest" assertions="1" time="0.000461"/>
      <testcase name="test_telegram_notifier_constructor_initialization" file="/home/emir/Desktop/sentinentx/tests/Unit/TelegramNotifierTest.php" line="54" class="Tests\Unit\TelegramNotifierTest" classname="Tests.Unit.TelegramNotifierTest" assertions="1" time="0.000552"/>
      <testcase name="test_telegram_notifier_web_page_preview_ready" file="/home/emir/Desktop/sentinentx/tests/Unit/TelegramNotifierTest.php" line="131" class="Tests\Unit\TelegramNotifierTest" classname="Tests.Unit.TelegramNotifierTest" assertions="1" time="0.000410"/>
      <testcase name="test_telegram_notifier_has_private_properties" file="/home/emir/Desktop/sentinentx/tests/Unit/TelegramNotifierTest.php" line="33" class="Tests\Unit\TelegramNotifierTest" classname="Tests.Unit.TelegramNotifierTest" assertions="1" time="0.000620"/>
      <testcase name="test_telegram_notifier_html_parsing_ready" file="/home/emir/Desktop/sentinentx/tests/Unit/TelegramNotifierTest.php" line="124" class="Tests\Unit\TelegramNotifierTest" classname="Tests.Unit.TelegramNotifierTest" assertions="1" time="0.000401"/>
      <testcase name="test_telegram_notifier_http_integration_ready" file="/home/emir/Desktop/sentinentx/tests/Unit/TelegramNotifierTest.php" line="103" class="Tests\Unit\TelegramNotifierTest" classname="Tests.Unit.TelegramNotifierTest" assertions="1" time="0.000427"/>
      <testcase name="test_telegram_notifier_form_data_ready" file="/home/emir/Desktop/sentinentx/tests/Unit/TelegramNotifierTest.php" line="117" class="Tests\Unit\TelegramNotifierTest" classname="Tests.Unit.TelegramNotifierTest" assertions="1" time="0.000551"/>
      <testcase name="test_telegram_notifier_notification_ready" file="/home/emir/Desktop/sentinentx/tests/Unit/TelegramNotifierTest.php" line="75" class="Tests\Unit\TelegramNotifierTest" classname="Tests.Unit.TelegramNotifierTest" assertions="1" time="0.000431"/>
      <testcase name="test_telegram_notifier_has_notify_method" file="/home/emir/Desktop/sentinentx/tests/Unit/TelegramNotifierTest.php" line="19" class="Tests\Unit\TelegramNotifierTest" classname="Tests.Unit.TelegramNotifierTest" assertions="1" time="0.000538"/>
      <testcase name="test_telegram_notifier_url_construction_ready" file="/home/emir/Desktop/sentinentx/tests/Unit/TelegramNotifierTest.php" line="152" class="Tests\Unit\TelegramNotifierTest" classname="Tests.Unit.TelegramNotifierTest" assertions="1" time="0.000443"/>
    </testsuite>
    <testsuite name="Tests\Unit\AiProviderTest" file="/home/emir/Desktop/sentinentx/tests/Unit/AiProviderTest.php" tests="7" assertions="18" errors="0" failures="0" skipped="0" time="0.041918">
      <testcase name="test_ai_provider_saas_cost_tracking" file="/home/emir/Desktop/sentinentx/tests/Unit/AiProviderTest.php" line="51" class="Tests\Unit\AiProviderTest" classname="Tests.Unit.AiProviderTest" assertions="4" time="0.038064"/>
      <testcase name="test_ai_provider_meta_configuration" file="/home/emir/Desktop/sentinentx/tests/Unit/AiProviderTest.php" line="63" class="Tests\Unit\AiProviderTest" classname="Tests.Unit.AiProviderTest" assertions="2" time="0.000485"/>
      <testcase name="test_ai_provider_model_attributes" file="/home/emir/Desktop/sentinentx/tests/Unit/AiProviderTest.php" line="38" class="Tests\Unit\AiProviderTest" classname="Tests.Unit.AiProviderTest" assertions="5" time="0.000658"/>
      <testcase name="test_ai_provider_has_correct_fillable_attributes" file="/home/emir/Desktop/sentinentx/tests/Unit/AiProviderTest.php" line="13" class="Tests\Unit\AiProviderTest" classname="Tests.Unit.AiProviderTest" assertions="1" time="0.001017"/>
      <testcase name="test_ai_provider_weight_precision" file="/home/emir/Desktop/sentinentx/tests/Unit/AiProviderTest.php" line="73" class="Tests\Unit\AiProviderTest" classname="Tests.Unit.AiProviderTest" assertions="1" time="0.000753"/>
      <testcase name="test_ai_provider_casts_are_correct" file="/home/emir/Desktop/sentinentx/tests/Unit/AiProviderTest.php" line="26" class="Tests\Unit\AiProviderTest" classname="Tests.Unit.AiProviderTest" assertions="4" time="0.000486"/>
      <testcase name="test_ai_provider_cost_precision" file="/home/emir/Desktop/sentinentx/tests/Unit/AiProviderTest.php" line="82" class="Tests\Unit\AiProviderTest" classname="Tests.Unit.AiProviderTest" assertions="1" time="0.000455"/>
    </testsuite>
    <testsuite name="Tests\Unit\ImCapServiceTest" file="/home/emir/Desktop/sentinentx/tests/Unit/ImCapServiceTest.php" tests="8" assertions="23" errors="0" failures="0" skipped="2" time="0.646078">
      <testcase name="test_calculate_im_cap_high_risk_band" file="/home/emir/Desktop/sentinentx/tests/Unit/ImCapServiceTest.php" line="49" class="Tests\Unit\ImCapServiceTest" classname="Tests.Unit.ImCapServiceTest" assertions="4" time="0.099177"/>
      <testcase name="test_clamp_leverage" file="/home/emir/Desktop/sentinentx/tests/Unit/ImCapServiceTest.php" line="63" class="Tests\Unit\ImCapServiceTest" classname="Tests.Unit.ImCapServiceTest" assertions="0" time="0.076522">
        <skipped/>
      </testcase>
      <testcase name="test_edge_cases" file="/home/emir/Desktop/sentinentx/tests/Unit/ImCapServiceTest.php" line="110" class="Tests\Unit\ImCapServiceTest" classname="Tests.Unit.ImCapServiceTest" assertions="4" time="0.076763"/>
      <testcase name="test_calculate_im_cap_low_risk_band" file="/home/emir/Desktop/sentinentx/tests/Unit/ImCapServiceTest.php" line="20" class="Tests\Unit\ImCapServiceTest" classname="Tests.Unit.ImCapServiceTest" assertions="5" time="0.076749"/>
      <testcase name="test_calculate_im_increment" file="/home/emir/Desktop/sentinentx/tests/Unit/ImCapServiceTest.php" line="79" class="Tests\Unit\ImCapServiceTest" classname="Tests.Unit.ImCapServiceTest" assertions="0" time="0.080029">
        <skipped/>
      </testcase>
      <testcase name="test_calculate_position_size" file="/home/emir/Desktop/sentinentx/tests/Unit/ImCapServiceTest.php" line="87" class="Tests\Unit\ImCapServiceTest" classname="Tests.Unit.ImCapServiceTest" assertions="5" time="0.076371"/>
      <testcase name="test_calculate_notional_cap" file="/home/emir/Desktop/sentinentx/tests/Unit/ImCapServiceTest.php" line="69" class="Tests\Unit\ImCapServiceTest" classname="Tests.Unit.ImCapServiceTest" assertions="1" time="0.080802"/>
      <testcase name="test_calculate_im_cap_medium_risk_band" file="/home/emir/Desktop/sentinentx/tests/Unit/ImCapServiceTest.php" line="35" class="Tests\Unit\ImCapServiceTest" classname="Tests.Unit.ImCapServiceTest" assertions="4" time="0.079666"/>
    </testsuite>
    <testsuite name="Tests\Unit\OcoServiceTest" file="/home/emir/Desktop/sentinentx/tests/Unit/OcoServiceTest.php" tests="11" assertions="32" errors="0" failures="0" skipped="0" time="1.222047">
      <testcase name="test_cancel_oco_failure" file="/home/emir/Desktop/sentinentx/tests/Unit/OcoServiceTest.php" line="166" class="Tests\Unit\OcoServiceTest" classname="Tests.Unit.OcoServiceTest" assertions="1" time="0.112718"/>
      <testcase name="test_setup_oco_with_retry_success_on_first_attempt" file="/home/emir/Desktop/sentinentx/tests/Unit/OcoServiceTest.php" line="73" class="Tests\Unit\OcoServiceTest" classname="Tests.Unit.OcoServiceTest" assertions="3" time="0.074029"/>
      <testcase name="test_check_oco_status_failure" file="/home/emir/Desktop/sentinentx/tests/Unit/OcoServiceTest.php" line="197" class="Tests\Unit\OcoServiceTest" classname="Tests.Unit.OcoServiceTest" assertions="2" time="0.078479"/>
      <testcase name="test_oco_parameters_correctness" file="/home/emir/Desktop/sentinentx/tests/Unit/OcoServiceTest.php" line="235" class="Tests\Unit\OcoServiceTest" classname="Tests.Unit.OcoServiceTest" assertions="3" time="0.082423"/>
      <testcase name="test_setup_oco_success" file="/home/emir/Desktop/sentinentx/tests/Unit/OcoServiceTest.php" line="26" class="Tests\Unit\OcoServiceTest" classname="Tests.Unit.OcoServiceTest" assertions="4" time="0.075558"/>
      <testcase name="test_setup_oco_with_retry_failure_after_all_attempts" file="/home/emir/Desktop/sentinentx/tests/Unit/OcoServiceTest.php" line="127" class="Tests\Unit\OcoServiceTest" classname="Tests.Unit.OcoServiceTest" assertions="4" time="0.212213"/>
      <testcase name="test_relink_oco" file="/home/emir/Desktop/sentinentx/tests/Unit/OcoServiceTest.php" line="211" class="Tests\Unit\OcoServiceTest" classname="Tests.Unit.OcoServiceTest" assertions="3" time="0.107218"/>
      <testcase name="test_setup_oco_with_retry_success_on_second_attempt" file="/home/emir/Desktop/sentinentx/tests/Unit/OcoServiceTest.php" line="97" class="Tests\Unit\OcoServiceTest" classname="Tests.Unit.OcoServiceTest" assertions="3" time="0.138902"/>
      <testcase name="test_check_oco_status_success" file="/home/emir/Desktop/sentinentx/tests/Unit/OcoServiceTest.php" line="179" class="Tests\Unit\OcoServiceTest" classname="Tests.Unit.OcoServiceTest" assertions="3" time="0.090169"/>
      <testcase name="test_cancel_oco_success" file="/home/emir/Desktop/sentinentx/tests/Unit/OcoServiceTest.php" line="149" class="Tests\Unit\OcoServiceTest" classname="Tests.Unit.OcoServiceTest" assertions="2" time="0.123336"/>
      <testcase name="test_setup_oco_failure" file="/home/emir/Desktop/sentinentx/tests/Unit/OcoServiceTest.php" line="51" class="Tests\Unit\OcoServiceTest" classname="Tests.Unit.OcoServiceTest" assertions="4" time="0.127002"/>
    </testsuite>
    <testsuite name="Tests\Unit\Services\SaaS\TenantManagerTest" file="/home/emir/Desktop/sentinentx/tests/Unit/Services/SaaS/TenantManagerTest.php" tests="4" assertions="6" errors="0" failures="0" skipped="0" time="0.618721">
      <testcase name="test_set_tenant_changes_current_tenant" file="/home/emir/Desktop/sentinentx/tests/Unit/Services/SaaS/TenantManagerTest.php" line="22" class="Tests\Unit\Services\SaaS\TenantManagerTest" classname="Tests.Unit.Services.SaaS.TenantManagerTest" assertions="1" time="0.157072"/>
      <testcase name="test_set_and_get_tenant_works" file="/home/emir/Desktop/sentinentx/tests/Unit/Services/SaaS/TenantManagerTest.php" line="38" class="Tests\Unit\Services\SaaS\TenantManagerTest" classname="Tests.Unit.Services.SaaS.TenantManagerTest" assertions="1" time="0.114211"/>
      <testcase name="test_get_current_tenant_returns_default_initially" file="/home/emir/Desktop/sentinentx/tests/Unit/Services/SaaS/TenantManagerTest.php" line="31" class="Tests\Unit\Services\SaaS\TenantManagerTest" classname="Tests.Unit.Services.SaaS.TenantManagerTest" assertions="1" time="0.185977"/>
      <testcase name="test_tenant_context_isolation" file="/home/emir/Desktop/sentinentx/tests/Unit/Services/SaaS/TenantManagerTest.php" line="48" class="Tests\Unit\Services\SaaS\TenantManagerTest" classname="Tests.Unit.Services.SaaS.TenantManagerTest" assertions="3" time="0.161462"/>
    </testsuite>
    <testsuite name="Tests\Unit\BybitClientTest" file="/home/emir/Desktop/sentinentx/tests/Unit/BybitClientTest.php" tests="6" assertions="20" errors="0" failures="0" skipped="0" time="0.528278">
      <testcase name="test_idempotency_key_generation" file="/home/emir/Desktop/sentinentx/tests/Unit/BybitClientTest.php" line="13" class="Tests\Unit\BybitClientTest" classname="Tests.Unit.BybitClientTest" assertions="4" time="0.091222"/>
      <testcase name="test_idempotency_key_with_options" file="/home/emir/Desktop/sentinentx/tests/Unit/BybitClientTest.php" line="38" class="Tests\Unit\BybitClientTest" classname="Tests.Unit.BybitClientTest" assertions="2" time="0.076016"/>
      <testcase name="test_idempotency_key_uniqueness" file="/home/emir/Desktop/sentinentx/tests/Unit/BybitClientTest.php" line="134" class="Tests\Unit\BybitClientTest" classname="Tests.Unit.BybitClientTest" assertions="7" time="0.078431"/>
      <testcase name="test_idempotency_key_consistency" file="/home/emir/Desktop/sentinentx/tests/Unit/BybitClientTest.php" line="61" class="Tests\Unit\BybitClientTest" classname="Tests.Unit.BybitClientTest" assertions="1" time="0.079557"/>
      <testcase name="test_idempotency_key_in_error_response" file="/home/emir/Desktop/sentinentx/tests/Unit/BybitClientTest.php" line="109" class="Tests\Unit\BybitClientTest" classname="Tests.Unit.BybitClientTest" assertions="2" time="0.127489"/>
      <testcase name="test_create_order_with_idempotency" file="/home/emir/Desktop/sentinentx/tests/Unit/BybitClientTest.php" line="79" class="Tests\Unit\BybitClientTest" classname="Tests.Unit.BybitClientTest" assertions="4" time="0.075562"/>
    </testsuite>
    <testsuite name="Tests\Unit\AiLogCreatorServiceTest" file="/home/emir/Desktop/sentinentx/tests/Unit/AiLogCreatorServiceTest.php" tests="1" assertions="3" errors="0" failures="0" skipped="0" time="0.102624">
      <testcase name="test_log_persists_record" file="/home/emir/Desktop/sentinentx/tests/Unit/AiLogCreatorServiceTest.php" line="15" class="Tests\Unit\AiLogCreatorServiceTest" classname="Tests.Unit.AiLogCreatorServiceTest" assertions="3" time="0.102624"/>
    </testsuite>
    <testsuite name="Tests\Unit\Services\CycleRunnerTest" file="/home/emir/Desktop/sentinentx/tests/Unit/Services/CycleRunnerTest.php" tests="2" assertions="2" errors="0" failures="0" skipped="0" time="0.182807">
      <testcase name="test_cycle_runner_can_be_instantiated" file="/home/emir/Desktop/sentinentx/tests/Unit/Services/CycleRunnerTest.php" line="84" class="Tests\Unit\Services\CycleRunnerTest" classname="Tests.Unit.Services.CycleRunnerTest" assertions="1" time="0.105338"/>
      <testcase name="test_cycle_runner_dependency_injection_works" file="/home/emir/Desktop/sentinentx/tests/Unit/Services/CycleRunnerTest.php" line="89" class="Tests\Unit\Services\CycleRunnerTest" classname="Tests.Unit.Services.CycleRunnerTest" assertions="1" time="0.077469"/>
    </testsuite>
    <testsuite name="Tests\Unit\DataDeletionServiceTest" file="/home/emir/Desktop/sentinentx/tests/Unit/DataDeletionServiceTest.php" tests="11" assertions="0" errors="0" failures="0" skipped="11" time="0.000000">
      <testcase name="deletion_process_handles_complex_crypto_portfolio" file="/home/emir/Desktop/sentinentx/tests/Unit/DataDeletionServiceTest.php" line="109" class="Tests\Unit\DataDeletionServiceTest" classname="Tests.Unit.DataDeletionServiceTest" assertions="0" time="0.000000">
        <skipped/>
      </testcase>
      <testcase name="backup_erasure_marker_is_created" file="/home/emir/Desktop/sentinentx/tests/Unit/DataDeletionServiceTest.php" line="235" class="Tests\Unit\DataDeletionServiceTest" classname="Tests.Unit.DataDeletionServiceTest" assertions="0" time="0.000000">
        <skipped/>
      </testcase>
      <testcase name="deletion_process_respects_user_isolation" file="/home/emir/Desktop/sentinentx/tests/Unit/DataDeletionServiceTest.php" line="85" class="Tests\Unit\DataDeletionServiceTest" classname="Tests.Unit.DataDeletionServiceTest" assertions="0" time="0.000000">
        <skipped/>
      </testcase>
      <testcase name="request_deletion_creates_pending_deletion_record" file="/home/emir/Desktop/sentinentx/tests/Unit/DataDeletionServiceTest.php" line="36" class="Tests\Unit\DataDeletionServiceTest" classname="Tests.Unit.DataDeletionServiceTest" assertions="0" time="0.000000">
        <skipped/>
      </testcase>
      <testcase name="deletion_handles_missing_user_gracefully" file="/home/emir/Desktop/sentinentx/tests/Unit/DataDeletionServiceTest.php" line="219" class="Tests\Unit\DataDeletionServiceTest" classname="Tests.Unit.DataDeletionServiceTest" assertions="0" time="0.000000">
        <skipped/>
      </testcase>
      <testcase name="cancel_deletion_removes_pending_request" file="/home/emir/Desktop/sentinentx/tests/Unit/DataDeletionServiceTest.php" line="154" class="Tests\Unit\DataDeletionServiceTest" classname="Tests.Unit.DataDeletionServiceTest" assertions="0" time="0.000000">
        <skipped/>
      </testcase>
      <testcase name="sensitive_financial_data_is_properly_deleted" file="/home/emir/Desktop/sentinentx/tests/Unit/DataDeletionServiceTest.php" line="261" class="Tests\Unit\DataDeletionServiceTest" classname="Tests.Unit.DataDeletionServiceTest" assertions="0" time="0.000000">
        <skipped/>
      </testcase>
      <testcase name="immediate_deletion_removes_all_crypto_trading_data" file="/home/emir/Desktop/sentinentx/tests/Unit/DataDeletionServiceTest.php" line="60" class="Tests\Unit\DataDeletionServiceTest" classname="Tests.Unit.DataDeletionServiceTest" assertions="0" time="0.000000">
        <skipped/>
      </testcase>
      <testcase name="get_deletion_status_returns_correct_information" file="/home/emir/Desktop/sentinentx/tests/Unit/DataDeletionServiceTest.php" line="134" class="Tests\Unit\DataDeletionServiceTest" classname="Tests.Unit.DataDeletionServiceTest" assertions="0" time="0.000000">
        <skipped/>
      </testcase>
      <testcase name="deletion_creates_audit_trail" file="/home/emir/Desktop/sentinentx/tests/Unit/DataDeletionServiceTest.php" line="190" class="Tests\Unit\DataDeletionServiceTest" classname="Tests.Unit.DataDeletionServiceTest" assertions="0" time="0.000000">
        <skipped/>
      </testcase>
      <testcase name="cannot_cancel_completed_deletion" file="/home/emir/Desktop/sentinentx/tests/Unit/DataDeletionServiceTest.php" line="175" class="Tests\Unit\DataDeletionServiceTest" classname="Tests.Unit.DataDeletionServiceTest" assertions="0" time="0.000000">
        <skipped/>
      </testcase>
    </testsuite>
    <testsuite name="Tests\Unit\TenantTest" file="/home/emir/Desktop/sentinentx/tests/Unit/TenantTest.php" tests="14" assertions="26" errors="0" failures="0" skipped="0" time="0.032910">
      <testcase name="test_tenant_saas_ready" file="/home/emir/Desktop/sentinentx/tests/Unit/TenantTest.php" line="106" class="Tests\Unit\TenantTest" classname="Tests.Unit.TenantTest" assertions="5" time="0.024927"/>
      <testcase name="test_tenant_saas_multi_tenancy_fields" file="/home/emir/Desktop/sentinentx/tests/Unit/TenantTest.php" line="47" class="Tests\Unit\TenantTest" classname="Tests.Unit.TenantTest" assertions="3" time="0.000471"/>
      <testcase name="test_tenant_billing_ready" file="/home/emir/Desktop/sentinentx/tests/Unit/TenantTest.php" line="126" class="Tests\Unit\TenantTest" classname="Tests.Unit.TenantTest" assertions="2" time="0.000459"/>
      <testcase name="test_tenant_configuration_fields" file="/home/emir/Desktop/sentinentx/tests/Unit/TenantTest.php" line="58" class="Tests\Unit\TenantTest" classname="Tests.Unit.TenantTest" assertions="2" time="0.000425"/>
      <testcase name="test_tenant_has_scope_methods" file="/home/emir/Desktop/sentinentx/tests/Unit/TenantTest.php" line="68" class="Tests\Unit\TenantTest" classname="Tests.Unit.TenantTest" assertions="2" time="0.000461"/>
      <testcase name="test_tenant_model_structure" file="/home/emir/Desktop/sentinentx/tests/Unit/TenantTest.php" line="136" class="Tests\Unit\TenantTest" classname="Tests.Unit.TenantTest" assertions="2" time="0.000423"/>
      <testcase name="test_tenant_has_relationship_methods" file="/home/emir/Desktop/sentinentx/tests/Unit/TenantTest.php" line="78" class="Tests\Unit\TenantTest" classname="Tests.Unit.TenantTest" assertions="2" time="0.000452"/>
      <testcase name="test_tenant_meta_array_cast" file="/home/emir/Desktop/sentinentx/tests/Unit/TenantTest.php" line="97" class="Tests\Unit\TenantTest" classname="Tests.Unit.TenantTest" assertions="1" time="0.000626"/>
      <testcase name="test_tenant_has_correct_table_name" file="/home/emir/Desktop/sentinentx/tests/Unit/TenantTest.php" line="13" class="Tests\Unit\TenantTest" classname="Tests.Unit.TenantTest" assertions="1" time="0.001136"/>
      <testcase name="test_tenant_fillable_attributes" file="/home/emir/Desktop/sentinentx/tests/Unit/TenantTest.php" line="21" class="Tests\Unit\TenantTest" classname="Tests.Unit.TenantTest" assertions="1" time="0.000915"/>
      <testcase name="test_tenant_casts" file="/home/emir/Desktop/sentinentx/tests/Unit/TenantTest.php" line="38" class="Tests\Unit\TenantTest" classname="Tests.Unit.TenantTest" assertions="2" time="0.000564"/>
      <testcase name="test_tenant_settings_array_cast" file="/home/emir/Desktop/sentinentx/tests/Unit/TenantTest.php" line="88" class="Tests\Unit\TenantTest" classname="Tests.Unit.TenantTest" assertions="1" time="0.000475"/>
      <testcase name="test_tenant_domain_scoping_method" file="/home/emir/Desktop/sentinentx/tests/Unit/TenantTest.php" line="151" class="Tests\Unit\TenantTest" classname="Tests.Unit.TenantTest" assertions="1" time="0.000707"/>
      <testcase name="test_tenant_active_scoping_method" file="/home/emir/Desktop/sentinentx/tests/Unit/TenantTest.php" line="160" class="Tests\Unit\TenantTest" classname="Tests.Unit.TenantTest" assertions="1" time="0.000869"/>
    </testsuite>
    <testsuite name="Tests\Unit\ConsensusServiceTest" file="/home/emir/Desktop/sentinentx/tests/Unit/ConsensusServiceTest.php" tests="54" assertions="161" errors="0" failures="5" skipped="2" time="4.561848">
      <testcase name="test_config_integration" file="/home/emir/Desktop/sentinentx/tests/Unit/ConsensusServiceTest.php" line="215" class="Tests\Unit\ConsensusServiceTest" classname="Tests.Unit.ConsensusServiceTest" assertions="2" time="0.115863"/>
      <testcase name="test_pick_final_method" file="/home/emir/Desktop/sentinentx/tests/Unit/ConsensusServiceTest.php" line="1110" class="Tests\Unit\ConsensusServiceTest" classname="Tests.Unit.ConsensusServiceTest" assertions="2" time="0.078964"/>
      <testcase name="test_log_veto_event_method" file="/home/emir/Desktop/sentinentx/tests/Unit/ConsensusServiceTest.php" line="958" class="Tests\Unit\ConsensusServiceTest" classname="Tests.Unit.ConsensusServiceTest" assertions="1" time="0.083703"/>
      <testcase name="test_get_environment_threshold_method" file="/home/emir/Desktop/sentinentx/tests/Unit/ConsensusServiceTest.php" line="1007" class="Tests\Unit\ConsensusServiceTest" classname="Tests.Unit.ConsensusServiceTest" assertions="3" time="0.083097"/>
      <testcase name="test_decide_method_uncovered_branches" file="/home/emir/Desktop/sentinentx/tests/Unit/ConsensusServiceTest.php" line="1200" class="Tests\Unit\ConsensusServiceTest" classname="Tests.Unit.ConsensusServiceTest" assertions="3" time="0.080523"/>
      <testcase name="test_environment_based_threshold" file="/home/emir/Desktop/sentinentx/tests/Unit/ConsensusServiceTest.php" line="431" class="Tests\Unit\ConsensusServiceTest" classname="Tests.Unit.ConsensusServiceTest" assertions="4" time="0.087511"/>
      <testcase name="test_trimmed_mean_method" file="/home/emir/Desktop/sentinentx/tests/Unit/ConsensusServiceTest.php" line="1145" class="Tests\Unit\ConsensusServiceTest" classname="Tests.Unit.ConsensusServiceTest" assertions="4" time="0.080921"/>
      <testcase name="test_rate_limit_and_circuit_breaker" file="/home/emir/Desktop/sentinentx/tests/Unit/ConsensusServiceTest.php" line="307" class="Tests\Unit\ConsensusServiceTest" classname="Tests.Unit.ConsensusServiceTest" assertions="5" time="0.084444"/>
      <testcase name="test_deviation_veto_take_profit" file="/home/emir/Desktop/sentinentx/tests/Unit/ConsensusServiceTest.php" line="77" class="Tests\Unit\ConsensusServiceTest" classname="Tests.Unit.ConsensusServiceTest" assertions="2" time="0.091980"/>
      <testcase name="test_deviation_veto_leverage" file="/home/emir/Desktop/sentinentx/tests/Unit/ConsensusServiceTest.php" line="58" class="Tests\Unit\ConsensusServiceTest" classname="Tests.Unit.ConsensusServiceTest" assertions="3" time="0.085271"/>
      <testcase name="test_chaotic_extreme_scenario" file="/home/emir/Desktop/sentinentx/tests/Unit/ConsensusServiceTest.php" line="489" class="Tests\Unit\ConsensusServiceTest" classname="Tests.Unit.ConsensusServiceTest" assertions="7" time="0.089730"/>
      <testcase name="test_clamp_helper_method" file="/home/emir/Desktop/sentinentx/tests/Unit/ConsensusServiceTest.php" line="986" class="Tests\Unit\ConsensusServiceTest" classname="Tests.Unit.ConsensusServiceTest" assertions="3" time="0.079120"/>
      <testcase name="test_majority_and_median" file="/home/emir/Desktop/sentinentx/tests/Unit/ConsensusServiceTest.php" line="44" class="Tests\Unit\ConsensusServiceTest" classname="Tests.Unit.ConsensusServiceTest" assertions="2" time="0.094812">
        <failure type="PHPUnit\Framework\ExpectationFailedException">Tests\Unit\ConsensusServiceTest::test_majority_and_median
Failed asserting that 85 is identical to 70.

/home/emir/Desktop/sentinentx/tests/Unit/ConsensusServiceTest.php:54</failure>
      </testcase>
      <testcase name="test_range_validation_leverage_out_of_range" file="/home/emir/Desktop/sentinentx/tests/Unit/ConsensusServiceTest.php" line="378" class="Tests\Unit\ConsensusServiceTest" classname="Tests.Unit.ConsensusServiceTest" assertions="2" time="0.081906"/>
      <testcase name="test_validate_deviations_uncovered_branches" file="/home/emir/Desktop/sentinentx/tests/Unit/ConsensusServiceTest.php" line="1393" class="Tests\Unit\ConsensusServiceTest" classname="Tests.Unit.ConsensusServiceTest" assertions="4" time="0.079006"/>
      <testcase name="test_mathematical_safety" file="/home/emir/Desktop/sentinentx/tests/Unit/ConsensusServiceTest.php" line="146" class="Tests\Unit\ConsensusServiceTest" classname="Tests.Unit.ConsensusServiceTest" assertions="2" time="0.106752"/>
      <testcase name="test_validate_deviations_legacy_method_coverage" file="/home/emir/Desktop/sentinentx/tests/Unit/ConsensusServiceTest.php" line="923" class="Tests\Unit\ConsensusServiceTest" classname="Tests.Unit.ConsensusServiceTest" assertions="4" time="0.077502"/>
      <testcase name="test_deviation_edge_cases" file="/home/emir/Desktop/sentinentx/tests/Unit/ConsensusServiceTest.php" line="117" class="Tests\Unit\ConsensusServiceTest" classname="Tests.Unit.ConsensusServiceTest" assertions="4" time="0.110067"/>
      <testcase name="test_pick_final_tie_break_scenario" file="/home/emir/Desktop/sentinentx/tests/Unit/ConsensusServiceTest.php" line="1672" class="Tests\Unit\ConsensusServiceTest" classname="Tests.Unit.ConsensusServiceTest" assertions="2" time="0.078820"/>
      <testcase name="test_validate_ranges_uncovered_branches" file="/home/emir/Desktop/sentinentx/tests/Unit/ConsensusServiceTest.php" line="1380" class="Tests\Unit\ConsensusServiceTest" classname="Tests.Unit.ConsensusServiceTest" assertions="1" time="0.079993"/>
      <testcase name="test_get_rate_limit_info_method" file="/home/emir/Desktop/sentinentx/tests/Unit/ConsensusServiceTest.php" line="1072" class="Tests\Unit\ConsensusServiceTest" classname="Tests.Unit.ConsensusServiceTest" assertions="4" time="0.075927"/>
      <testcase name="test_database_error_handling_non_testing_environment" file="/home/emir/Desktop/sentinentx/tests/Unit/ConsensusServiceTest.php" line="1563" class="Tests\Unit\ConsensusServiceTest" classname="Tests.Unit.ConsensusServiceTest" assertions="2" time="0.087592"/>
      <testcase name="test_validate_ranges_method" file="/home/emir/Desktop/sentinentx/tests/Unit/ConsensusServiceTest.php" line="815" class="Tests\Unit\ConsensusServiceTest" classname="Tests.Unit.ConsensusServiceTest" assertions="8" time="0.080377"/>
      <testcase name="test_decide_method_multi_symbol_response" file="/home/emir/Desktop/sentinentx/tests/Unit/ConsensusServiceTest.php" line="1488" class="Tests\Unit\ConsensusServiceTest" classname="Tests.Unit.ConsensusServiceTest" assertions="1" time="0.083589">
        <failure type="PHPUnit\Framework\ExpectationFailedException">Tests\Unit\ConsensusServiceTest::test_decide_method_multi_symbol_response
Failed asserting that 'SQLSTATE[22P02]: Invalid text representation: 7 ERROR:  invalid input syntax for type uuid: "test_multi_68af16aef32d1"\n
CONTEXT:  unnamed portal parameter $2 = '...' (Connection: pgsql, SQL: insert into "ai_logs" ("symbol", "cycle_uuid", "provider", "stage", "action", "confidence", "reason", "input_ctx", "raw_output", "created_at", "updated_at") values (BTCUSDT, test_multi_68af16aef32d1, test1, STAGE1, LONG, 80, Test response, {"symbols":["BTCUSDT","ETHUSDT"],"stage":"open","atr":0.02,"price":50000,"cycle_id":"test_multi_68af16aef32d1","current_symbol":"BTCUSDT"}, {"action":"LONG","confidence":80,"stop_loss":null,"take_profit":null,"qty_delta_factor":null,"reason":"Test response","raw":{"leverage":10,"lev":10,"take_profit":null,"stop_loss":null}}, 2025-01-01 00:00:00, 2025-01-01 00:00:00))' [ASCII](length: 799) contains "UNIQUE constraint failed" [ASCII](length: 24).

/home/emir/Desktop/sentinentx/tests/Unit/ConsensusServiceTest.php:1513</failure>
      </testcase>
      <testcase name="test_validate_none_veto_method" file="/home/emir/Desktop/sentinentx/tests/Unit/ConsensusServiceTest.php" line="680" class="Tests\Unit\ConsensusServiceTest" classname="Tests.Unit.ConsensusServiceTest" assertions="6" time="0.077794"/>
      <testcase name="test_validate_advanced_uncovered_branches" file="/home/emir/Desktop/sentinentx/tests/Unit/ConsensusServiceTest.php" line="1251" class="Tests\Unit\ConsensusServiceTest" classname="Tests.Unit.ConsensusServiceTest" assertions="3" time="0.078214"/>
      <testcase name="test_validate_deviations_leverage_deviation" file="/home/emir/Desktop/sentinentx/tests/Unit/ConsensusServiceTest.php" line="1597" class="Tests\Unit\ConsensusServiceTest" classname="Tests.Unit.ConsensusServiceTest" assertions="4" time="0.084533"/>
      <testcase name="test_strict_validation_schema_fail" file="/home/emir/Desktop/sentinentx/tests/Unit/ConsensusServiceTest.php" line="330" class="Tests\Unit\ConsensusServiceTest" classname="Tests.Unit.ConsensusServiceTest" assertions="2" time="0.087640"/>
      <testcase name="test_increment_veto_count_method" file="/home/emir/Desktop/sentinentx/tests/Unit/ConsensusServiceTest.php" line="1090" class="Tests\Unit\ConsensusServiceTest" classname="Tests.Unit.ConsensusServiceTest" assertions="1" time="0.079126"/>
      <testcase name="test_get_dynamic_deviation_threshold_method" file="/home/emir/Desktop/sentinentx/tests/Unit/ConsensusServiceTest.php" line="1039" class="Tests\Unit\ConsensusServiceTest" classname="Tests.Unit.ConsensusServiceTest" assertions="2" time="0.076675"/>
      <testcase name="test_rate_limit_circuit_breaker_integration" file="/home/emir/Desktop/sentinentx/tests/Unit/ConsensusServiceTest.php" line="645" class="Tests\Unit\ConsensusServiceTest" classname="Tests.Unit.ConsensusServiceTest" assertions="4" time="0.078223"/>
      <testcase name="test_validate_deviations_empty_arrays" file="/home/emir/Desktop/sentinentx/tests/Unit/ConsensusServiceTest.php" line="1635" class="Tests\Unit\ConsensusServiceTest" classname="Tests.Unit.ConsensusServiceTest" assertions="2" time="0.079600"/>
      <testcase name="test_decide_method_no_providers" file="/home/emir/Desktop/sentinentx/tests/Unit/ConsensusServiceTest.php" line="1232" class="Tests\Unit\ConsensusServiceTest" classname="Tests.Unit.ConsensusServiceTest" assertions="2" time="0.076206"/>
      <testcase name="test_log_veto_event_uncovered_branches" file="/home/emir/Desktop/sentinentx/tests/Unit/ConsensusServiceTest.php" line="1434" class="Tests\Unit\ConsensusServiceTest" classname="Tests.Unit.ConsensusServiceTest" assertions="1" time="0.081127"/>
      <testcase name="test_chaotic_mixed_veto_scenarios" file="/home/emir/Desktop/sentinentx/tests/Unit/ConsensusServiceTest.php" line="538" class="Tests\Unit\ConsensusServiceTest" classname="Tests.Unit.ConsensusServiceTest" assertions="6" time="0.084228"/>
      <testcase name="test_check_rate_limit_circuit_breaker_uncovered_branches" file="/home/emir/Desktop/sentinentx/tests/Unit/ConsensusServiceTest.php" line="1458" class="Tests\Unit\ConsensusServiceTest" classname="Tests.Unit.ConsensusServiceTest" assertions="1" time="0.098530"/>
      <testcase name="test_median_method" file="/home/emir/Desktop/sentinentx/tests/Unit/ConsensusServiceTest.php" line="1175" class="Tests\Unit\ConsensusServiceTest" classname="Tests.Unit.ConsensusServiceTest" assertions="3" time="0.077874"/>
      <testcase name="test_dynamic_threshold_volatility_based" file="/home/emir/Desktop/sentinentx/tests/Unit/ConsensusServiceTest.php" line="396" class="Tests\Unit\ConsensusServiceTest" classname="Tests.Unit.ConsensusServiceTest" assertions="3" time="0.081726">
        <failure type="PHPUnit\Framework\ExpectationFailedException">Tests\Unit\ConsensusServiceTest::test_dynamic_threshold_volatility_based
Failed asserting that 13 is of type float.

/home/emir/Desktop/sentinentx/tests/Unit/ConsensusServiceTest.php:427</failure>
      </testcase>
      <testcase name="test_validate_schema_uncovered_branches" file="/home/emir/Desktop/sentinentx/tests/Unit/ConsensusServiceTest.php" line="1326" class="Tests\Unit\ConsensusServiceTest" classname="Tests.Unit.ConsensusServiceTest" assertions="5" time="0.080045"/>
      <testcase name="test_structured_logging_and_alerts" file="/home/emir/Desktop/sentinentx/tests/Unit/ConsensusServiceTest.php" line="463" class="Tests\Unit\ConsensusServiceTest" classname="Tests.Unit.ConsensusServiceTest" assertions="4" time="0.081654"/>
      <testcase name="test_multi_symbol_response_detailed" file="/home/emir/Desktop/sentinentx/tests/Unit/ConsensusServiceTest.php" line="1709" class="Tests\Unit\ConsensusServiceTest" classname="Tests.Unit.ConsensusServiceTest" assertions="1" time="0.082726">
        <failure type="PHPUnit\Framework\ExpectationFailedException">Tests\Unit\ConsensusServiceTest::test_multi_symbol_response_detailed
Failed asserting that 'SQLSTATE[22P02]: Invalid text representation: 7 ERROR:  invalid input syntax for type uuid: "test_multi_detailed_68af16b05ea3b"\n
CONTEXT:  unnamed portal parameter $2 = '...' (Connection: pgsql, SQL: insert into "ai_logs" ("symbol", "cycle_uuid", "provider", "stage", "action", "confidence", "reason", "input_ctx", "raw_output", "created_at", "updated_at") values (BTCUSDT, test_multi_detailed_68af16b05ea3b, test1, STAGE1, LONG, 80, Test response, {"symbols":["BTCUSDT","ETHUSDT","ADAUSDT"],"stage":"open","atr":0.02,"price":50000,"cycle_id":"test_multi_detailed_68af16b05ea3b","current_symbol":"BTCUSDT"}, {"action":"LONG","confidence":80,"stop_loss":null,"take_profit":null,"qty_delta_factor":null,"reason":"Test response","raw":{"leverage":10,"lev":10,"take_profit":null,"stop_loss":null}}, 2025-01-01 00:00:00, 2025-01-01 00:00:00))' [ASCII](length: 836) contains "UNIQUE constraint failed" [ASCII](length: 24).

/home/emir/Desktop/sentinentx/tests/Unit/ConsensusServiceTest.php:1744</failure>
      </testcase>
      <testcase name="test_decide_method_database_error_handling" file="/home/emir/Desktop/sentinentx/tests/Unit/ConsensusServiceTest.php" line="1482" class="Tests\Unit\ConsensusServiceTest" classname="Tests.Unit.ConsensusServiceTest" assertions="1" time="0.078672"/>
      <testcase name="test_validate_deviations_edge_cases" file="/home/emir/Desktop/sentinentx/tests/Unit/ConsensusServiceTest.php" line="1748" class="Tests\Unit\ConsensusServiceTest" classname="Tests.Unit.ConsensusServiceTest" assertions="2" time="0.078072"/>
      <testcase name="test_validate_none_veto_uncovered_branches" file="/home/emir/Desktop/sentinentx/tests/Unit/ConsensusServiceTest.php" line="1297" class="Tests\Unit\ConsensusServiceTest" classname="Tests.Unit.ConsensusServiceTest" assertions="1" time="0.088997"/>
      <testcase name="test_validate_schema_method" file="/home/emir/Desktop/sentinentx/tests/Unit/ConsensusServiceTest.php" line="739" class="Tests\Unit\ConsensusServiceTest" classname="Tests.Unit.ConsensusServiceTest" assertions="7" time="0.103413"/>
      <testcase name="test_production_like_scenario" file="/home/emir/Desktop/sentinentx/tests/Unit/ConsensusServiceTest.php" line="173" class="Tests\Unit\ConsensusServiceTest" classname="Tests.Unit.ConsensusServiceTest" assertions="5" time="0.083860">
        <failure type="PHPUnit\Framework\ExpectationFailedException">Tests\Unit\ConsensusServiceTest::test_production_like_scenario
Failed asserting that 13 is of type float.

/home/emir/Desktop/sentinentx/tests/Unit/ConsensusServiceTest.php:211</failure>
      </testcase>
      <testcase name="test_pick_final_empty_decisions_exception" file="/home/emir/Desktop/sentinentx/tests/Unit/ConsensusServiceTest.php" line="1658" class="Tests\Unit\ConsensusServiceTest" classname="Tests.Unit.ConsensusServiceTest" assertions="2" time="0.082065"/>
      <testcase name="test_multi_symbol_single_symbol_fallback" file="/home/emir/Desktop/sentinentx/tests/Unit/ConsensusServiceTest.php" line="1571" class="Tests\Unit\ConsensusServiceTest" classname="Tests.Unit.ConsensusServiceTest" assertions="1" time="0.081198"/>
      <testcase name="test_rate_limit_circuit_breaker_methods" file="/home/emir/Desktop/sentinentx/tests/Unit/ConsensusServiceTest.php" line="623" class="Tests\Unit\ConsensusServiceTest" classname="Tests.Unit.ConsensusServiceTest" assertions="3" time="0.077412"/>
      <testcase name="test_validate_deviations_legacy_method" file="/home/emir/Desktop/sentinentx/tests/Unit/ConsensusServiceTest.php" line="917" class="Tests\Unit\ConsensusServiceTest" classname="Tests.Unit.ConsensusServiceTest" assertions="0" time="0.079937">
        <skipped/>
      </testcase>
      <testcase name="test_validate_consensus_values_legacy_method_coverage" file="/home/emir/Desktop/sentinentx/tests/Unit/ConsensusServiceTest.php" line="588" class="Tests\Unit\ConsensusServiceTest" classname="Tests.Unit.ConsensusServiceTest" assertions="4" time="0.077909"/>
      <testcase name="test_deviation_calculation_accuracy" file="/home/emir/Desktop/sentinentx/tests/Unit/ConsensusServiceTest.php" line="94" class="Tests\Unit\ConsensusServiceTest" classname="Tests.Unit.ConsensusServiceTest" assertions="4" time="0.084354"/>
      <testcase name="test_validate_deviations_take_profit_deviation" file="/home/emir/Desktop/sentinentx/tests/Unit/ConsensusServiceTest.php" line="1517" class="Tests\Unit\ConsensusServiceTest" classname="Tests.Unit.ConsensusServiceTest" assertions="6" time="0.079249"/>
      <testcase name="test_validate_consensus_values_legacy_method" file="/home/emir/Desktop/sentinentx/tests/Unit/ConsensusServiceTest.php" line="582" class="Tests\Unit\ConsensusServiceTest" classname="Tests.Unit.ConsensusServiceTest" assertions="0" time="0.103319">
        <skipped/>
      </testcase>
    </testsuite>
    <testsuite name="Tests\Unit\CycleRunnerSimpleTest" file="/home/emir/Desktop/sentinentx/tests/Unit/CycleRunnerSimpleTest.php" tests="6" assertions="12" errors="0" failures="0" skipped="0" time="0.601041">
      <testcase name="run_symbol_alias_structure" file="/home/emir/Desktop/sentinentx/tests/Unit/CycleRunnerSimpleTest.php" line="62" class="Tests\Unit\CycleRunnerSimpleTest" classname="Tests.Unit.CycleRunnerSimpleTest" assertions="1" time="0.210358"/>
      <testcase name="constructor_validates_required_dependencies" file="/home/emir/Desktop/sentinentx/tests/Unit/CycleRunnerSimpleTest.php" line="28" class="Tests\Unit\CycleRunnerSimpleTest" classname="Tests.Unit.CycleRunnerSimpleTest" assertions="1" time="0.079486"/>
      <testcase name="class_implements_expected_interface" file="/home/emir/Desktop/sentinentx/tests/Unit/CycleRunnerSimpleTest.php" line="77" class="Tests\Unit\CycleRunnerSimpleTest" classname="Tests.Unit.CycleRunnerSimpleTest" assertions="3" time="0.079255"/>
      <testcase name="run_method_exists" file="/home/emir/Desktop/sentinentx/tests/Unit/CycleRunnerSimpleTest.php" line="40" class="Tests\Unit\CycleRunnerSimpleTest" classname="Tests.Unit.CycleRunnerSimpleTest" assertions="2" time="0.079384"/>
      <testcase name="constructor_creates_instance" file="/home/emir/Desktop/sentinentx/tests/Unit/CycleRunnerSimpleTest.php" line="18" class="Tests\Unit\CycleRunnerSimpleTest" classname="Tests.Unit.CycleRunnerSimpleTest" assertions="2" time="0.076978"/>
      <testcase name="class_has_expected_structure" file="/home/emir/Desktop/sentinentx/tests/Unit/CycleRunnerSimpleTest.php" line="48" class="Tests\Unit\CycleRunnerSimpleTest" classname="Tests.Unit.CycleRunnerSimpleTest" assertions="3" time="0.075580"/>
    </testsuite>
    <testsuite name="Tests\Unit\GrokClientTest" file="/home/emir/Desktop/sentinentx/tests/Unit/GrokClientTest.php" tests="24" assertions="24" errors="0" failures="0" skipped="0" time="0.026552">
      <testcase name="test_grok_client_has_decide_method" file="/home/emir/Desktop/sentinentx/tests/Unit/GrokClientTest.php" line="34" class="Tests\Unit\GrokClientTest" classname="Tests.Unit.GrokClientTest" assertions="1" time="0.015260"/>
      <testcase name="test_grok_client_configuration_ready" file="/home/emir/Desktop/sentinentx/tests/Unit/GrokClientTest.php" line="111" class="Tests\Unit\GrokClientTest" classname="Tests.Unit.GrokClientTest" assertions="1" time="0.000460"/>
      <testcase name="test_grok_client_immutability_ready" file="/home/emir/Desktop/sentinentx/tests/Unit/GrokClientTest.php" line="174" class="Tests\Unit\GrokClientTest" classname="Tests.Unit.GrokClientTest" assertions="1" time="0.000435"/>
      <testcase name="test_grok_client_stage_handling_ready" file="/home/emir/Desktop/sentinentx/tests/Unit/GrokClientTest.php" line="146" class="Tests\Unit\GrokClientTest" classname="Tests.Unit.GrokClientTest" assertions="1" time="0.000560"/>
      <testcase name="test_grok_client_prompt_factory_integration_ready" file="/home/emir/Desktop/sentinentx/tests/Unit/GrokClientTest.php" line="104" class="Tests\Unit\GrokClientTest" classname="Tests.Unit.GrokClientTest" assertions="1" time="0.000404"/>
      <testcase name="test_grok_client_ai_provider_ready" file="/home/emir/Desktop/sentinentx/tests/Unit/GrokClientTest.php" line="90" class="Tests\Unit\GrokClientTest" classname="Tests.Unit.GrokClientTest" assertions="1" time="0.000431"/>
      <testcase name="test_grok_client_http_integration_ready" file="/home/emir/Desktop/sentinentx/tests/Unit/GrokClientTest.php" line="118" class="Tests\Unit\GrokClientTest" classname="Tests.Unit.GrokClientTest" assertions="1" time="0.000398"/>
      <testcase name="test_grok_client_has_name_method" file="/home/emir/Desktop/sentinentx/tests/Unit/GrokClientTest.php" line="20" class="Tests\Unit\GrokClientTest" classname="Tests.Unit.GrokClientTest" assertions="1" time="0.000428"/>
      <testcase name="test_grok_client_snapshot_processing_ready" file="/home/emir/Desktop/sentinentx/tests/Unit/GrokClientTest.php" line="139" class="Tests\Unit\GrokClientTest" classname="Tests.Unit.GrokClientTest" assertions="1" time="0.000440"/>
      <testcase name="test_grok_client_has_enabled_method" file="/home/emir/Desktop/sentinentx/tests/Unit/GrokClientTest.php" line="27" class="Tests\Unit\GrokClientTest" classname="Tests.Unit.GrokClientTest" assertions="1" time="0.000868"/>
      <testcase name="test_grok_client_json_parsing_ready" file="/home/emir/Desktop/sentinentx/tests/Unit/GrokClientTest.php" line="125" class="Tests\Unit\GrokClientTest" classname="Tests.Unit.GrokClientTest" assertions="1" time="0.001176"/>
      <testcase name="test_grok_client_model_structure" file="/home/emir/Desktop/sentinentx/tests/Unit/GrokClientTest.php" line="76" class="Tests\Unit\GrokClientTest" classname="Tests.Unit.GrokClientTest" assertions="1" time="0.000529"/>
      <testcase name="test_grok_client_dependency_injection" file="/home/emir/Desktop/sentinentx/tests/Unit/GrokClientTest.php" line="69" class="Tests\Unit\GrokClientTest" classname="Tests.Unit.GrokClientTest" assertions="1" time="0.000442"/>
      <testcase name="test_grok_client_trading_decisions_ready" file="/home/emir/Desktop/sentinentx/tests/Unit/GrokClientTest.php" line="97" class="Tests\Unit\GrokClientTest" classname="Tests.Unit.GrokClientTest" assertions="1" time="0.000441"/>
      <testcase name="test_grok_client_error_handling_ready" file="/home/emir/Desktop/sentinentx/tests/Unit/GrokClientTest.php" line="132" class="Tests\Unit\GrokClientTest" classname="Tests.Unit.GrokClientTest" assertions="1" time="0.000437"/>
      <testcase name="test_grok_client_symbol_handling_ready" file="/home/emir/Desktop/sentinentx/tests/Unit/GrokClientTest.php" line="153" class="Tests\Unit\GrokClientTest" classname="Tests.Unit.GrokClientTest" assertions="1" time="0.000428"/>
      <testcase name="test_grok_client_saas_ready" file="/home/emir/Desktop/sentinentx/tests/Unit/GrokClientTest.php" line="83" class="Tests\Unit\GrokClientTest" classname="Tests.Unit.GrokClientTest" assertions="1" time="0.000399"/>
      <testcase name="test_grok_client_return_structure_ready" file="/home/emir/Desktop/sentinentx/tests/Unit/GrokClientTest.php" line="167" class="Tests\Unit\GrokClientTest" classname="Tests.Unit.GrokClientTest" assertions="1" time="0.000443"/>
      <testcase name="test_grok_client_enabled_method_signature" file="/home/emir/Desktop/sentinentx/tests/Unit/GrokClientTest.php" line="48" class="Tests\Unit\GrokClientTest" classname="Tests.Unit.GrokClientTest" assertions="1" time="0.000397"/>
      <testcase name="test_grok_client_position_management_ready" file="/home/emir/Desktop/sentinentx/tests/Unit/GrokClientTest.php" line="160" class="Tests\Unit\GrokClientTest" classname="Tests.Unit.GrokClientTest" assertions="1" time="0.000428"/>
      <testcase name="test_grok_client_decide_method_signature" file="/home/emir/Desktop/sentinentx/tests/Unit/GrokClientTest.php" line="55" class="Tests\Unit\GrokClientTest" classname="Tests.Unit.GrokClientTest" assertions="1" time="0.000432"/>
      <testcase name="test_grok_client_name_method_signature" file="/home/emir/Desktop/sentinentx/tests/Unit/GrokClientTest.php" line="41" class="Tests\Unit\GrokClientTest" classname="Tests.Unit.GrokClientTest" assertions="1" time="0.000397"/>
      <testcase name="test_grok_client_implements_ai_provider" file="/home/emir/Desktop/sentinentx/tests/Unit/GrokClientTest.php" line="62" class="Tests\Unit\GrokClientTest" classname="Tests.Unit.GrokClientTest" assertions="1" time="0.000403"/>
      <testcase name="test_grok_client_constructor" file="/home/emir/Desktop/sentinentx/tests/Unit/GrokClientTest.php" line="13" class="Tests\Unit\GrokClientTest" classname="Tests.Unit.GrokClientTest" assertions="1" time="0.000517"/>
    </testsuite>
    <testsuite name="Tests\Unit\AnnouncementWatcherTest" file="/home/emir/Desktop/sentinentx/tests/Unit/AnnouncementWatcherTest.php" tests="23" assertions="60" errors="0" failures="0" skipped="0" time="0.063163">
      <testcase name="test_announcement_watcher_timestamp_tracking_ready" file="/home/emir/Desktop/sentinentx/tests/Unit/AnnouncementWatcherTest.php" line="271" class="Tests\Unit\AnnouncementWatcherTest" classname="Tests.Unit.AnnouncementWatcherTest" assertions="2" time="0.047212"/>
      <testcase name="test_announcement_watcher_source_checking_ready" file="/home/emir/Desktop/sentinentx/tests/Unit/AnnouncementWatcherTest.php" line="168" class="Tests\Unit\AnnouncementWatcherTest" classname="Tests.Unit.AnnouncementWatcherTest" assertions="3" time="0.000702"/>
      <testcase name="test_announcement_watcher_saas_ready" file="/home/emir/Desktop/sentinentx/tests/Unit/AnnouncementWatcherTest.php" line="111" class="Tests\Unit\AnnouncementWatcherTest" classname="Tests.Unit.AnnouncementWatcherTest" assertions="3" time="0.000902"/>
      <testcase name="test_announcement_watcher_health_monitoring_ready" file="/home/emir/Desktop/sentinentx/tests/Unit/AnnouncementWatcherTest.php" line="125" class="Tests\Unit\AnnouncementWatcherTest" classname="Tests.Unit.AnnouncementWatcherTest" assertions="3" time="0.000690"/>
      <testcase name="test_announcement_watcher_has_watch_method" file="/home/emir/Desktop/sentinentx/tests/Unit/AnnouncementWatcherTest.php" line="23" class="Tests\Unit\AnnouncementWatcherTest" classname="Tests.Unit.AnnouncementWatcherTest" assertions="1" time="0.000598"/>
      <testcase name="test_announcement_watcher_immutability_ready" file="/home/emir/Desktop/sentinentx/tests/Unit/AnnouncementWatcherTest.php" line="324" class="Tests\Unit\AnnouncementWatcherTest" classname="Tests.Unit.AnnouncementWatcherTest" assertions="4" time="0.000614"/>
      <testcase name="test_announcement_watcher_return_structure_ready" file="/home/emir/Desktop/sentinentx/tests/Unit/AnnouncementWatcherTest.php" line="311" class="Tests\Unit\AnnouncementWatcherTest" classname="Tests.Unit.AnnouncementWatcherTest" assertions="1" time="0.000593"/>
      <testcase name="test_announcement_watcher_watch_method_signature" file="/home/emir/Desktop/sentinentx/tests/Unit/AnnouncementWatcherTest.php" line="32" class="Tests\Unit\AnnouncementWatcherTest" classname="Tests.Unit.AnnouncementWatcherTest" assertions="3" time="0.000757"/>
      <testcase name="test_announcement_watcher_model_structure" file="/home/emir/Desktop/sentinentx/tests/Unit/AnnouncementWatcherTest.php" line="96" class="Tests\Unit\AnnouncementWatcherTest" classname="Tests.Unit.AnnouncementWatcherTest" assertions="4" time="0.000726"/>
      <testcase name="test_announcement_watcher_logging_ready" file="/home/emir/Desktop/sentinentx/tests/Unit/AnnouncementWatcherTest.php" line="230" class="Tests\Unit\AnnouncementWatcherTest" classname="Tests.Unit.AnnouncementWatcherTest" assertions="2" time="0.000932"/>
      <testcase name="test_announcement_watcher_alert_dispatching_ready" file="/home/emir/Desktop/sentinentx/tests/Unit/AnnouncementWatcherTest.php" line="154" class="Tests\Unit\AnnouncementWatcherTest" classname="Tests.Unit.AnnouncementWatcherTest" assertions="2" time="0.001242"/>
      <testcase name="test_announcement_watcher_has_private_methods" file="/home/emir/Desktop/sentinentx/tests/Unit/AnnouncementWatcherTest.php" line="48" class="Tests\Unit\AnnouncementWatcherTest" classname="Tests.Unit.AnnouncementWatcherTest" assertions="4" time="0.001118"/>
      <testcase name="test_announcement_watcher_cache_management_ready" file="/home/emir/Desktop/sentinentx/tests/Unit/AnnouncementWatcherTest.php" line="197" class="Tests\Unit\AnnouncementWatcherTest" classname="Tests.Unit.AnnouncementWatcherTest" assertions="4" time="0.000919"/>
      <testcase name="test_announcement_watcher_has_constants" file="/home/emir/Desktop/sentinentx/tests/Unit/AnnouncementWatcherTest.php" line="62" class="Tests\Unit\AnnouncementWatcherTest" classname="Tests.Unit.AnnouncementWatcherTest" assertions="4" time="0.000698"/>
      <testcase name="test_announcement_watcher_overall_status_ready" file="/home/emir/Desktop/sentinentx/tests/Unit/AnnouncementWatcherTest.php" line="298" class="Tests\Unit\AnnouncementWatcherTest" classname="Tests.Unit.AnnouncementWatcherTest" assertions="2" time="0.000598"/>
      <testcase name="test_announcement_watcher_announcement_checking_ready" file="/home/emir/Desktop/sentinentx/tests/Unit/AnnouncementWatcherTest.php" line="139" class="Tests\Unit\AnnouncementWatcherTest" classname="Tests.Unit.AnnouncementWatcherTest" assertions="3" time="0.000601"/>
      <testcase name="test_announcement_watcher_constructor" file="/home/emir/Desktop/sentinentx/tests/Unit/AnnouncementWatcherTest.php" line="14" class="Tests\Unit\AnnouncementWatcherTest" classname="Tests.Unit.AnnouncementWatcherTest" assertions="1" time="0.000703"/>
      <testcase name="test_announcement_watcher_status_tracking_ready" file="/home/emir/Desktop/sentinentx/tests/Unit/AnnouncementWatcherTest.php" line="257" class="Tests\Unit\AnnouncementWatcherTest" classname="Tests.Unit.AnnouncementWatcherTest" assertions="2" time="0.000568"/>
      <testcase name="test_announcement_watcher_error_handling_ready" file="/home/emir/Desktop/sentinentx/tests/Unit/AnnouncementWatcherTest.php" line="216" class="Tests\Unit\AnnouncementWatcherTest" classname="Tests.Unit.AnnouncementWatcherTest" assertions="2" time="0.000558"/>
      <testcase name="test_announcement_watcher_configuration_ready" file="/home/emir/Desktop/sentinentx/tests/Unit/AnnouncementWatcherTest.php" line="244" class="Tests\Unit\AnnouncementWatcherTest" classname="Tests.Unit.AnnouncementWatcherTest" assertions="2" time="0.000731"/>
      <testcase name="test_announcement_watcher_summary_generation_ready" file="/home/emir/Desktop/sentinentx/tests/Unit/AnnouncementWatcherTest.php" line="183" class="Tests\Unit\AnnouncementWatcherTest" classname="Tests.Unit.AnnouncementWatcherTest" assertions="2" time="0.000572"/>
      <testcase name="test_announcement_watcher_source_management_ready" file="/home/emir/Desktop/sentinentx/tests/Unit/AnnouncementWatcherTest.php" line="285" class="Tests\Unit\AnnouncementWatcherTest" classname="Tests.Unit.AnnouncementWatcherTest" assertions="2" time="0.000546"/>
      <testcase name="test_announcement_watcher_dependency_injection" file="/home/emir/Desktop/sentinentx/tests/Unit/AnnouncementWatcherTest.php" line="80" class="Tests\Unit\AnnouncementWatcherTest" classname="Tests.Unit.AnnouncementWatcherTest" assertions="4" time="0.000583"/>
    </testsuite>
    <testsuite name="Tests\Unit\MetricsServiceTest" file="/home/emir/Desktop/sentinentx/tests/Unit/MetricsServiceTest.php" tests="24" assertions="50" errors="0" failures="0" skipped="0" time="0.053897">
      <testcase name="test_metrics_service_daily_metrics_ready" file="/home/emir/Desktop/sentinentx/tests/Unit/MetricsServiceTest.php" line="118" class="Tests\Unit\MetricsServiceTest" classname="Tests.Unit.MetricsServiceTest" assertions="2" time="0.041492"/>
      <testcase name="test_metrics_service_net_gross_calculation_ready" file="/home/emir/Desktop/sentinentx/tests/Unit/MetricsServiceTest.php" line="181" class="Tests\Unit\MetricsServiceTest" classname="Tests.Unit.MetricsServiceTest" assertions="2" time="0.000622"/>
      <testcase name="test_metrics_service_return_arrays_ready" file="/home/emir/Desktop/sentinentx/tests/Unit/MetricsServiceTest.php" line="298" class="Tests\Unit\MetricsServiceTest" classname="Tests.Unit.MetricsServiceTest" assertions="2" time="0.000502"/>
      <testcase name="test_metrics_service_lab_ready" file="/home/emir/Desktop/sentinentx/tests/Unit/MetricsServiceTest.php" line="106" class="Tests\Unit\MetricsServiceTest" classname="Tests.Unit.MetricsServiceTest" assertions="2" time="0.000597"/>
      <testcase name="test_metrics_service_trade_analysis_ready" file="/home/emir/Desktop/sentinentx/tests/Unit/MetricsServiceTest.php" line="157" class="Tests\Unit\MetricsServiceTest" classname="Tests.Unit.MetricsServiceTest" assertions="2" time="0.000439"/>
      <testcase name="test_metrics_service_has_compute_daily_method" file="/home/emir/Desktop/sentinentx/tests/Unit/MetricsServiceTest.php" line="21" class="Tests\Unit\MetricsServiceTest" classname="Tests.Unit.MetricsServiceTest" assertions="1" time="0.000431"/>
      <testcase name="test_metrics_service_performance_calculation_ready" file="/home/emir/Desktop/sentinentx/tests/Unit/MetricsServiceTest.php" line="131" class="Tests\Unit\MetricsServiceTest" classname="Tests.Unit.MetricsServiceTest" assertions="2" time="0.000421"/>
      <testcase name="test_metrics_service_sharpe_ratio_ready" file="/home/emir/Desktop/sentinentx/tests/Unit/MetricsServiceTest.php" line="207" class="Tests\Unit\MetricsServiceTest" classname="Tests.Unit.MetricsServiceTest" assertions="2" time="0.000650"/>
      <testcase name="test_metrics_service_constructor" file="/home/emir/Desktop/sentinentx/tests/Unit/MetricsServiceTest.php" line="13" class="Tests\Unit\MetricsServiceTest" classname="Tests.Unit.MetricsServiceTest" assertions="1" time="0.000421"/>
      <testcase name="test_metrics_service_model_structure" file="/home/emir/Desktop/sentinentx/tests/Unit/MetricsServiceTest.php" line="81" class="Tests\Unit\MetricsServiceTest" classname="Tests.Unit.MetricsServiceTest" assertions="3" time="0.000435"/>
      <testcase name="test_metrics_service_equity_tracking_ready" file="/home/emir/Desktop/sentinentx/tests/Unit/MetricsServiceTest.php" line="143" class="Tests\Unit\MetricsServiceTest" classname="Tests.Unit.MetricsServiceTest" assertions="2" time="0.000421"/>
      <testcase name="test_metrics_service_has_private_methods" file="/home/emir/Desktop/sentinentx/tests/Unit/MetricsServiceTest.php" line="46" class="Tests\Unit\MetricsServiceTest" classname="Tests.Unit.MetricsServiceTest" assertions="2" time="0.000471"/>
      <testcase name="test_metrics_service_risk_metrics_ready" file="/home/emir/Desktop/sentinentx/tests/Unit/MetricsServiceTest.php" line="169" class="Tests\Unit\MetricsServiceTest" classname="Tests.Unit.MetricsServiceTest" assertions="2" time="0.000412"/>
      <testcase name="test_metrics_service_date_handling_ready" file="/home/emir/Desktop/sentinentx/tests/Unit/MetricsServiceTest.php" line="246" class="Tests\Unit\MetricsServiceTest" classname="Tests.Unit.MetricsServiceTest" assertions="1" time="0.000440"/>
      <testcase name="test_metrics_service_sharpe_method" file="/home/emir/Desktop/sentinentx/tests/Unit/MetricsServiceTest.php" line="57" class="Tests\Unit\MetricsServiceTest" classname="Tests.Unit.MetricsServiceTest" assertions="4" time="0.000464"/>
      <testcase name="test_metrics_service_max_drawdown_calculation_ready" file="/home/emir/Desktop/sentinentx/tests/Unit/MetricsServiceTest.php" line="194" class="Tests\Unit\MetricsServiceTest" classname="Tests.Unit.MetricsServiceTest" assertions="2" time="0.000440"/>
      <testcase name="test_metrics_service_compute_daily_method_signature" file="/home/emir/Desktop/sentinentx/tests/Unit/MetricsServiceTest.php" line="29" class="Tests\Unit\MetricsServiceTest" classname="Tests.Unit.MetricsServiceTest" assertions="5" time="0.000717"/>
      <testcase name="test_metrics_service_implements_interface" file="/home/emir/Desktop/sentinentx/tests/Unit/MetricsServiceTest.php" line="73" class="Tests\Unit\MetricsServiceTest" classname="Tests.Unit.MetricsServiceTest" assertions="1" time="0.000585"/>
      <testcase name="test_metrics_service_average_calculation_ready" file="/home/emir/Desktop/sentinentx/tests/Unit/MetricsServiceTest.php" line="233" class="Tests\Unit\MetricsServiceTest" classname="Tests.Unit.MetricsServiceTest" assertions="2" time="0.000948"/>
      <testcase name="test_metrics_service_empty_trades_handling_ready" file="/home/emir/Desktop/sentinentx/tests/Unit/MetricsServiceTest.php" line="272" class="Tests\Unit\MetricsServiceTest" classname="Tests.Unit.MetricsServiceTest" assertions="2" time="0.000952"/>
      <testcase name="test_metrics_service_rounding_ready" file="/home/emir/Desktop/sentinentx/tests/Unit/MetricsServiceTest.php" line="259" class="Tests\Unit\MetricsServiceTest" classname="Tests.Unit.MetricsServiceTest" assertions="2" time="0.000554"/>
      <testcase name="test_metrics_service_saas_ready" file="/home/emir/Desktop/sentinentx/tests/Unit/MetricsServiceTest.php" line="94" class="Tests\Unit\MetricsServiceTest" classname="Tests.Unit.MetricsServiceTest" assertions="2" time="0.000541"/>
      <testcase name="test_metrics_service_peak_tracking_ready" file="/home/emir/Desktop/sentinentx/tests/Unit/MetricsServiceTest.php" line="285" class="Tests\Unit\MetricsServiceTest" classname="Tests.Unit.MetricsServiceTest" assertions="2" time="0.000449"/>
      <testcase name="test_metrics_service_trade_counting_ready" file="/home/emir/Desktop/sentinentx/tests/Unit/MetricsServiceTest.php" line="220" class="Tests\Unit\MetricsServiceTest" classname="Tests.Unit.MetricsServiceTest" assertions="2" time="0.000492"/>
    </testsuite>
    <testsuite name="Tests\Unit\TradeModelTest" file="/home/emir/Desktop/sentinentx/tests/Unit/TradeModelTest.php" tests="8" assertions="18" errors="0" failures="0" skipped="0" time="0.762491">
      <testcase name="test_trade_pnl_calculation" file="/home/emir/Desktop/sentinentx/tests/Unit/TradeModelTest.php" line="80" class="Tests\Unit\TradeModelTest" classname="Tests.Unit.TradeModelTest" assertions="1" time="0.128888"/>
      <testcase name="test_trade_timestamps" file="/home/emir/Desktop/sentinentx/tests/Unit/TradeModelTest.php" line="94" class="Tests\Unit\TradeModelTest" classname="Tests.Unit.TradeModelTest" assertions="2" time="0.083603"/>
      <testcase name="test_trade_query_scopes" file="/home/emir/Desktop/sentinentx/tests/Unit/TradeModelTest.php" line="120" class="Tests\Unit\TradeModelTest" classname="Tests.Unit.TradeModelTest" assertions="3" time="0.099729"/>
      <testcase name="test_trade_status_updates" file="/home/emir/Desktop/sentinentx/tests/Unit/TradeModelTest.php" line="63" class="Tests\Unit\TradeModelTest" classname="Tests.Unit.TradeModelTest" assertions="2" time="0.103003"/>
      <testcase name="test_trade_relationships_exist" file="/home/emir/Desktop/sentinentx/tests/Unit/TradeModelTest.php" line="147" class="Tests\Unit\TradeModelTest" classname="Tests.Unit.TradeModelTest" assertions="1" time="0.077518"/>
      <testcase name="test_trade_fillable_attributes" file="/home/emir/Desktop/sentinentx/tests/Unit/TradeModelTest.php" line="108" class="Tests\Unit\TradeModelTest" classname="Tests.Unit.TradeModelTest" assertions="1" time="0.080660"/>
      <testcase name="test_trade_side_enum_validation" file="/home/emir/Desktop/sentinentx/tests/Unit/TradeModelTest.php" line="40" class="Tests\Unit\TradeModelTest" classname="Tests.Unit.TradeModelTest" assertions="2" time="0.102057"/>
      <testcase name="test_trade_creation" file="/home/emir/Desktop/sentinentx/tests/Unit/TradeModelTest.php" line="15" class="Tests\Unit\TradeModelTest" classname="Tests.Unit.TradeModelTest" assertions="6" time="0.087033"/>
    </testsuite>
    <testsuite name="Tests\Unit\ExampleTest" file="/home/emir/Desktop/sentinentx/tests/Unit/ExampleTest.php" tests="1" assertions="1" errors="0" failures="0" skipped="0" time="0.020303">
      <testcase name="test_that_true_is_true" file="/home/emir/Desktop/sentinentx/tests/Unit/ExampleTest.php" line="14" class="Tests\Unit\ExampleTest" classname="Tests.Unit.ExampleTest" assertions="1" time="0.020303"/>
    </testsuite>
    <testsuite name="Tests\Unit\PositionSizerExtendedTest" file="/home/emir/Desktop/sentinentx/tests/Unit/PositionSizerExtendedTest.php" tests="5" assertions="19" errors="0" failures="0" skipped="0" time="0.388958">
      <testcase name="test_size_by_im_cap_low_risk_band" file="/home/emir/Desktop/sentinentx/tests/Unit/PositionSizerExtendedTest.php" line="20" class="Tests\Unit\PositionSizerExtendedTest" classname="Tests.Unit.PositionSizerExtendedTest" assertions="5" time="0.079161"/>
      <testcase name="test_size_by_im_cap_high_risk_band" file="/home/emir/Desktop/sentinentx/tests/Unit/PositionSizerExtendedTest.php" line="54" class="Tests\Unit\PositionSizerExtendedTest" classname="Tests.Unit.PositionSizerExtendedTest" assertions="4" time="0.078219"/>
      <testcase name="test_size_by_im_cap_medium_risk_band" file="/home/emir/Desktop/sentinentx/tests/Unit/PositionSizerExtendedTest.php" line="39" class="Tests\Unit\PositionSizerExtendedTest" classname="Tests.Unit.PositionSizerExtendedTest" assertions="4" time="0.076154"/>
      <testcase name="test_band_calculation_accuracy" file="/home/emir/Desktop/sentinentx/tests/Unit/PositionSizerExtendedTest.php" line="88" class="Tests\Unit\PositionSizerExtendedTest" classname="Tests.Unit.PositionSizerExtendedTest" assertions="2" time="0.075952"/>
      <testcase name="test_qty_step_and_min_qty_enforcement" file="/home/emir/Desktop/sentinentx/tests/Unit/PositionSizerExtendedTest.php" line="69" class="Tests\Unit\PositionSizerExtendedTest" classname="Tests.Unit.PositionSizerExtendedTest" assertions="4" time="0.079471"/>
    </testsuite>
    <testsuite name="Tests\Unit\AlertServiceTest" file="/home/emir/Desktop/sentinentx/tests/Unit/AlertServiceTest.php" tests="1" assertions="5" errors="0" failures="0" skipped="0" time="0.097848">
      <testcase name="create_system_alert_persists_and_dispatches" file="/home/emir/Desktop/sentinentx/tests/Unit/AlertServiceTest.php" line="39" class="Tests\Unit\AlertServiceTest" classname="Tests.Unit.AlertServiceTest" assertions="5" time="0.097848"/>
    </testsuite>
    <testsuite name="Tests\Unit\StablecoinHealthCheckTest" file="/home/emir/Desktop/sentinentx/tests/Unit/StablecoinHealthCheckTest.php" tests="24" assertions="0" errors="0" failures="0" skipped="24" time="0.000000">
      <testcase name="test_stablecoin_health_check_constructor" file="/home/emir/Desktop/sentinentx/tests/Unit/StablecoinHealthCheckTest.php" line="24" class="Tests\Unit\StablecoinHealthCheckTest" classname="Tests.Unit.StablecoinHealthCheckTest" assertions="0" time="0.000000">
        <skipped/>
      </testcase>
      <testcase name="test_stablecoin_health_check_has_private_methods" file="/home/emir/Desktop/sentinentx/tests/Unit/StablecoinHealthCheckTest.php" line="61" class="Tests\Unit\StablecoinHealthCheckTest" classname="Tests.Unit.StablecoinHealthCheckTest" assertions="0" time="0.000000">
        <skipped/>
      </testcase>
      <testcase name="test_stablecoin_health_check_saas_ready" file="/home/emir/Desktop/sentinentx/tests/Unit/StablecoinHealthCheckTest.php" line="131" class="Tests\Unit\StablecoinHealthCheckTest" classname="Tests.Unit.StablecoinHealthCheckTest" assertions="0" time="0.000000">
        <skipped/>
      </testcase>
      <testcase name="test_stablecoin_health_check_status_tracking_ready" file="/home/emir/Desktop/sentinentx/tests/Unit/StablecoinHealthCheckTest.php" line="300" class="Tests\Unit\StablecoinHealthCheckTest" classname="Tests.Unit.StablecoinHealthCheckTest" assertions="0" time="0.000000">
        <skipped/>
      </testcase>
      <testcase name="test_stablecoin_health_check_error_handling_ready" file="/home/emir/Desktop/sentinentx/tests/Unit/StablecoinHealthCheckTest.php" line="256" class="Tests\Unit\StablecoinHealthCheckTest" classname="Tests.Unit.StablecoinHealthCheckTest" assertions="0" time="0.000000">
        <skipped/>
      </testcase>
      <testcase name="test_stablecoin_health_check_health_monitoring_ready" file="/home/emir/Desktop/sentinentx/tests/Unit/StablecoinHealthCheckTest.php" line="146" class="Tests\Unit\StablecoinHealthCheckTest" classname="Tests.Unit.StablecoinHealthCheckTest" assertions="0" time="0.000000">
        <skipped/>
      </testcase>
      <testcase name="test_stablecoin_health_check_check_method_signature" file="/home/emir/Desktop/sentinentx/tests/Unit/StablecoinHealthCheckTest.php" line="44" class="Tests\Unit\StablecoinHealthCheckTest" classname="Tests.Unit.StablecoinHealthCheckTest" assertions="0" time="0.000000">
        <skipped/>
      </testcase>
      <testcase name="test_stablecoin_health_check_overall_status_ready" file="/home/emir/Desktop/sentinentx/tests/Unit/StablecoinHealthCheckTest.php" line="344" class="Tests\Unit\StablecoinHealthCheckTest" classname="Tests.Unit.StablecoinHealthCheckTest" assertions="0" time="0.000000">
        <skipped/>
      </testcase>
      <testcase name="test_stablecoin_health_check_has_constants" file="/home/emir/Desktop/sentinentx/tests/Unit/StablecoinHealthCheckTest.php" line="77" class="Tests\Unit\StablecoinHealthCheckTest" classname="Tests.Unit.StablecoinHealthCheckTest" assertions="0" time="0.000000">
        <skipped/>
      </testcase>
      <testcase name="test_stablecoin_health_check_logging_ready" file="/home/emir/Desktop/sentinentx/tests/Unit/StablecoinHealthCheckTest.php" line="271" class="Tests\Unit\StablecoinHealthCheckTest" classname="Tests.Unit.StablecoinHealthCheckTest" assertions="0" time="0.000000">
        <skipped/>
      </testcase>
      <testcase name="test_stablecoin_health_check_price_extraction_ready" file="/home/emir/Desktop/sentinentx/tests/Unit/StablecoinHealthCheckTest.php" line="206" class="Tests\Unit\StablecoinHealthCheckTest" classname="Tests.Unit.StablecoinHealthCheckTest" assertions="0" time="0.000000">
        <skipped/>
      </testcase>
      <testcase name="test_stablecoin_health_check_stablecoin_management_ready" file="/home/emir/Desktop/sentinentx/tests/Unit/StablecoinHealthCheckTest.php" line="330" class="Tests\Unit\StablecoinHealthCheckTest" classname="Tests.Unit.StablecoinHealthCheckTest" assertions="0" time="0.000000">
        <skipped/>
      </testcase>
      <testcase name="test_stablecoin_health_check_dependency_injection" file="/home/emir/Desktop/sentinentx/tests/Unit/StablecoinHealthCheckTest.php" line="96" class="Tests\Unit\StablecoinHealthCheckTest" classname="Tests.Unit.StablecoinHealthCheckTest" assertions="0" time="0.000000">
        <skipped/>
      </testcase>
      <testcase name="test_stablecoin_health_check_timestamp_tracking_ready" file="/home/emir/Desktop/sentinentx/tests/Unit/StablecoinHealthCheckTest.php" line="315" class="Tests\Unit\StablecoinHealthCheckTest" classname="Tests.Unit.StablecoinHealthCheckTest" assertions="0" time="0.000000">
        <skipped/>
      </testcase>
      <testcase name="test_stablecoin_health_check_summary_generation_ready" file="/home/emir/Desktop/sentinentx/tests/Unit/StablecoinHealthCheckTest.php" line="221" class="Tests\Unit\StablecoinHealthCheckTest" classname="Tests.Unit.StablecoinHealthCheckTest" assertions="0" time="0.000000">
        <skipped/>
      </testcase>
      <testcase name="test_stablecoin_health_check_alert_dispatching_ready" file="/home/emir/Desktop/sentinentx/tests/Unit/StablecoinHealthCheckTest.php" line="177" class="Tests\Unit\StablecoinHealthCheckTest" classname="Tests.Unit.StablecoinHealthCheckTest" assertions="0" time="0.000000">
        <skipped/>
      </testcase>
      <testcase name="test_stablecoin_health_check_has_check_method" file="/home/emir/Desktop/sentinentx/tests/Unit/StablecoinHealthCheckTest.php" line="34" class="Tests\Unit\StablecoinHealthCheckTest" classname="Tests.Unit.StablecoinHealthCheckTest" assertions="0" time="0.000000">
        <skipped/>
      </testcase>
      <testcase name="test_stablecoin_health_check_stablecoin_checking_ready" file="/home/emir/Desktop/sentinentx/tests/Unit/StablecoinHealthCheckTest.php" line="161" class="Tests\Unit\StablecoinHealthCheckTest" classname="Tests.Unit.StablecoinHealthCheckTest" assertions="0" time="0.000000">
        <skipped/>
      </testcase>
      <testcase name="test_stablecoin_health_check_cache_management_ready" file="/home/emir/Desktop/sentinentx/tests/Unit/StablecoinHealthCheckTest.php" line="236" class="Tests\Unit\StablecoinHealthCheckTest" classname="Tests.Unit.StablecoinHealthCheckTest" assertions="0" time="0.000000">
        <skipped/>
      </testcase>
      <testcase name="test_stablecoin_health_check_model_structure" file="/home/emir/Desktop/sentinentx/tests/Unit/StablecoinHealthCheckTest.php" line="115" class="Tests\Unit\StablecoinHealthCheckTest" classname="Tests.Unit.StablecoinHealthCheckTest" assertions="0" time="0.000000">
        <skipped/>
      </testcase>
      <testcase name="test_stablecoin_health_check_exchange_integration_ready" file="/home/emir/Desktop/sentinentx/tests/Unit/StablecoinHealthCheckTest.php" line="192" class="Tests\Unit\StablecoinHealthCheckTest" classname="Tests.Unit.StablecoinHealthCheckTest" assertions="0" time="0.000000">
        <skipped/>
      </testcase>
      <testcase name="test_stablecoin_health_check_configuration_ready" file="/home/emir/Desktop/sentinentx/tests/Unit/StablecoinHealthCheckTest.php" line="286" class="Tests\Unit\StablecoinHealthCheckTest" classname="Tests.Unit.StablecoinHealthCheckTest" assertions="0" time="0.000000">
        <skipped/>
      </testcase>
      <testcase name="test_stablecoin_health_check_return_structure_ready" file="/home/emir/Desktop/sentinentx/tests/Unit/StablecoinHealthCheckTest.php" line="358" class="Tests\Unit\StablecoinHealthCheckTest" classname="Tests.Unit.StablecoinHealthCheckTest" assertions="0" time="0.000000">
        <skipped/>
      </testcase>
      <testcase name="test_stablecoin_health_check_immutability_ready" file="/home/emir/Desktop/sentinentx/tests/Unit/StablecoinHealthCheckTest.php" line="372" class="Tests\Unit\StablecoinHealthCheckTest" classname="Tests.Unit.StablecoinHealthCheckTest" assertions="0" time="0.000000">
        <skipped/>
      </testcase>
    </testsuite>
    <testsuite name="Tests\Unit\RunSymbolCycleTest" file="/home/emir/Desktop/sentinentx/tests/Unit/RunSymbolCycleTest.php" tests="20" assertions="60" errors="0" failures="0" skipped="0" time="0.071499">
      <testcase name="test_run_symbol_cycle_saas_ready" file="/home/emir/Desktop/sentinentx/tests/Unit/RunSymbolCycleTest.php" line="168" class="Tests\Unit\RunSymbolCycleTest" classname="Tests.Unit.RunSymbolCycleTest" assertions="2" time="0.060259"/>
      <testcase name="test_run_symbol_cycle_error_handling_ready" file="/home/emir/Desktop/sentinentx/tests/Unit/RunSymbolCycleTest.php" line="157" class="Tests\Unit\RunSymbolCycleTest" classname="Tests.Unit.RunSymbolCycleTest" assertions="3" time="0.000552"/>
      <testcase name="test_run_symbol_cycle_special_characters_symbol" file="/home/emir/Desktop/sentinentx/tests/Unit/RunSymbolCycleTest.php" line="210" class="Tests\Unit\RunSymbolCycleTest" classname="Tests.Unit.RunSymbolCycleTest" assertions="2" time="0.000478"/>
      <testcase name="test_run_symbol_cycle_queue_ready" file="/home/emir/Desktop/sentinentx/tests/Unit/RunSymbolCycleTest.php" line="132" class="Tests\Unit\RunSymbolCycleTest" classname="Tests.Unit.RunSymbolCycleTest" assertions="4" time="0.000534"/>
      <testcase name="test_run_symbol_cycle_unique_id_different_symbols" file="/home/emir/Desktop/sentinentx/tests/Unit/RunSymbolCycleTest.php" line="60" class="Tests\Unit\RunSymbolCycleTest" classname="Tests.Unit.RunSymbolCycleTest" assertions="3" time="0.000575"/>
      <testcase name="test_run_symbol_cycle_uses_correct_traits" file="/home/emir/Desktop/sentinentx/tests/Unit/RunSymbolCycleTest.php" line="109" class="Tests\Unit\RunSymbolCycleTest" classname="Tests.Unit.RunSymbolCycleTest" assertions="3" time="0.000461"/>
      <testcase name="test_run_symbol_cycle_has_handle_method" file="/home/emir/Desktop/sentinentx/tests/Unit/RunSymbolCycleTest.php" line="83" class="Tests\Unit\RunSymbolCycleTest" classname="Tests.Unit.RunSymbolCycleTest" assertions="5" time="0.000538"/>
      <testcase name="test_run_symbol_cycle_unique_id" file="/home/emir/Desktop/sentinentx/tests/Unit/RunSymbolCycleTest.php" line="49" class="Tests\Unit\RunSymbolCycleTest" classname="Tests.Unit.RunSymbolCycleTest" assertions="2" time="0.000906"/>
      <testcase name="test_run_symbol_cycle_unicode_symbol" file="/home/emir/Desktop/sentinentx/tests/Unit/RunSymbolCycleTest.php" line="229" class="Tests\Unit\RunSymbolCycleTest" classname="Tests.Unit.RunSymbolCycleTest" assertions="2" time="0.000880"/>
      <testcase name="test_run_symbol_cycle_has_correct_properties" file="/home/emir/Desktop/sentinentx/tests/Unit/RunSymbolCycleTest.php" line="22" class="Tests\Unit\RunSymbolCycleTest" classname="Tests.Unit.RunSymbolCycleTest" assertions="3" time="0.000749"/>
      <testcase name="test_run_symbol_cycle_middleware" file="/home/emir/Desktop/sentinentx/tests/Unit/RunSymbolCycleTest.php" line="71" class="Tests\Unit\RunSymbolCycleTest" classname="Tests.Unit.RunSymbolCycleTest" assertions="3" time="0.000993"/>
      <testcase name="test_run_symbol_cycle_concurrency_control" file="/home/emir/Desktop/sentinentx/tests/Unit/RunSymbolCycleTest.php" line="144" class="Tests\Unit\RunSymbolCycleTest" classname="Tests.Unit.RunSymbolCycleTest" assertions="3" time="0.000578"/>
      <testcase name="test_run_symbol_cycle_properties_types" file="/home/emir/Desktop/sentinentx/tests/Unit/RunSymbolCycleTest.php" line="32" class="Tests\Unit\RunSymbolCycleTest" classname="Tests.Unit.RunSymbolCycleTest" assertions="3" time="0.000510"/>
      <testcase name="test_run_symbol_cycle_empty_symbol" file="/home/emir/Desktop/sentinentx/tests/Unit/RunSymbolCycleTest.php" line="201" class="Tests\Unit\RunSymbolCycleTest" classname="Tests.Unit.RunSymbolCycleTest" assertions="2" time="0.000478"/>
      <testcase name="test_run_symbol_cycle_constructor" file="/home/emir/Desktop/sentinentx/tests/Unit/RunSymbolCycleTest.php" line="13" class="Tests\Unit\RunSymbolCycleTest" classname="Tests.Unit.RunSymbolCycleTest" assertions="2" time="0.000521"/>
      <testcase name="test_run_symbol_cycle_symbol_validation" file="/home/emir/Desktop/sentinentx/tests/Unit/RunSymbolCycleTest.php" line="188" class="Tests\Unit\RunSymbolCycleTest" classname="Tests.Unit.RunSymbolCycleTest" assertions="10" time="0.000569"/>
      <testcase name="test_run_symbol_cycle_long_symbol" file="/home/emir/Desktop/sentinentx/tests/Unit/RunSymbolCycleTest.php" line="219" class="Tests\Unit\RunSymbolCycleTest" classname="Tests.Unit.RunSymbolCycleTest" assertions="2" time="0.000502"/>
      <testcase name="test_run_symbol_cycle_trading_ready" file="/home/emir/Desktop/sentinentx/tests/Unit/RunSymbolCycleTest.php" line="121" class="Tests\Unit\RunSymbolCycleTest" classname="Tests.Unit.RunSymbolCycleTest" assertions="3" time="0.000513"/>
      <testcase name="test_run_symbol_cycle_implements_should_queue" file="/home/emir/Desktop/sentinentx/tests/Unit/RunSymbolCycleTest.php" line="101" class="Tests\Unit\RunSymbolCycleTest" classname="Tests.Unit.RunSymbolCycleTest" assertions="1" time="0.000457"/>
      <testcase name="test_run_symbol_cycle_observability_ready" file="/home/emir/Desktop/sentinentx/tests/Unit/RunSymbolCycleTest.php" line="178" class="Tests\Unit\RunSymbolCycleTest" classname="Tests.Unit.RunSymbolCycleTest" assertions="2" time="0.000444"/>
    </testsuite>
    <testsuite name="Tests\Unit\PropertyBased\SimplePropertyTest" file="/home/emir/Desktop/sentinentx/tests/Unit/PropertyBased/SimplePropertyTest.php" tests="4" assertions="2200" errors="0" failures="0" skipped="0" time="0.636565">
      <testcase name="position_sizer_basic_invariants" file="/home/emir/Desktop/sentinentx/tests/Unit/PropertyBased/SimplePropertyTest.php" line="21" class="Tests\Unit\PropertyBased\SimplePropertyTest" classname="Tests.Unit.PropertyBased.SimplePropertyTest" assertions="700" time="0.239563"/>
      <testcase name="risk_percentage_invariants" file="/home/emir/Desktop/sentinentx/tests/Unit/PropertyBased/SimplePropertyTest.php" line="103" class="Tests\Unit\PropertyBased\SimplePropertyTest" classname="Tests.Unit.PropertyBased.SimplePropertyTest" assertions="200" time="0.130797"/>
      <testcase name="im_cap_basic_invariants" file="/home/emir/Desktop/sentinentx/tests/Unit/PropertyBased/SimplePropertyTest.php" line="60" class="Tests\Unit\PropertyBased\SimplePropertyTest" classname="Tests.Unit.PropertyBased.SimplePropertyTest" assertions="900" time="0.139434"/>
      <testcase name="leverage_constraints" file="/home/emir/Desktop/sentinentx/tests/Unit/PropertyBased/SimplePropertyTest.php" line="140" class="Tests\Unit\PropertyBased\SimplePropertyTest" classname="Tests.Unit.PropertyBased.SimplePropertyTest" assertions="400" time="0.126771"/>
    </testsuite>
    <testsuite name="Tests\Unit\ManageDecisionTest" file="/home/emir/Desktop/sentinentx/tests/Unit/ManageDecisionTest.php" tests="16" assertions="32" errors="0" failures="0" skipped="0" time="0.020700">
      <testcase name="test_constructor_qty_delta_factor_below_minus_one_throws_exception" file="/home/emir/Desktop/sentinentx/tests/Unit/ManageDecisionTest.php" line="75" class="Tests\Unit\ManageDecisionTest" classname="Tests.Unit.ManageDecisionTest" assertions="2" time="0.011250"/>
      <testcase name="test_edge_case_confidence_hundred" file="/home/emir/Desktop/sentinentx/tests/Unit/ManageDecisionTest.php" line="153" class="Tests\Unit\ManageDecisionTest" classname="Tests.Unit.ManageDecisionTest" assertions="1" time="0.000459"/>
      <testcase name="test_edge_case_confidence_zero" file="/home/emir/Desktop/sentinentx/tests/Unit/ManageDecisionTest.php" line="145" class="Tests\Unit\ManageDecisionTest" classname="Tests.Unit.ManageDecisionTest" assertions="1" time="0.000473"/>
      <testcase name="test_constructor_with_minimal_parameters" file="/home/emir/Desktop/sentinentx/tests/Unit/ManageDecisionTest.php" line="35" class="Tests\Unit\ManageDecisionTest" classname="Tests.Unit.ManageDecisionTest" assertions="6" time="0.000456"/>
      <testcase name="test_constructor_qty_delta_factor_boundary_values" file="/home/emir/Desktop/sentinentx/tests/Unit/ManageDecisionTest.php" line="101" class="Tests\Unit\ManageDecisionTest" classname="Tests.Unit.ManageDecisionTest" assertions="2" time="0.000434"/>
      <testcase name="test_constructor_action_uppercase_conversion" file="/home/emir/Desktop/sentinentx/tests/Unit/ManageDecisionTest.php" line="27" class="Tests\Unit\ManageDecisionTest" classname="Tests.Unit.ManageDecisionTest" assertions="1" time="0.000937"/>
      <testcase name="test_to_array_method" file="/home/emir/Desktop/sentinentx/tests/Unit/ManageDecisionTest.php" line="111" class="Tests\Unit\ManageDecisionTest" classname="Tests.Unit.ManageDecisionTest" assertions="1" time="0.000954"/>
      <testcase name="test_constructor_qty_delta_factor_above_one_throws_exception" file="/home/emir/Desktop/sentinentx/tests/Unit/ManageDecisionTest.php" line="84" class="Tests\Unit\ManageDecisionTest" classname="Tests.Unit.ManageDecisionTest" assertions="2" time="0.001421"/>
      <testcase name="test_constructor_invalid_action_throws_exception" file="/home/emir/Desktop/sentinentx/tests/Unit/ManageDecisionTest.php" line="48" class="Tests\Unit\ManageDecisionTest" classname="Tests.Unit.ManageDecisionTest" assertions="2" time="0.000996"/>
      <testcase name="test_constructor_confidence_above_hundred_throws_exception" file="/home/emir/Desktop/sentinentx/tests/Unit/ManageDecisionTest.php" line="66" class="Tests\Unit\ManageDecisionTest" classname="Tests.Unit.ManageDecisionTest" assertions="2" time="0.000678"/>
      <testcase name="test_constructor_confidence_below_zero_throws_exception" file="/home/emir/Desktop/sentinentx/tests/Unit/ManageDecisionTest.php" line="57" class="Tests\Unit\ManageDecisionTest" classname="Tests.Unit.ManageDecisionTest" assertions="2" time="0.000487"/>
      <testcase name="test_constructor_qty_delta_factor_null_allowed" file="/home/emir/Desktop/sentinentx/tests/Unit/ManageDecisionTest.php" line="93" class="Tests\Unit\ManageDecisionTest" classname="Tests.Unit.ManageDecisionTest" assertions="1" time="0.000447"/>
      <testcase name="test_edge_case_qty_delta_factor_zero" file="/home/emir/Desktop/sentinentx/tests/Unit/ManageDecisionTest.php" line="161" class="Tests\Unit\ManageDecisionTest" classname="Tests.Unit.ManageDecisionTest" assertions="1" time="0.000435"/>
      <testcase name="test_to_array_with_null_values" file="/home/emir/Desktop/sentinentx/tests/Unit/ManageDecisionTest.php" line="128" class="Tests\Unit\ManageDecisionTest" classname="Tests.Unit.ManageDecisionTest" assertions="1" time="0.000437"/>
      <testcase name="test_edge_case_qty_delta_factor_small_decimals" file="/home/emir/Desktop/sentinentx/tests/Unit/ManageDecisionTest.php" line="169" class="Tests\Unit\ManageDecisionTest" classname="Tests.Unit.ManageDecisionTest" assertions="1" time="0.000414"/>
      <testcase name="test_constructor_with_valid_parameters" file="/home/emir/Desktop/sentinentx/tests/Unit/ManageDecisionTest.php" line="14" class="Tests\Unit\ManageDecisionTest" classname="Tests.Unit.ManageDecisionTest" assertions="6" time="0.000421"/>
    </testsuite>
    <testsuite name="Tests\Unit\UserTest" file="/home/emir/Desktop/sentinentx/tests/Unit/UserTest.php" tests="19" assertions="37" errors="0" failures="0" skipped="0" time="0.044286">
      <testcase name="test_user_by_tenant_scope" file="/home/emir/Desktop/sentinentx/tests/Unit/UserTest.php" line="134" class="Tests\Unit\UserTest" classname="Tests.Unit.UserTest" assertions="1" time="0.031900"/>
      <testcase name="test_user_saas_attributes" file="/home/emir/Desktop/sentinentx/tests/Unit/UserTest.php" line="54" class="Tests\Unit\UserTest" classname="Tests.Unit.UserTest" assertions="3" time="0.000569"/>
      <testcase name="test_user_saas_billing_ready" file="/home/emir/Desktop/sentinentx/tests/Unit/UserTest.php" line="172" class="Tests\Unit\UserTest" classname="Tests.Unit.UserTest" assertions="2" time="0.000500"/>
      <testcase name="test_user_model_structure" file="/home/emir/Desktop/sentinentx/tests/Unit/UserTest.php" line="202" class="Tests\Unit\UserTest" classname="Tests.Unit.UserTest" assertions="4" time="0.000478"/>
      <testcase name="test_user_has_relationship_methods" file="/home/emir/Desktop/sentinentx/tests/Unit/UserTest.php" line="76" class="Tests\Unit\UserTest" classname="Tests.Unit.UserTest" assertions="4" time="0.000479"/>
      <testcase name="test_user_role_based_access_ready" file="/home/emir/Desktop/sentinentx/tests/Unit/UserTest.php" line="192" class="Tests\Unit\UserTest" classname="Tests.Unit.UserTest" assertions="2" time="0.000459"/>
      <testcase name="test_user_has_scope_methods" file="/home/emir/Desktop/sentinentx/tests/Unit/UserTest.php" line="88" class="Tests\Unit\UserTest" classname="Tests.Unit.UserTest" assertions="2" time="0.000451"/>
      <testcase name="test_user_casts" file="/home/emir/Desktop/sentinentx/tests/Unit/UserTest.php" line="43" class="Tests\Unit\UserTest" classname="Tests.Unit.UserTest" assertions="3" time="0.000471"/>
      <testcase name="test_user_settings_relationship" file="/home/emir/Desktop/sentinentx/tests/Unit/UserTest.php" line="125" class="Tests\Unit\UserTest" classname="Tests.Unit.UserTest" assertions="1" time="0.000627"/>
      <testcase name="test_user_password_security" file="/home/emir/Desktop/sentinentx/tests/Unit/UserTest.php" line="152" class="Tests\Unit\UserTest" classname="Tests.Unit.UserTest" assertions="2" time="0.000645"/>
      <testcase name="test_user_fillable_attributes" file="/home/emir/Desktop/sentinentx/tests/Unit/UserTest.php" line="13" class="Tests\Unit\UserTest" classname="Tests.Unit.UserTest" assertions="1" time="0.001039"/>
      <testcase name="test_user_multi_tenancy_ready" file="/home/emir/Desktop/sentinentx/tests/Unit/UserTest.php" line="182" class="Tests\Unit\UserTest" classname="Tests.Unit.UserTest" assertions="2" time="0.000859"/>
      <testcase name="test_user_hidden_attributes" file="/home/emir/Desktop/sentinentx/tests/Unit/UserTest.php" line="30" class="Tests\Unit\UserTest" classname="Tests.Unit.UserTest" assertions="1" time="0.000986"/>
      <testcase name="test_user_by_role_scope" file="/home/emir/Desktop/sentinentx/tests/Unit/UserTest.php" line="143" class="Tests\Unit\UserTest" classname="Tests.Unit.UserTest" assertions="1" time="0.001041"/>
      <testcase name="test_user_usage_counters_relationship" file="/home/emir/Desktop/sentinentx/tests/Unit/UserTest.php" line="116" class="Tests\Unit\UserTest" classname="Tests.Unit.UserTest" assertions="1" time="0.001106"/>
      <testcase name="test_user_meta_extensibility" file="/home/emir/Desktop/sentinentx/tests/Unit/UserTest.php" line="162" class="Tests\Unit\UserTest" classname="Tests.Unit.UserTest" assertions="2" time="0.000954"/>
      <testcase name="test_user_subscriptions_relationship" file="/home/emir/Desktop/sentinentx/tests/Unit/UserTest.php" line="107" class="Tests\Unit\UserTest" classname="Tests.Unit.UserTest" assertions="1" time="0.000728"/>
      <testcase name="test_user_authentication_attributes" file="/home/emir/Desktop/sentinentx/tests/Unit/UserTest.php" line="65" class="Tests\Unit\UserTest" classname="Tests.Unit.UserTest" assertions="3" time="0.000512"/>
      <testcase name="test_user_tenant_relationship" file="/home/emir/Desktop/sentinentx/tests/Unit/UserTest.php" line="98" class="Tests\Unit\UserTest" classname="Tests.Unit.UserTest" assertions="1" time="0.000482"/>
    </testsuite>
    <testsuite name="Tests\Unit\Services\Market\CoinGeckoServiceTest" file="/home/emir/Desktop/sentinentx/tests/Unit/Services/Market/CoinGeckoServiceTest.php" tests="7" assertions="35" errors="0" failures="3" skipped="0" time="0.617549">
      <testcase name="test_calculates_reliability_score_correctly" file="/home/emir/Desktop/sentinentx/tests/Unit/Services/Market/CoinGeckoServiceTest.php" line="152" class="Tests\Unit\Services\Market\CoinGeckoServiceTest" classname="Tests.Unit.Services.Market.CoinGeckoServiceTest" assertions="1" time="0.111051">
        <failure type="PHPUnit\Framework\ExpectationFailedException">Tests\Unit\Services\Market\CoinGeckoServiceTest::test_calculates_reliability_score_correctly
Failed asserting that 25.0 is greater than 70.

/home/emir/Desktop/sentinentx/tests/Unit/Services/Market/CoinGeckoServiceTest.php:174</failure>
      </testcase>
      <testcase name="test_can_fetch_multi_coin_data" file="/home/emir/Desktop/sentinentx/tests/Unit/Services/Market/CoinGeckoServiceTest.php" line="23" class="Tests\Unit\Services\Market\CoinGeckoServiceTest" classname="Tests.Unit.Services.Market.CoinGeckoServiceTest" assertions="21" time="0.079168"/>
      <testcase name="test_uses_cache_for_performance" file="/home/emir/Desktop/sentinentx/tests/Unit/Services/Market/CoinGeckoServiceTest.php" line="207" class="Tests\Unit\Services\Market\CoinGeckoServiceTest" classname="Tests.Unit.Services.Market.CoinGeckoServiceTest" assertions="2" time="0.083527"/>
      <testcase name="test_handles_api_failure_gracefully" file="/home/emir/Desktop/sentinentx/tests/Unit/Services/Market/CoinGeckoServiceTest.php" line="139" class="Tests\Unit\Services\Market\CoinGeckoServiceTest" classname="Tests.Unit.Services.Market.CoinGeckoServiceTest" assertions="3" time="0.082376"/>
      <testcase name="test_handles_unsupported_symbol" file="/home/emir/Desktop/sentinentx/tests/Unit/Services/Market/CoinGeckoServiceTest.php" line="266" class="Tests\Unit\Services\Market\CoinGeckoServiceTest" classname="Tests.Unit.Services.Market.CoinGeckoServiceTest" assertions="4" time="0.091496"/>
      <testcase name="test_calculates_sentiment_score" file="/home/emir/Desktop/sentinentx/tests/Unit/Services/Market/CoinGeckoServiceTest.php" line="177" class="Tests\Unit\Services\Market\CoinGeckoServiceTest" classname="Tests.Unit.Services.Market.CoinGeckoServiceTest" assertions="1" time="0.078406">
        <failure type="PHPUnit\Framework\ExpectationFailedException">Tests\Unit\Services\Market\CoinGeckoServiceTest::test_calculates_sentiment_score
Failed asserting that 50.0 is greater than 50.

/home/emir/Desktop/sentinentx/tests/Unit/Services/Market/CoinGeckoServiceTest.php:203</failure>
      </testcase>
      <testcase name="test_single_coin_data_fetch" file="/home/emir/Desktop/sentinentx/tests/Unit/Services/Market/CoinGeckoServiceTest.php" line="231" class="Tests\Unit\Services\Market\CoinGeckoServiceTest" classname="Tests.Unit.Services.Market.CoinGeckoServiceTest" assertions="3" time="0.091525">
        <failure type="PHPUnit\Framework\ExpectationFailedException">Tests\Unit\Services\Market\CoinGeckoServiceTest::test_single_coin_data_fetch
Failed asserting that two strings are equal.
--- Expected
+++ Actual
@@ @@
-'Bitcoin'
+''

/home/emir/Desktop/sentinentx/tests/Unit/Services/Market/CoinGeckoServiceTest.php:259</failure>
      </testcase>
    </testsuite>
    <testsuite name="Tests\Unit\TelegramNotifierExtendedTest" file="/home/emir/Desktop/sentinentx/tests/Unit/TelegramNotifierExtendedTest.php" tests="10" assertions="12" errors="1" failures="3" skipped="1" time="0.832437">
      <testcase name="test_notification_with_missing_chat_id_skips" file="/home/emir/Desktop/sentinentx/tests/Unit/TelegramNotifierExtendedTest.php" line="97" class="Tests\Unit\TelegramNotifierExtendedTest" classname="Tests.Unit.TelegramNotifierExtendedTest" assertions="2" time="0.099282"/>
      <testcase name="test_notification_with_html_formatting" file="/home/emir/Desktop/sentinentx/tests/Unit/TelegramNotifierExtendedTest.php" line="52" class="Tests\Unit\TelegramNotifierExtendedTest" classname="Tests.Unit.TelegramNotifierExtendedTest" assertions="1" time="0.079343">
        <failure type="PHPUnit\Framework\ExpectationFailedException">Tests\Unit\TelegramNotifierExtendedTest::test_notification_with_html_formatting
An expected request was not recorded.
Failed asserting that false is true.

/home/emir/Desktop/sentinentx/vendor/laravel/framework/src/Illuminate/Http/Client/Factory.php:379
/home/emir/Desktop/sentinentx/vendor/laravel/framework/src/Illuminate/Support/Facades/Facade.php:363
/home/emir/Desktop/sentinentx/tests/Unit/TelegramNotifierExtendedTest.php:61</failure>
      </testcase>
      <testcase name="test_notification_with_missing_token_skips" file="/home/emir/Desktop/sentinentx/tests/Unit/TelegramNotifierExtendedTest.php" line="83" class="Tests\Unit\TelegramNotifierExtendedTest" classname="Tests.Unit.TelegramNotifierExtendedTest" assertions="2" time="0.077632"/>
      <testcase name="test_notification_failure_logs_warning" file="/home/emir/Desktop/sentinentx/tests/Unit/TelegramNotifierExtendedTest.php" line="67" class="Tests\Unit\TelegramNotifierExtendedTest" classname="Tests.Unit.TelegramNotifierExtendedTest" assertions="1" time="0.083996"/>
      <testcase name="test_notification_respects_timeout" file="/home/emir/Desktop/sentinentx/tests/Unit/TelegramNotifierExtendedTest.php" line="156" class="Tests\Unit\TelegramNotifierExtendedTest" classname="Tests.Unit.TelegramNotifierExtendedTest" assertions="1" time="0.080419"/>
      <testcase name="test_notification_with_long_message" file="/home/emir/Desktop/sentinentx/tests/Unit/TelegramNotifierExtendedTest.php" line="142" class="Tests\Unit\TelegramNotifierExtendedTest" classname="Tests.Unit.TelegramNotifierExtendedTest" assertions="1" time="0.085760">
        <failure type="PHPUnit\Framework\ExpectationFailedException">Tests\Unit\TelegramNotifierExtendedTest::test_notification_with_long_message
An expected request was not recorded.
Failed asserting that false is true.

/home/emir/Desktop/sentinentx/vendor/laravel/framework/src/Illuminate/Http/Client/Factory.php:379
/home/emir/Desktop/sentinentx/vendor/laravel/framework/src/Illuminate/Support/Facades/Facade.php:363
/home/emir/Desktop/sentinentx/tests/Unit/TelegramNotifierExtendedTest.php:151</failure>
      </testcase>
      <testcase name="test_notification_with_network_timeout" file="/home/emir/Desktop/sentinentx/tests/Unit/TelegramNotifierExtendedTest.php" line="125" class="Tests\Unit\TelegramNotifierExtendedTest" classname="Tests.Unit.TelegramNotifierExtendedTest" assertions="1" time="0.085339">
        <error type="Mockery\Exception\NoMatchingExpectationException">Tests\Unit\TelegramNotifierExtendedTest::test_notification_with_network_timeout
Mockery\Exception\NoMatchingExpectationException: No matching handler found for Mockery_6_Illuminate_Log_LogManager::notice('Telegram notify skipped (token/chatId missing/invalid)'). Either the method was unexpected or its arguments matched no expected argument list for this method



/home/emir/Desktop/sentinentx/vendor/mockery/mockery/library/Mockery/ExpectationDirector.php:90
/home/emir/Desktop/sentinentx/vendor/laravel/framework/src/Illuminate/Support/Facades/Facade.php:363
/home/emir/Desktop/sentinentx/app/Services/Notifier/TelegramNotifier.php:29
/home/emir/Desktop/sentinentx/tests/Unit/TelegramNotifierExtendedTest.php:139</error>
      </testcase>
      <testcase name="test_notification_with_invalid_token_skips" file="/home/emir/Desktop/sentinentx/tests/Unit/TelegramNotifierExtendedTest.php" line="111" class="Tests\Unit\TelegramNotifierExtendedTest" classname="Tests.Unit.TelegramNotifierExtendedTest" assertions="2" time="0.084226"/>
      <testcase name="test_successful_notification" file="/home/emir/Desktop/sentinentx/tests/Unit/TelegramNotifierExtendedTest.php" line="28" class="Tests\Unit\TelegramNotifierExtendedTest" classname="Tests.Unit.TelegramNotifierExtendedTest" assertions="1" time="0.079406">
        <failure type="PHPUnit\Framework\ExpectationFailedException">Tests\Unit\TelegramNotifierExtendedTest::test_successful_notification
An expected request was not recorded.
Failed asserting that false is true.

/home/emir/Desktop/sentinentx/vendor/laravel/framework/src/Illuminate/Http/Client/Factory.php:379
/home/emir/Desktop/sentinentx/vendor/laravel/framework/src/Illuminate/Support/Facades/Facade.php:363
/home/emir/Desktop/sentinentx/tests/Unit/TelegramNotifierExtendedTest.php:43</failure>
      </testcase>
      <testcase name="test_notification_with_special_characters" file="/home/emir/Desktop/sentinentx/tests/Unit/TelegramNotifierExtendedTest.php" line="170" class="Tests\Unit\TelegramNotifierExtendedTest" classname="Tests.Unit.TelegramNotifierExtendedTest" assertions="0" time="0.077035">
        <skipped/>
      </testcase>
    </testsuite>
    <testsuite name="Tests\Unit\PnlServiceExtendedTest" file="/home/emir/Desktop/sentinentx/tests/Unit/PnlServiceExtendedTest.php" tests="6" assertions="6" errors="0" failures="0" skipped="0" time="0.518786">
      <testcase name="test_multiple_executions" file="/home/emir/Desktop/sentinentx/tests/Unit/PnlServiceExtendedTest.php" line="53" class="Tests\Unit\PnlServiceExtendedTest" classname="Tests.Unit.PnlServiceExtendedTest" assertions="1" time="0.104671"/>
      <testcase name="test_no_matching_execution" file="/home/emir/Desktop/sentinentx/tests/Unit/PnlServiceExtendedTest.php" line="41" class="Tests\Unit\PnlServiceExtendedTest" classname="Tests.Unit.PnlServiceExtendedTest" assertions="1" time="0.082075"/>
      <testcase name="test_partial_execution" file="/home/emir/Desktop/sentinentx/tests/Unit/PnlServiceExtendedTest.php" line="47" class="Tests\Unit\PnlServiceExtendedTest" classname="Tests.Unit.PnlServiceExtendedTest" assertions="1" time="0.094088"/>
      <testcase name="test_compute_and_persist_long_profit" file="/home/emir/Desktop/sentinentx/tests/Unit/PnlServiceExtendedTest.php" line="23" class="Tests\Unit\PnlServiceExtendedTest" classname="Tests.Unit.PnlServiceExtendedTest" assertions="1" time="0.079259"/>
      <testcase name="test_compute_and_persist_short_profit" file="/home/emir/Desktop/sentinentx/tests/Unit/PnlServiceExtendedTest.php" line="29" class="Tests\Unit\PnlServiceExtendedTest" classname="Tests.Unit.PnlServiceExtendedTest" assertions="1" time="0.077538"/>
      <testcase name="test_compute_and_persist_loss" file="/home/emir/Desktop/sentinentx/tests/Unit/PnlServiceExtendedTest.php" line="35" class="Tests\Unit\PnlServiceExtendedTest" classname="Tests.Unit.PnlServiceExtendedTest" assertions="1" time="0.081156"/>
    </testsuite>
    <testsuite name="Tests\Unit\SnapshotServiceExtendedTest" file="/home/emir/Desktop/sentinentx/tests/Unit/SnapshotServiceExtendedTest.php" tests="12" assertions="12" errors="0" failures="0" skipped="0" time="1.011972">
      <testcase name="test_get_snapshot_age" file="/home/emir/Desktop/sentinentx/tests/Unit/SnapshotServiceExtendedTest.php" line="89" class="Tests\Unit\SnapshotServiceExtendedTest" classname="Tests.Unit.SnapshotServiceExtendedTest" assertions="1" time="0.120140"/>
      <testcase name="test_create_snapshot_basic" file="/home/emir/Desktop/sentinentx/tests/Unit/SnapshotServiceExtendedTest.php" line="23" class="Tests\Unit\SnapshotServiceExtendedTest" classname="Tests.Unit.SnapshotServiceExtendedTest" assertions="1" time="0.078629"/>
      <testcase name="test_create_snapshot_empty_symbols" file="/home/emir/Desktop/sentinentx/tests/Unit/SnapshotServiceExtendedTest.php" line="35" class="Tests\Unit\SnapshotServiceExtendedTest" classname="Tests.Unit.SnapshotServiceExtendedTest" assertions="1" time="0.083265"/>
      <testcase name="test_validate_snapshot_missing_market_data" file="/home/emir/Desktop/sentinentx/tests/Unit/SnapshotServiceExtendedTest.php" line="65" class="Tests\Unit\SnapshotServiceExtendedTest" classname="Tests.Unit.SnapshotServiceExtendedTest" assertions="1" time="0.080743"/>
      <testcase name="test_compress_snapshot" file="/home/emir/Desktop/sentinentx/tests/Unit/SnapshotServiceExtendedTest.php" line="83" class="Tests\Unit\SnapshotServiceExtendedTest" classname="Tests.Unit.SnapshotServiceExtendedTest" assertions="1" time="0.081633"/>
      <testcase name="test_validate_snapshot_valid" file="/home/emir/Desktop/sentinentx/tests/Unit/SnapshotServiceExtendedTest.php" line="47" class="Tests\Unit\SnapshotServiceExtendedTest" classname="Tests.Unit.SnapshotServiceExtendedTest" assertions="1" time="0.080429"/>
      <testcase name="test_validate_snapshot_old_timestamp" file="/home/emir/Desktop/sentinentx/tests/Unit/SnapshotServiceExtendedTest.php" line="71" class="Tests\Unit\SnapshotServiceExtendedTest" classname="Tests.Unit.SnapshotServiceExtendedTest" assertions="1" time="0.076869"/>
      <testcase name="test_validate_snapshot_missing_timestamp" file="/home/emir/Desktop/sentinentx/tests/Unit/SnapshotServiceExtendedTest.php" line="53" class="Tests\Unit\SnapshotServiceExtendedTest" classname="Tests.Unit.SnapshotServiceExtendedTest" assertions="1" time="0.078839"/>
      <testcase name="test_validate_snapshot_missing_symbols" file="/home/emir/Desktop/sentinentx/tests/Unit/SnapshotServiceExtendedTest.php" line="59" class="Tests\Unit\SnapshotServiceExtendedTest" classname="Tests.Unit.SnapshotServiceExtendedTest" assertions="1" time="0.080014"/>
      <testcase name="test_create_snapshot_api_failure" file="/home/emir/Desktop/sentinentx/tests/Unit/SnapshotServiceExtendedTest.php" line="41" class="Tests\Unit\SnapshotServiceExtendedTest" classname="Tests.Unit.SnapshotServiceExtendedTest" assertions="1" time="0.080081"/>
      <testcase name="test_create_snapshot_multiple_symbols" file="/home/emir/Desktop/sentinentx/tests/Unit/SnapshotServiceExtendedTest.php" line="29" class="Tests\Unit\SnapshotServiceExtendedTest" classname="Tests.Unit.SnapshotServiceExtendedTest" assertions="1" time="0.079991"/>
      <testcase name="test_enrich_snapshot_with_indicators" file="/home/emir/Desktop/sentinentx/tests/Unit/SnapshotServiceExtendedTest.php" line="77" class="Tests\Unit\SnapshotServiceExtendedTest" classname="Tests.Unit.SnapshotServiceExtendedTest" assertions="1" time="0.091337"/>
    </testsuite>
    <testsuite name="Tests\Unit\DriftGuardServiceTest" file="/home/emir/Desktop/sentinentx/tests/Unit/DriftGuardServiceTest.php" tests="19" assertions="85" errors="0" failures="0" skipped="0" time="1.568398">
      <testcase name="test_check_position_drift_edge_case_zero_equity" file="/home/emir/Desktop/sentinentx/tests/Unit/DriftGuardServiceTest.php" line="159" class="Tests\Unit\DriftGuardServiceTest" classname="Tests.Unit.DriftGuardServiceTest" assertions="4" time="0.107111"/>
      <testcase name="test_check_position_drift_edge_case_very_small_position" file="/home/emir/Desktop/sentinentx/tests/Unit/DriftGuardServiceTest.php" line="176" class="Tests\Unit\DriftGuardServiceTest" classname="Tests.Unit.DriftGuardServiceTest" assertions="4" time="0.079346"/>
      <testcase name="test_position_size_calculation_precision" file="/home/emir/Desktop/sentinentx/tests/Unit/DriftGuardServiceTest.php" line="370" class="Tests\Unit\DriftGuardServiceTest" classname="Tests.Unit.DriftGuardServiceTest" assertions="3" time="0.080877"/>
      <testcase name="test_check_position_drift_long_profit" file="/home/emir/Desktop/sentinentx/tests/Unit/DriftGuardServiceTest.php" line="28" class="Tests\Unit\DriftGuardServiceTest" classname="Tests.Unit.DriftGuardServiceTest" assertions="6" time="0.077132"/>
      <testcase name="test_close_drift_alarm" file="/home/emir/Desktop/sentinentx/tests/Unit/DriftGuardServiceTest.php" line="207" class="Tests\Unit\DriftGuardServiceTest" classname="Tests.Unit.DriftGuardServiceTest" assertions="3" time="0.075772"/>
      <testcase name="test_check_position_drift_medium_risk" file="/home/emir/Desktop/sentinentx/tests/Unit/DriftGuardServiceTest.php" line="122" class="Tests\Unit\DriftGuardServiceTest" classname="Tests.Unit.DriftGuardServiceTest" assertions="5" time="0.080194"/>
      <testcase name="test_check_bulk_drift_multiple_positions" file="/home/emir/Desktop/sentinentx/tests/Unit/DriftGuardServiceTest.php" line="240" class="Tests\Unit\DriftGuardServiceTest" classname="Tests.Unit.DriftGuardServiceTest" assertions="6" time="0.080359"/>
      <testcase name="test_check_bulk_drift_critical_risk" file="/home/emir/Desktop/sentinentx/tests/Unit/DriftGuardServiceTest.php" line="277" class="Tests\Unit\DriftGuardServiceTest" classname="Tests.Unit.DriftGuardServiceTest" assertions="3" time="0.076580"/>
      <testcase name="test_check_position_drift_long_loss" file="/home/emir/Desktop/sentinentx/tests/Unit/DriftGuardServiceTest.php" line="48" class="Tests\Unit\DriftGuardServiceTest" classname="Tests.Unit.DriftGuardServiceTest" assertions="6" time="0.081530"/>
      <testcase name="test_update_config" file="/home/emir/Desktop/sentinentx/tests/Unit/DriftGuardServiceTest.php" line="297" class="Tests\Unit\DriftGuardServiceTest" classname="Tests.Unit.DriftGuardServiceTest" assertions="5" time="0.075467"/>
      <testcase name="test_drift_calculation_precision" file="/home/emir/Desktop/sentinentx/tests/Unit/DriftGuardServiceTest.php" line="354" class="Tests\Unit\DriftGuardServiceTest" classname="Tests.Unit.DriftGuardServiceTest" assertions="3" time="0.076897"/>
      <testcase name="test_check_position_drift_critical_risk" file="/home/emir/Desktop/sentinentx/tests/Unit/DriftGuardServiceTest.php" line="140" class="Tests\Unit\DriftGuardServiceTest" classname="Tests.Unit.DriftGuardServiceTest" assertions="6" time="0.101059"/>
      <testcase name="test_update_config_partial" file="/home/emir/Desktop/sentinentx/tests/Unit/DriftGuardServiceTest.php" line="325" class="Tests\Unit\DriftGuardServiceTest" classname="Tests.Unit.DriftGuardServiceTest" assertions="4" time="0.075580"/>
      <testcase name="test_update_config_invalid_keys" file="/home/emir/Desktop/sentinentx/tests/Unit/DriftGuardServiceTest.php" line="340" class="Tests\Unit\DriftGuardServiceTest" classname="Tests.Unit.DriftGuardServiceTest" assertions="2" time="0.080338"/>
      <testcase name="test_check_position_drift_low_risk" file="/home/emir/Desktop/sentinentx/tests/Unit/DriftGuardServiceTest.php" line="104" class="Tests\Unit\DriftGuardServiceTest" classname="Tests.Unit.DriftGuardServiceTest" assertions="5" time="0.080715"/>
      <testcase name="test_check_position_drift_short_loss" file="/home/emir/Desktop/sentinentx/tests/Unit/DriftGuardServiceTest.php" line="86" class="Tests\Unit\DriftGuardServiceTest" classname="Tests.Unit.DriftGuardServiceTest" assertions="5" time="0.077980"/>
      <testcase name="test_check_position_drift_short_profit" file="/home/emir/Desktop/sentinentx/tests/Unit/DriftGuardServiceTest.php" line="68" class="Tests\Unit\DriftGuardServiceTest" classname="Tests.Unit.DriftGuardServiceTest" assertions="5" time="0.077608"/>
      <testcase name="test_setup_drift_alarm" file="/home/emir/Desktop/sentinentx/tests/Unit/DriftGuardServiceTest.php" line="193" class="Tests\Unit\DriftGuardServiceTest" classname="Tests.Unit.DriftGuardServiceTest" assertions="5" time="0.103518"/>
      <testcase name="test_check_bulk_drift_single_position" file="/home/emir/Desktop/sentinentx/tests/Unit/DriftGuardServiceTest.php" line="218" class="Tests\Unit\DriftGuardServiceTest" classname="Tests.Unit.DriftGuardServiceTest" assertions="5" time="0.080336"/>
    </testsuite>
    <testsuite name="Tests\Unit\StopCalculatorTest" file="/home/emir/Desktop/sentinentx/tests/Unit/StopCalculatorTest.php" tests="8" assertions="21" errors="0" failures="0" skipped="0" time="0.052750">
      <testcase name="test_stop_calculator_risk_management_methods" file="/home/emir/Desktop/sentinentx/tests/Unit/StopCalculatorTest.php" line="87" class="Tests\Unit\StopCalculatorTest" classname="Tests.Unit.StopCalculatorTest" assertions="4" time="0.048153"/>
      <testcase name="test_stop_calculator_method_signatures" file="/home/emir/Desktop/sentinentx/tests/Unit/StopCalculatorTest.php" line="45" class="Tests\Unit\StopCalculatorTest" classname="Tests.Unit.StopCalculatorTest" assertions="5" time="0.000669"/>
      <testcase name="test_stop_calculator_has_atr_stop_method" file="/home/emir/Desktop/sentinentx/tests/Unit/StopCalculatorTest.php" line="27" class="Tests\Unit\StopCalculatorTest" classname="Tests.Unit.StopCalculatorTest" assertions="1" time="0.000506"/>
      <testcase name="test_stop_calculator_has_compute_method" file="/home/emir/Desktop/sentinentx/tests/Unit/StopCalculatorTest.php" line="21" class="Tests\Unit\StopCalculatorTest" classname="Tests.Unit.StopCalculatorTest" assertions="1" time="0.000889"/>
      <testcase name="test_stop_calculator_method_visibility" file="/home/emir/Desktop/sentinentx/tests/Unit/StopCalculatorTest.php" line="63" class="Tests\Unit\StopCalculatorTest" classname="Tests.Unit.StopCalculatorTest" assertions="4" time="0.000763"/>
      <testcase name="test_stop_calculator_has_stop_limit_method" file="/home/emir/Desktop/sentinentx/tests/Unit/StopCalculatorTest.php" line="39" class="Tests\Unit\StopCalculatorTest" classname="Tests.Unit.StopCalculatorTest" assertions="1" time="0.000579"/>
      <testcase name="test_stop_calculator_has_atr_take_profit_method" file="/home/emir/Desktop/sentinentx/tests/Unit/StopCalculatorTest.php" line="33" class="Tests\Unit\StopCalculatorTest" classname="Tests.Unit.StopCalculatorTest" assertions="1" time="0.000600"/>
      <testcase name="test_stop_calculator_saas_trading_service" file="/home/emir/Desktop/sentinentx/tests/Unit/StopCalculatorTest.php" line="75" class="Tests\Unit\StopCalculatorTest" classname="Tests.Unit.StopCalculatorTest" assertions="4" time="0.000590"/>
    </testsuite>
    <testsuite name="Tests\Unit\TradingCacheServiceTest" file="/home/emir/Desktop/sentinentx/tests/Unit/TradingCacheServiceTest.php" tests="11" assertions="51" errors="0" failures="0" skipped="1" time="1.803992">
      <testcase name="cache_handles_redis_failure_gracefully" file="/home/emir/Desktop/sentinentx/tests/Unit/TradingCacheServiceTest.php" line="261" class="Tests\Unit\TradingCacheServiceTest" classname="Tests.Unit.TradingCacheServiceTest" assertions="3" time="0.178388"/>
      <testcase name="cache_market_data_stores_crypto_prices_correctly" file="/home/emir/Desktop/sentinentx/tests/Unit/TradingCacheServiceTest.php" line="35" class="Tests\Unit\TradingCacheServiceTest" classname="Tests.Unit.TradingCacheServiceTest" assertions="4" time="0.194613"/>
      <testcase name="tenant_cache_cleanup_removes_all_tenant_data" file="/home/emir/Desktop/sentinentx/tests/Unit/TradingCacheServiceTest.php" line="232" class="Tests\Unit\TradingCacheServiceTest" classname="Tests.Unit.TradingCacheServiceTest" assertions="0" time="0.138856">
        <skipped/>
      </testcase>
      <testcase name="risk_metrics_caching_with_freshness_check" file="/home/emir/Desktop/sentinentx/tests/Unit/TradingCacheServiceTest.php" line="170" class="Tests\Unit\TradingCacheServiceTest" classname="Tests.Unit.TradingCacheServiceTest" assertions="5" time="0.201036"/>
      <testcase name="cache_warmup_preloads_popular_crypto_symbols" file="/home/emir/Desktop/sentinentx/tests/Unit/TradingCacheServiceTest.php" line="217" class="Tests\Unit\TradingCacheServiceTest" classname="Tests.Unit.TradingCacheServiceTest" assertions="15" time="0.147334"/>
      <testcase name="position_clearing_removes_closed_positions" file="/home/emir/Desktop/sentinentx/tests/Unit/TradingCacheServiceTest.php" line="142" class="Tests\Unit\TradingCacheServiceTest" classname="Tests.Unit.TradingCacheServiceTest" assertions="3" time="0.144505"/>
      <testcase name="position_cache_tracks_active_crypto_positions" file="/home/emir/Desktop/sentinentx/tests/Unit/TradingCacheServiceTest.php" line="102" class="Tests\Unit\TradingCacheServiceTest" classname="Tests.Unit.TradingCacheServiceTest" assertions="7" time="0.186640"/>
      <testcase name="tenant_isolation_prevents_cross_tenant_data_access" file="/home/emir/Desktop/sentinentx/tests/Unit/TradingCacheServiceTest.php" line="58" class="Tests\Unit\TradingCacheServiceTest" classname="Tests.Unit.TradingCacheServiceTest" assertions="4" time="0.135828"/>
      <testcase name="ai_rate_limiting_tracks_hourly_usage" file="/home/emir/Desktop/sentinentx/tests/Unit/TradingCacheServiceTest.php" line="200" class="Tests\Unit\TradingCacheServiceTest" classname="Tests.Unit.TradingCacheServiceTest" assertions="1" time="0.200434"/>
      <testcase name="ai_decision_caching_prevents_duplicate_requests" file="/home/emir/Desktop/sentinentx/tests/Unit/TradingCacheServiceTest.php" line="76" class="Tests\Unit\TradingCacheServiceTest" classname="Tests.Unit.TradingCacheServiceTest" assertions="5" time="0.139441"/>
      <testcase name="websocket_cache_integration_stores_realtime_data" file="/home/emir/Desktop/sentinentx/tests/Unit/TradingCacheServiceTest.php" line="239" class="Tests\Unit\TradingCacheServiceTest" classname="Tests.Unit.TradingCacheServiceTest" assertions="4" time="0.136915"/>
    </testsuite>
    <testsuite name="Tests\Unit\GeminiClientTest" file="/home/emir/Desktop/sentinentx/tests/Unit/GeminiClientTest.php" tests="24" assertions="24" errors="0" failures="0" skipped="0" time="0.044124">
      <testcase name="test_gemini_client_saas_ready" file="/home/emir/Desktop/sentinentx/tests/Unit/GeminiClientTest.php" line="83" class="Tests\Unit\GeminiClientTest" classname="Tests.Unit.GeminiClientTest" assertions="1" time="0.030602"/>
      <testcase name="test_gemini_client_http_integration_ready" file="/home/emir/Desktop/sentinentx/tests/Unit/GeminiClientTest.php" line="118" class="Tests\Unit\GeminiClientTest" classname="Tests.Unit.GeminiClientTest" assertions="1" time="0.000461"/>
      <testcase name="test_gemini_client_has_enabled_method" file="/home/emir/Desktop/sentinentx/tests/Unit/GeminiClientTest.php" line="27" class="Tests\Unit\GeminiClientTest" classname="Tests.Unit.GeminiClientTest" assertions="1" time="0.000438"/>
      <testcase name="test_gemini_client_symbol_handling_ready" file="/home/emir/Desktop/sentinentx/tests/Unit/GeminiClientTest.php" line="153" class="Tests\Unit\GeminiClientTest" classname="Tests.Unit.GeminiClientTest" assertions="1" time="0.000487"/>
      <testcase name="test_gemini_client_return_structure_ready" file="/home/emir/Desktop/sentinentx/tests/Unit/GeminiClientTest.php" line="167" class="Tests\Unit\GeminiClientTest" classname="Tests.Unit.GeminiClientTest" assertions="1" time="0.000434"/>
      <testcase name="test_gemini_client_configuration_ready" file="/home/emir/Desktop/sentinentx/tests/Unit/GeminiClientTest.php" line="111" class="Tests\Unit\GeminiClientTest" classname="Tests.Unit.GeminiClientTest" assertions="1" time="0.000431"/>
      <testcase name="test_gemini_client_json_parsing_ready" file="/home/emir/Desktop/sentinentx/tests/Unit/GeminiClientTest.php" line="125" class="Tests\Unit\GeminiClientTest" classname="Tests.Unit.GeminiClientTest" assertions="1" time="0.000435"/>
      <testcase name="test_gemini_client_has_decide_method" file="/home/emir/Desktop/sentinentx/tests/Unit/GeminiClientTest.php" line="34" class="Tests\Unit\GeminiClientTest" classname="Tests.Unit.GeminiClientTest" assertions="1" time="0.000427"/>
      <testcase name="test_gemini_client_decide_method_signature" file="/home/emir/Desktop/sentinentx/tests/Unit/GeminiClientTest.php" line="55" class="Tests\Unit\GeminiClientTest" classname="Tests.Unit.GeminiClientTest" assertions="1" time="0.000436"/>
      <testcase name="test_gemini_client_error_handling_ready" file="/home/emir/Desktop/sentinentx/tests/Unit/GeminiClientTest.php" line="132" class="Tests\Unit\GeminiClientTest" classname="Tests.Unit.GeminiClientTest" assertions="1" time="0.000431"/>
      <testcase name="test_gemini_client_has_name_method" file="/home/emir/Desktop/sentinentx/tests/Unit/GeminiClientTest.php" line="20" class="Tests\Unit\GeminiClientTest" classname="Tests.Unit.GeminiClientTest" assertions="1" time="0.000428"/>
      <testcase name="test_gemini_client_snapshot_processing_ready" file="/home/emir/Desktop/sentinentx/tests/Unit/GeminiClientTest.php" line="139" class="Tests\Unit\GeminiClientTest" classname="Tests.Unit.GeminiClientTest" assertions="1" time="0.000433"/>
      <testcase name="test_gemini_client_prompt_factory_integration_ready" file="/home/emir/Desktop/sentinentx/tests/Unit/GeminiClientTest.php" line="104" class="Tests\Unit\GeminiClientTest" classname="Tests.Unit.GeminiClientTest" assertions="1" time="0.000498"/>
      <testcase name="test_gemini_client_implements_ai_provider" file="/home/emir/Desktop/sentinentx/tests/Unit/GeminiClientTest.php" line="62" class="Tests\Unit\GeminiClientTest" classname="Tests.Unit.GeminiClientTest" assertions="1" time="0.000569"/>
      <testcase name="test_gemini_client_dependency_injection" file="/home/emir/Desktop/sentinentx/tests/Unit/GeminiClientTest.php" line="69" class="Tests\Unit\GeminiClientTest" classname="Tests.Unit.GeminiClientTest" assertions="1" time="0.000731"/>
      <testcase name="test_gemini_client_immutability_ready" file="/home/emir/Desktop/sentinentx/tests/Unit/GeminiClientTest.php" line="174" class="Tests\Unit\GeminiClientTest" classname="Tests.Unit.GeminiClientTest" assertions="1" time="0.000453"/>
      <testcase name="test_gemini_client_ai_provider_ready" file="/home/emir/Desktop/sentinentx/tests/Unit/GeminiClientTest.php" line="90" class="Tests\Unit\GeminiClientTest" classname="Tests.Unit.GeminiClientTest" assertions="1" time="0.001157"/>
      <testcase name="test_gemini_client_model_structure" file="/home/emir/Desktop/sentinentx/tests/Unit/GeminiClientTest.php" line="76" class="Tests\Unit\GeminiClientTest" classname="Tests.Unit.GeminiClientTest" assertions="1" time="0.000992"/>
      <testcase name="test_gemini_client_position_management_ready" file="/home/emir/Desktop/sentinentx/tests/Unit/GeminiClientTest.php" line="160" class="Tests\Unit\GeminiClientTest" classname="Tests.Unit.GeminiClientTest" assertions="1" time="0.001090"/>
      <testcase name="test_gemini_client_enabled_method_signature" file="/home/emir/Desktop/sentinentx/tests/Unit/GeminiClientTest.php" line="48" class="Tests\Unit\GeminiClientTest" classname="Tests.Unit.GeminiClientTest" assertions="1" time="0.001081"/>
      <testcase name="test_gemini_client_constructor" file="/home/emir/Desktop/sentinentx/tests/Unit/GeminiClientTest.php" line="13" class="Tests\Unit\GeminiClientTest" classname="Tests.Unit.GeminiClientTest" assertions="1" time="0.000605"/>
      <testcase name="test_gemini_client_trading_decisions_ready" file="/home/emir/Desktop/sentinentx/tests/Unit/GeminiClientTest.php" line="97" class="Tests\Unit\GeminiClientTest" classname="Tests.Unit.GeminiClientTest" assertions="1" time="0.000560"/>
      <testcase name="test_gemini_client_name_method_signature" file="/home/emir/Desktop/sentinentx/tests/Unit/GeminiClientTest.php" line="41" class="Tests\Unit\GeminiClientTest" classname="Tests.Unit.GeminiClientTest" assertions="1" time="0.000504"/>
      <testcase name="test_gemini_client_stage_handling_ready" file="/home/emir/Desktop/sentinentx/tests/Unit/GeminiClientTest.php" line="146" class="Tests\Unit\GeminiClientTest" classname="Tests.Unit.GeminiClientTest" assertions="1" time="0.000440"/>
    </testsuite>
    <testsuite name="Tests\Unit\TradeTest" file="/home/emir/Desktop/sentinentx/tests/Unit/TradeTest.php" tests="15" assertions="56" errors="0" failures="0" skipped="0" time="0.049963">
      <testcase name="test_trade_exchange_integration_ready" file="/home/emir/Desktop/sentinentx/tests/Unit/TradeTest.php" line="180" class="Tests\Unit\TradeTest" classname="Tests.Unit.TradeTest" assertions="4" time="0.043562"/>
      <testcase name="test_trade_timing_attributes" file="/home/emir/Desktop/sentinentx/tests/Unit/TradeTest.php" line="95" class="Tests\Unit\TradeTest" classname="Tests.Unit.TradeTest" assertions="2" time="0.000514"/>
      <testcase name="test_trade_analytics_ready" file="/home/emir/Desktop/sentinentx/tests/Unit/TradeTest.php" line="197" class="Tests\Unit\TradeTest" classname="Tests.Unit.TradeTest" assertions="4" time="0.000453"/>
      <testcase name="test_trade_casts_are_correct" file="/home/emir/Desktop/sentinentx/tests/Unit/TradeTest.php" line="27" class="Tests\Unit\TradeTest" classname="Tests.Unit.TradeTest" assertions="10" time="0.000504"/>
      <testcase name="test_trade_metadata_attributes" file="/home/emir/Desktop/sentinentx/tests/Unit/TradeTest.php" line="105" class="Tests\Unit\TradeTest" classname="Tests.Unit.TradeTest" assertions="1" time="0.000486"/>
      <testcase name="test_trade_risk_management_ready" file="/home/emir/Desktop/sentinentx/tests/Unit/TradeTest.php" line="160" class="Tests\Unit\TradeTest" classname="Tests.Unit.TradeTest" assertions="5" time="0.000442"/>
      <testcase name="test_trade_trading_attributes" file="/home/emir/Desktop/sentinentx/tests/Unit/TradeTest.php" line="50" class="Tests\Unit\TradeTest" classname="Tests.Unit.TradeTest" assertions="6" time="0.000480"/>
      <testcase name="test_trade_model_structure" file="/home/emir/Desktop/sentinentx/tests/Unit/TradeTest.php" line="214" class="Tests\Unit\TradeTest" classname="Tests.Unit.TradeTest" assertions="2" time="0.000428"/>
      <testcase name="test_trade_decimal_precision" file="/home/emir/Desktop/sentinentx/tests/Unit/TradeTest.php" line="114" class="Tests\Unit\TradeTest" classname="Tests.Unit.TradeTest" assertions="7" time="0.000456"/>
      <testcase name="test_trade_exchange_integration_attributes" file="/home/emir/Desktop/sentinentx/tests/Unit/TradeTest.php" line="86" class="Tests\Unit\TradeTest" classname="Tests.Unit.TradeTest" assertions="1" time="0.000427"/>
      <testcase name="test_trade_has_correct_fillable_attributes" file="/home/emir/Desktop/sentinentx/tests/Unit/TradeTest.php" line="13" class="Tests\Unit\TradeTest" classname="Tests.Unit.TradeTest" assertions="1" time="0.000434"/>
      <testcase name="test_trade_saas_billing_ready" file="/home/emir/Desktop/sentinentx/tests/Unit/TradeTest.php" line="142" class="Tests\Unit\TradeTest" classname="Tests.Unit.TradeTest" assertions="5" time="0.000447"/>
      <testcase name="test_trade_pnl_tracking_attributes" file="/home/emir/Desktop/sentinentx/tests/Unit/TradeTest.php" line="75" class="Tests\Unit\TradeTest" classname="Tests.Unit.TradeTest" assertions="3" time="0.000431"/>
      <testcase name="test_trade_datetime_fields" file="/home/emir/Desktop/sentinentx/tests/Unit/TradeTest.php" line="128" class="Tests\Unit\TradeTest" classname="Tests.Unit.TradeTest" assertions="2" time="0.000462"/>
      <testcase name="test_trade_risk_management_attributes" file="/home/emir/Desktop/sentinentx/tests/Unit/TradeTest.php" line="64" class="Tests\Unit\TradeTest" classname="Tests.Unit.TradeTest" assertions="3" time="0.000437"/>
    </testsuite>
    <testsuite name="Tests\Unit\Services\Trading\TradeManagerTest" file="/home/emir/Desktop/sentinentx/tests/Unit/Services/Trading/TradeManagerTest.php" tests="3" assertions="7" errors="0" failures="0" skipped="0" time="0.273900">
      <testcase name="test_trade_manager_instantiation" file="/home/emir/Desktop/sentinentx/tests/Unit/Services/Trading/TradeManagerTest.php" line="53" class="Tests\Unit\Services\Trading\TradeManagerTest" classname="Tests.Unit.Services.Trading.TradeManagerTest" assertions="1" time="0.117548"/>
      <testcase name="test_open_with_fallback_post_only_success" file="/home/emir/Desktop/sentinentx/tests/Unit/Services/Trading/TradeManagerTest.php" line="58" class="Tests\Unit\Services\Trading\TradeManagerTest" classname="Tests.Unit.Services.Trading.TradeManagerTest" assertions="3" time="0.077638"/>
      <testcase name="test_open_with_fallback_handles_failure" file="/home/emir/Desktop/sentinentx/tests/Unit/Services/Trading/TradeManagerTest.php" line="85" class="Tests\Unit\Services\Trading\TradeManagerTest" classname="Tests.Unit.Services.Trading.TradeManagerTest" assertions="3" time="0.078714"/>
    </testsuite>
    <testsuite name="Tests\Unit\AdminOpsControllerTest" file="/home/emir/Desktop/sentinentx/tests/Unit/AdminOpsControllerTest.php" tests="9" assertions="15" errors="0" failures="0" skipped="0" time="0.013780">
      <testcase name="test_admin_ops_controller_has_private_methods" file="/home/emir/Desktop/sentinentx/tests/Unit/AdminOpsControllerTest.php" line="41" class="Tests\Unit\AdminOpsControllerTest" classname="Tests.Unit.AdminOpsControllerTest" assertions="3" time="0.008212"/>
      <testcase name="test_admin_ops_controller_has_open_now_method" file="/home/emir/Desktop/sentinentx/tests/Unit/AdminOpsControllerTest.php" line="23" class="Tests\Unit\AdminOpsControllerTest" classname="Tests.Unit.AdminOpsControllerTest" assertions="1" time="0.000569"/>
      <testcase name="test_admin_ops_controller_saas_ready" file="/home/emir/Desktop/sentinentx/tests/Unit/AdminOpsControllerTest.php" line="68" class="Tests\Unit\AdminOpsControllerTest" classname="Tests.Unit.AdminOpsControllerTest" assertions="2" time="0.000583"/>
      <testcase name="test_admin_ops_controller_security_ready" file="/home/emir/Desktop/sentinentx/tests/Unit/AdminOpsControllerTest.php" line="79" class="Tests\Unit\AdminOpsControllerTest" classname="Tests.Unit.AdminOpsControllerTest" assertions="2" time="0.000579"/>
      <testcase name="test_admin_ops_controller_has_status_method" file="/home/emir/Desktop/sentinentx/tests/Unit/AdminOpsControllerTest.php" line="32" class="Tests\Unit\AdminOpsControllerTest" classname="Tests.Unit.AdminOpsControllerTest" assertions="1" time="0.000561"/>
      <testcase name="test_admin_ops_controller_constructor" file="/home/emir/Desktop/sentinentx/tests/Unit/AdminOpsControllerTest.php" line="14" class="Tests\Unit\AdminOpsControllerTest" classname="Tests.Unit.AdminOpsControllerTest" assertions="1" time="0.000785"/>
      <testcase name="test_admin_ops_controller_validation_ready" file="/home/emir/Desktop/sentinentx/tests/Unit/AdminOpsControllerTest.php" line="92" class="Tests\Unit\AdminOpsControllerTest" classname="Tests.Unit.AdminOpsControllerTest" assertions="1" time="0.001308"/>
      <testcase name="test_admin_ops_controller_model_structure" file="/home/emir/Desktop/sentinentx/tests/Unit/AdminOpsControllerTest.php" line="54" class="Tests\Unit\AdminOpsControllerTest" classname="Tests.Unit.AdminOpsControllerTest" assertions="3" time="0.000634"/>
      <testcase name="test_admin_ops_controller_trading_integration_ready" file="/home/emir/Desktop/sentinentx/tests/Unit/AdminOpsControllerTest.php" line="104" class="Tests\Unit\AdminOpsControllerTest" classname="Tests.Unit.AdminOpsControllerTest" assertions="1" time="0.000549"/>
    </testsuite>
    <testsuite name="Tests\Unit\DataExportServiceTest" file="/home/emir/Desktop/sentinentx/tests/Unit/DataExportServiceTest.php" tests="10" assertions="0" errors="0" failures="0" skipped="10" time="0.000000">
      <testcase name="export_user_data_creates_comprehensive_json_export" file="/home/emir/Desktop/sentinentx/tests/Unit/DataExportServiceTest.php" line="34" class="Tests\Unit\DataExportServiceTest" classname="Tests.Unit.DataExportServiceTest" assertions="0" time="0.000000">
        <skipped/>
      </testcase>
      <testcase name="export_handles_empty_user_data_gracefully" file="/home/emir/Desktop/sentinentx/tests/Unit/DataExportServiceTest.php" line="119" class="Tests\Unit\DataExportServiceTest" classname="Tests.Unit.DataExportServiceTest" assertions="0" time="0.000000">
        <skipped/>
      </testcase>
      <testcase name="export_json_structure_is_valid" file="/home/emir/Desktop/sentinentx/tests/Unit/DataExportServiceTest.php" line="229" class="Tests\Unit\DataExportServiceTest" classname="Tests.Unit.DataExportServiceTest" assertions="0" time="0.000000">
        <skipped/>
      </testcase>
      <testcase name="export_respects_user_isolation" file="/home/emir/Desktop/sentinentx/tests/Unit/DataExportServiceTest.php" line="91" class="Tests\Unit\DataExportServiceTest" classname="Tests.Unit.DataExportServiceTest" assertions="0" time="0.000000">
        <skipped/>
      </testcase>
      <testcase name="export_includes_sensitive_financial_data_correctly" file="/home/emir/Desktop/sentinentx/tests/Unit/DataExportServiceTest.php" line="174" class="Tests\Unit\DataExportServiceTest" classname="Tests.Unit.DataExportServiceTest" assertions="0" time="0.000000">
        <skipped/>
      </testcase>
      <testcase name="export_includes_metadata_for_compliance" file="/home/emir/Desktop/sentinentx/tests/Unit/DataExportServiceTest.php" line="152" class="Tests\Unit\DataExportServiceTest" classname="Tests.Unit.DataExportServiceTest" assertions="0" time="0.000000">
        <skipped/>
      </testcase>
      <testcase name="export_includes_ai_decision_reasoning" file="/home/emir/Desktop/sentinentx/tests/Unit/DataExportServiceTest.php" line="197" class="Tests\Unit\DataExportServiceTest" classname="Tests.Unit.DataExportServiceTest" assertions="0" time="0.000000">
        <skipped/>
      </testcase>
      <testcase name="export_includes_all_crypto_trading_data" file="/home/emir/Desktop/sentinentx/tests/Unit/DataExportServiceTest.php" line="56" class="Tests\Unit\DataExportServiceTest" classname="Tests.Unit.DataExportServiceTest" assertions="0" time="0.000000">
        <skipped/>
      </testcase>
      <testcase name="export_filename_contains_user_and_timestamp" file="/home/emir/Desktop/sentinentx/tests/Unit/DataExportServiceTest.php" line="138" class="Tests\Unit\DataExportServiceTest" classname="Tests.Unit.DataExportServiceTest" assertions="0" time="0.000000">
        <skipped/>
      </testcase>
      <testcase name="export_size_is_reasonable_for_active_trader" file="/home/emir/Desktop/sentinentx/tests/Unit/DataExportServiceTest.php" line="216" class="Tests\Unit\DataExportServiceTest" classname="Tests.Unit.DataExportServiceTest" assertions="0" time="0.000000">
        <skipped/>
      </testcase>
    </testsuite>
    <testsuite name="Tests\Unit\ConsensusServiceExtendedTest" file="/home/emir/Desktop/sentinentx/tests/Unit/ConsensusServiceExtendedTest.php" tests="13" assertions="15" errors="0" failures="1" skipped="8" time="1.141990">
      <testcase name="test_none_veto_high_confidence" file="/home/emir/Desktop/sentinentx/tests/Unit/ConsensusServiceExtendedTest.php" line="150" class="Tests\Unit\ConsensusServiceExtendedTest" classname="Tests.Unit.ConsensusServiceExtendedTest" assertions="0" time="0.105507">
        <skipped/>
      </testcase>
      <testcase name="test_deviation_veto_take_profit" file="/home/emir/Desktop/sentinentx/tests/Unit/ConsensusServiceExtendedTest.php" line="130" class="Tests\Unit\ConsensusServiceExtendedTest" classname="Tests.Unit.ConsensusServiceExtendedTest" assertions="0" time="0.085571">
        <skipped/>
      </testcase>
      <testcase name="test_mixed_actions_consensus" file="/home/emir/Desktop/sentinentx/tests/Unit/ConsensusServiceExtendedTest.php" line="176" class="Tests\Unit\ConsensusServiceExtendedTest" classname="Tests.Unit.ConsensusServiceExtendedTest" assertions="0" time="0.078208">
        <skipped/>
      </testcase>
      <testcase name="test_consensus_edge_case_zero_confidence" file="/home/emir/Desktop/sentinentx/tests/Unit/ConsensusServiceExtendedTest.php" line="210" class="Tests\Unit\ConsensusServiceExtendedTest" classname="Tests.Unit.ConsensusServiceExtendedTest" assertions="2" time="0.082714"/>
      <testcase name="test_consensus_with_single_provider" file="/home/emir/Desktop/sentinentx/tests/Unit/ConsensusServiceExtendedTest.php" line="194" class="Tests\Unit\ConsensusServiceExtendedTest" classname="Tests.Unit.ConsensusServiceExtendedTest" assertions="2" time="0.096604"/>
      <testcase name="test_two_round_consensus_stage1_stage2" file="/home/emir/Desktop/sentinentx/tests/Unit/ConsensusServiceExtendedTest.php" line="68" class="Tests\Unit\ConsensusServiceExtendedTest" classname="Tests.Unit.ConsensusServiceExtendedTest" assertions="6" time="0.114003"/>
      <testcase name="test_deviation_veto_leverage" file="/home/emir/Desktop/sentinentx/tests/Unit/ConsensusServiceExtendedTest.php" line="113" class="Tests\Unit\ConsensusServiceExtendedTest" classname="Tests.Unit.ConsensusServiceExtendedTest" assertions="2" time="0.082249"/>
      <testcase name="test_weighted_median_calculation" file="/home/emir/Desktop/sentinentx/tests/Unit/ConsensusServiceExtendedTest.php" line="96" class="Tests\Unit\ConsensusServiceExtendedTest" classname="Tests.Unit.ConsensusServiceExtendedTest" assertions="3" time="0.094576">
        <failure type="PHPUnit\Framework\ExpectationFailedException">Tests\Unit\ConsensusServiceExtendedTest::test_weighted_median_calculation
Failed asserting that 70 is equal to 80 or is greater than 80.

/home/emir/Desktop/sentinentx/tests/Unit/ConsensusServiceExtendedTest.php:110</failure>
      </testcase>
      <testcase name="test_consensus_performance_timing" file="/home/emir/Desktop/sentinentx/tests/Unit/ConsensusServiceExtendedTest.php" line="233" class="Tests\Unit\ConsensusServiceExtendedTest" classname="Tests.Unit.ConsensusServiceExtendedTest" assertions="0" time="0.078404">
        <skipped/>
      </testcase>
      <testcase name="test_consensus_with_different_timeframes" file="/home/emir/Desktop/sentinentx/tests/Unit/ConsensusServiceExtendedTest.php" line="182" class="Tests\Unit\ConsensusServiceExtendedTest" classname="Tests.Unit.ConsensusServiceExtendedTest" assertions="0" time="0.078952">
        <skipped/>
      </testcase>
      <testcase name="test_none_veto_low_confidence_allowed" file="/home/emir/Desktop/sentinentx/tests/Unit/ConsensusServiceExtendedTest.php" line="170" class="Tests\Unit\ConsensusServiceExtendedTest" classname="Tests.Unit.ConsensusServiceExtendedTest" assertions="0" time="0.080830">
        <skipped/>
      </testcase>
      <testcase name="test_consensus_metadata_structure" file="/home/emir/Desktop/sentinentx/tests/Unit/ConsensusServiceExtendedTest.php" line="188" class="Tests\Unit\ConsensusServiceExtendedTest" classname="Tests.Unit.ConsensusServiceExtendedTest" assertions="0" time="0.080053">
        <skipped/>
      </testcase>
      <testcase name="test_consensus_with_invalid_actions" file="/home/emir/Desktop/sentinentx/tests/Unit/ConsensusServiceExtendedTest.php" line="227" class="Tests\Unit\ConsensusServiceExtendedTest" classname="Tests.Unit.ConsensusServiceExtendedTest" assertions="0" time="0.084318">
        <skipped/>
      </testcase>
    </testsuite>
    <testsuite name="Tests\Unit\LabMetricTest" file="/home/emir/Desktop/sentinentx/tests/Unit/LabMetricTest.php" tests="9" assertions="21" errors="0" failures="0" skipped="0" time="0.053192">
      <testcase name="test_lab_metric_casts" file="/home/emir/Desktop/sentinentx/tests/Unit/LabMetricTest.php" line="31" class="Tests\Unit\LabMetricTest" classname="Tests.Unit.LabMetricTest" assertions="2" time="0.047556"/>
      <testcase name="test_lab_metric_saas_analytics_ready" file="/home/emir/Desktop/sentinentx/tests/Unit/LabMetricTest.php" line="84" class="Tests\Unit\LabMetricTest" classname="Tests.Unit.LabMetricTest" assertions="5" time="0.000780"/>
      <testcase name="test_lab_metric_fillable_attributes" file="/home/emir/Desktop/sentinentx/tests/Unit/LabMetricTest.php" line="21" class="Tests\Unit\LabMetricTest" classname="Tests.Unit.LabMetricTest" assertions="1" time="0.000522"/>
      <testcase name="test_lab_metric_trading_performance_fields" file="/home/emir/Desktop/sentinentx/tests/Unit/LabMetricTest.php" line="40" class="Tests\Unit\LabMetricTest" classname="Tests.Unit.LabMetricTest" assertions="4" time="0.000677"/>
      <testcase name="test_lab_metric_date_field_cast" file="/home/emir/Desktop/sentinentx/tests/Unit/LabMetricTest.php" line="52" class="Tests\Unit\LabMetricTest" classname="Tests.Unit.LabMetricTest" assertions="1" time="0.000509"/>
      <testcase name="test_lab_metric_key_performance_indicators" file="/home/emir/Desktop/sentinentx/tests/Unit/LabMetricTest.php" line="104" class="Tests\Unit\LabMetricTest" classname="Tests.Unit.LabMetricTest" assertions="3" time="0.000486"/>
      <testcase name="test_lab_metric_model_structure" file="/home/emir/Desktop/sentinentx/tests/Unit/LabMetricTest.php" line="71" class="Tests\Unit\LabMetricTest" classname="Tests.Unit.LabMetricTest" assertions="2" time="0.000670"/>
      <testcase name="test_lab_metric_meta_extensibility" file="/home/emir/Desktop/sentinentx/tests/Unit/LabMetricTest.php" line="61" class="Tests\Unit\LabMetricTest" classname="Tests.Unit.LabMetricTest" assertions="2" time="0.001071"/>
      <testcase name="test_lab_metric_has_correct_table_name" file="/home/emir/Desktop/sentinentx/tests/Unit/LabMetricTest.php" line="13" class="Tests\Unit\LabMetricTest" classname="Tests.Unit.LabMetricTest" assertions="1" time="0.000920"/>
    </testsuite>
    <testsuite name="Tests\Unit\CycleRunnerTest" file="/home/emir/Desktop/sentinentx/tests/Unit/CycleRunnerTest.php" tests="20" assertions="0" errors="0" failures="0" skipped="20" time="0.000000">
      <testcase name="derive_atr_from_kline_returns_zero_when_insufficient_data" file="/home/emir/Desktop/sentinentx/tests/Unit/CycleRunnerTest.php" line="692" class="Tests\Unit\CycleRunnerTest" classname="Tests.Unit.CycleRunnerTest" assertions="0" time="0.000000">
        <skipped/>
      </testcase>
      <testcase name="run_symbol_is_alias_for_run" file="/home/emir/Desktop/sentinentx/tests/Unit/CycleRunnerTest.php" line="206" class="Tests\Unit\CycleRunnerTest" classname="Tests.Unit.CycleRunnerTest" assertions="0" time="0.000000">
        <skipped/>
      </testcase>
      <testcase name="test_run_symbol_is_alias_for_run_disabled" file="/home/emir/Desktop/sentinentx/tests/Unit/CycleRunnerTest.php" line="211" class="Tests\Unit\CycleRunnerTest" classname="Tests.Unit.CycleRunnerTest" assertions="0" time="0.000000">
        <skipped/>
      </testcase>
      <testcase name="run_blocks_when_risk_gate_fails" file="/home/emir/Desktop/sentinentx/tests/Unit/CycleRunnerTest.php" line="423" class="Tests\Unit\CycleRunnerTest" classname="Tests.Unit.CycleRunnerTest" assertions="0" time="0.000000">
        <skipped/>
      </testcase>
      <testcase name="run_returns_early_when_price_is_zero" file="/home/emir/Desktop/sentinentx/tests/Unit/CycleRunnerTest.php" line="261" class="Tests\Unit\CycleRunnerTest" classname="Tests.Unit.CycleRunnerTest" assertions="0" time="0.000000">
        <skipped/>
      </testcase>
      <testcase name="run_uses_fallback_atr_when_neither_provided_nor_calculable" file="/home/emir/Desktop/sentinentx/tests/Unit/CycleRunnerTest.php" line="808" class="Tests\Unit\CycleRunnerTest" classname="Tests.Unit.CycleRunnerTest" assertions="0" time="0.000000">
        <skipped/>
      </testcase>
      <testcase name="run_calls_run_symbol" file="/home/emir/Desktop/sentinentx/tests/Unit/CycleRunnerTest.php" line="142" class="Tests\Unit\CycleRunnerTest" classname="Tests.Unit.CycleRunnerTest" assertions="0" time="0.000000">
        <skipped/>
      </testcase>
      <testcase name="run_creates_trade_record_on_successful_order" file="/home/emir/Desktop/sentinentx/tests/Unit/CycleRunnerTest.php" line="526" class="Tests\Unit\CycleRunnerTest" classname="Tests.Unit.CycleRunnerTest" assertions="0" time="0.000000">
        <skipped/>
      </testcase>
      <testcase name="derive_atr_from_kline_calculates_correctly" file="/home/emir/Desktop/sentinentx/tests/Unit/CycleRunnerTest.php" line="634" class="Tests\Unit\CycleRunnerTest" classname="Tests.Unit.CycleRunnerTest" assertions="0" time="0.000000">
        <skipped/>
      </testcase>
      <testcase name="run_returns_early_when_ai_confidence_is_low" file="/home/emir/Desktop/sentinentx/tests/Unit/CycleRunnerTest.php" line="295" class="Tests\Unit\CycleRunnerTest" classname="Tests.Unit.CycleRunnerTest" assertions="0" time="0.000000">
        <skipped/>
      </testcase>
      <testcase name="test_run_calls_run_symbol_disabled" file="/home/emir/Desktop/sentinentx/tests/Unit/CycleRunnerTest.php" line="147" class="Tests\Unit\CycleRunnerTest" classname="Tests.Unit.CycleRunnerTest" assertions="0" time="0.000000">
        <skipped/>
      </testcase>
      <testcase name="run_blocks_opposite_side_in_one_way_mode" file="/home/emir/Desktop/sentinentx/tests/Unit/CycleRunnerTest.php" line="470" class="Tests\Unit\CycleRunnerTest" classname="Tests.Unit.CycleRunnerTest" assertions="0" time="0.000000">
        <skipped/>
      </testcase>
      <testcase name="run_returns_early_when_quantity_is_zero" file="/home/emir/Desktop/sentinentx/tests/Unit/CycleRunnerTest.php" line="343" class="Tests\Unit\CycleRunnerTest" classname="Tests.Unit.CycleRunnerTest" assertions="0" time="0.000000">
        <skipped/>
      </testcase>
      <testcase name="run_returns_early_when_price_is_negative" file="/home/emir/Desktop/sentinentx/tests/Unit/CycleRunnerTest.php" line="278" class="Tests\Unit\CycleRunnerTest" classname="Tests.Unit.CycleRunnerTest" assertions="0" time="0.000000">
        <skipped/>
      </testcase>
      <testcase name="constructor_throws_exception_when_missing_dependencies" file="/home/emir/Desktop/sentinentx/tests/Unit/CycleRunnerTest.php" line="133" class="Tests\Unit\CycleRunnerTest" classname="Tests.Unit.CycleRunnerTest" assertions="0" time="0.000000">
        <skipped/>
      </testcase>
      <testcase name="run_uses_custom_atr_when_provided" file="/home/emir/Desktop/sentinentx/tests/Unit/CycleRunnerTest.php" line="748" class="Tests\Unit\CycleRunnerTest" classname="Tests.Unit.CycleRunnerTest" assertions="0" time="0.000000">
        <skipped/>
      </testcase>
      <testcase name="constructor_creates_instance_with_all_dependencies" file="/home/emir/Desktop/sentinentx/tests/Unit/CycleRunnerTest.php" line="127" class="Tests\Unit\CycleRunnerTest" classname="Tests.Unit.CycleRunnerTest" assertions="0" time="0.000000">
        <skipped/>
      </testcase>
      <testcase name="run_returns_early_when_ai_action_is_hold" file="/home/emir/Desktop/sentinentx/tests/Unit/CycleRunnerTest.php" line="319" class="Tests\Unit\CycleRunnerTest" classname="Tests.Unit.CycleRunnerTest" assertions="0" time="0.000000">
        <skipped/>
      </testcase>
      <testcase name="run_handles_trade_open_exception" file="/home/emir/Desktop/sentinentx/tests/Unit/CycleRunnerTest.php" line="583" class="Tests\Unit\CycleRunnerTest" classname="Tests.Unit.CycleRunnerTest" assertions="0" time="0.000000">
        <skipped/>
      </testcase>
      <testcase name="run_returns_early_when_quantity_is_negative" file="/home/emir/Desktop/sentinentx/tests/Unit/CycleRunnerTest.php" line="383" class="Tests\Unit\CycleRunnerTest" classname="Tests.Unit.CycleRunnerTest" assertions="0" time="0.000000">
        <skipped/>
      </testcase>
    </testsuite>
    <testsuite name="Tests\Unit\OpenAIClientTest" file="/home/emir/Desktop/sentinentx/tests/Unit/OpenAIClientTest.php" tests="24" assertions="24" errors="0" failures="0" skipped="0" time="0.052684">
      <testcase name="test_openai_client_has_name_method" file="/home/emir/Desktop/sentinentx/tests/Unit/OpenAIClientTest.php" line="20" class="Tests\Unit\OpenAIClientTest" classname="Tests.Unit.OpenAIClientTest" assertions="1" time="0.041495"/>
      <testcase name="test_openai_client_enabled_method_signature" file="/home/emir/Desktop/sentinentx/tests/Unit/OpenAIClientTest.php" line="48" class="Tests\Unit\OpenAIClientTest" classname="Tests.Unit.OpenAIClientTest" assertions="1" time="0.000466"/>
      <testcase name="test_openai_client_stage_handling_ready" file="/home/emir/Desktop/sentinentx/tests/Unit/OpenAIClientTest.php" line="146" class="Tests\Unit\OpenAIClientTest" classname="Tests.Unit.OpenAIClientTest" assertions="1" time="0.000884"/>
      <testcase name="test_openai_client_constructor" file="/home/emir/Desktop/sentinentx/tests/Unit/OpenAIClientTest.php" line="13" class="Tests\Unit\OpenAIClientTest" classname="Tests.Unit.OpenAIClientTest" assertions="1" time="0.000540"/>
      <testcase name="test_openai_client_has_decide_method" file="/home/emir/Desktop/sentinentx/tests/Unit/OpenAIClientTest.php" line="34" class="Tests\Unit\OpenAIClientTest" classname="Tests.Unit.OpenAIClientTest" assertions="1" time="0.000446"/>
      <testcase name="test_openai_client_decide_method_signature" file="/home/emir/Desktop/sentinentx/tests/Unit/OpenAIClientTest.php" line="55" class="Tests\Unit\OpenAIClientTest" classname="Tests.Unit.OpenAIClientTest" assertions="1" time="0.000436"/>
      <testcase name="test_openai_client_snapshot_processing_ready" file="/home/emir/Desktop/sentinentx/tests/Unit/OpenAIClientTest.php" line="139" class="Tests\Unit\OpenAIClientTest" classname="Tests.Unit.OpenAIClientTest" assertions="1" time="0.000444"/>
      <testcase name="test_openai_client_saas_ready" file="/home/emir/Desktop/sentinentx/tests/Unit/OpenAIClientTest.php" line="83" class="Tests\Unit\OpenAIClientTest" classname="Tests.Unit.OpenAIClientTest" assertions="1" time="0.000405"/>
      <testcase name="test_openai_client_prompt_factory_integration_ready" file="/home/emir/Desktop/sentinentx/tests/Unit/OpenAIClientTest.php" line="104" class="Tests\Unit\OpenAIClientTest" classname="Tests.Unit.OpenAIClientTest" assertions="1" time="0.000432"/>
      <testcase name="test_openai_client_json_parsing_ready" file="/home/emir/Desktop/sentinentx/tests/Unit/OpenAIClientTest.php" line="125" class="Tests\Unit\OpenAIClientTest" classname="Tests.Unit.OpenAIClientTest" assertions="1" time="0.000616"/>
      <testcase name="test_openai_client_return_structure_ready" file="/home/emir/Desktop/sentinentx/tests/Unit/OpenAIClientTest.php" line="167" class="Tests\Unit\OpenAIClientTest" classname="Tests.Unit.OpenAIClientTest" assertions="1" time="0.000402"/>
      <testcase name="test_openai_client_model_structure" file="/home/emir/Desktop/sentinentx/tests/Unit/OpenAIClientTest.php" line="76" class="Tests\Unit\OpenAIClientTest" classname="Tests.Unit.OpenAIClientTest" assertions="1" time="0.000406"/>
      <testcase name="test_openai_client_has_enabled_method" file="/home/emir/Desktop/sentinentx/tests/Unit/OpenAIClientTest.php" line="27" class="Tests\Unit\OpenAIClientTest" classname="Tests.Unit.OpenAIClientTest" assertions="1" time="0.000718"/>
      <testcase name="test_openai_client_symbol_handling_ready" file="/home/emir/Desktop/sentinentx/tests/Unit/OpenAIClientTest.php" line="153" class="Tests\Unit\OpenAIClientTest" classname="Tests.Unit.OpenAIClientTest" assertions="1" time="0.000403"/>
      <testcase name="test_openai_client_error_handling_ready" file="/home/emir/Desktop/sentinentx/tests/Unit/OpenAIClientTest.php" line="132" class="Tests\Unit\OpenAIClientTest" classname="Tests.Unit.OpenAIClientTest" assertions="1" time="0.000575"/>
      <testcase name="test_openai_client_http_integration_ready" file="/home/emir/Desktop/sentinentx/tests/Unit/OpenAIClientTest.php" line="118" class="Tests\Unit\OpenAIClientTest" classname="Tests.Unit.OpenAIClientTest" assertions="1" time="0.000584"/>
      <testcase name="test_openai_client_immutability_ready" file="/home/emir/Desktop/sentinentx/tests/Unit/OpenAIClientTest.php" line="174" class="Tests\Unit\OpenAIClientTest" classname="Tests.Unit.OpenAIClientTest" assertions="1" time="0.000406"/>
      <testcase name="test_openai_client_dependency_injection" file="/home/emir/Desktop/sentinentx/tests/Unit/OpenAIClientTest.php" line="69" class="Tests\Unit\OpenAIClientTest" classname="Tests.Unit.OpenAIClientTest" assertions="1" time="0.000431"/>
      <testcase name="test_openai_client_position_management_ready" file="/home/emir/Desktop/sentinentx/tests/Unit/OpenAIClientTest.php" line="160" class="Tests\Unit\OpenAIClientTest" classname="Tests.Unit.OpenAIClientTest" assertions="1" time="0.000548"/>
      <testcase name="test_openai_client_ai_provider_ready" file="/home/emir/Desktop/sentinentx/tests/Unit/OpenAIClientTest.php" line="90" class="Tests\Unit\OpenAIClientTest" classname="Tests.Unit.OpenAIClientTest" assertions="1" time="0.000426"/>
      <testcase name="test_openai_client_implements_ai_provider" file="/home/emir/Desktop/sentinentx/tests/Unit/OpenAIClientTest.php" line="62" class="Tests\Unit\OpenAIClientTest" classname="Tests.Unit.OpenAIClientTest" assertions="1" time="0.000429"/>
      <testcase name="test_openai_client_trading_decisions_ready" file="/home/emir/Desktop/sentinentx/tests/Unit/OpenAIClientTest.php" line="97" class="Tests\Unit\OpenAIClientTest" classname="Tests.Unit.OpenAIClientTest" assertions="1" time="0.000395"/>
      <testcase name="test_openai_client_configuration_ready" file="/home/emir/Desktop/sentinentx/tests/Unit/OpenAIClientTest.php" line="111" class="Tests\Unit\OpenAIClientTest" classname="Tests.Unit.OpenAIClientTest" assertions="1" time="0.000396"/>
      <testcase name="test_openai_client_name_method_signature" file="/home/emir/Desktop/sentinentx/tests/Unit/OpenAIClientTest.php" line="41" class="Tests\Unit\OpenAIClientTest" classname="Tests.Unit.OpenAIClientTest" assertions="1" time="0.000401"/>
    </testsuite>
    <testsuite name="Tests\Unit\BaseAiClientTest" file="/home/emir/Desktop/sentinentx/tests/Unit/BaseAiClientTest.php" tests="24" assertions="62" errors="0" failures="0" skipped="0" time="0.056494">
      <testcase name="test_base_ai_client_fallback_handling_ready" file="/home/emir/Desktop/sentinentx/tests/Unit/BaseAiClientTest.php" line="211" class="Tests\Unit\BaseAiClientTest" classname="Tests.Unit.BaseAiClientTest" assertions="2" time="0.042498"/>
      <testcase name="test_base_ai_client_data_normalization_ready" file="/home/emir/Desktop/sentinentx/tests/Unit/BaseAiClientTest.php" line="172" class="Tests\Unit\BaseAiClientTest" classname="Tests.Unit.BaseAiClientTest" assertions="2" time="0.001079"/>
      <testcase name="test_base_ai_client_http_integration_ready" file="/home/emir/Desktop/sentinentx/tests/Unit/BaseAiClientTest.php" line="302" class="Tests\Unit\BaseAiClientTest" classname="Tests.Unit.BaseAiClientTest" assertions="2" time="0.001130"/>
      <testcase name="test_base_ai_client_model_structure" file="/home/emir/Desktop/sentinentx/tests/Unit/BaseAiClientTest.php" line="111" class="Tests\Unit\BaseAiClientTest" classname="Tests.Unit.BaseAiClientTest" assertions="3" time="0.000699"/>
      <testcase name="test_base_ai_client_try_decode_method_signature" file="/home/emir/Desktop/sentinentx/tests/Unit/BaseAiClientTest.php" line="71" class="Tests\Unit\BaseAiClientTest" classname="Tests.Unit.BaseAiClientTest" assertions="4" time="0.000531"/>
      <testcase name="test_base_ai_client_json_handling_ready" file="/home/emir/Desktop/sentinentx/tests/Unit/BaseAiClientTest.php" line="315" class="Tests\Unit\BaseAiClientTest" classname="Tests.Unit.BaseAiClientTest" assertions="4" time="0.000473"/>
      <testcase name="test_base_ai_client_protected_methods_ready" file="/home/emir/Desktop/sentinentx/tests/Unit/BaseAiClientTest.php" line="224" class="Tests\Unit\BaseAiClientTest" classname="Tests.Unit.BaseAiClientTest" assertions="3" time="0.000455"/>
      <testcase name="test_base_ai_client_has_try_decode_method" file="/home/emir/Desktop/sentinentx/tests/Unit/BaseAiClientTest.php" line="40" class="Tests\Unit\BaseAiClientTest" classname="Tests.Unit.BaseAiClientTest" assertions="1" time="0.000431"/>
      <testcase name="test_base_ai_client_error_handling_ready" file="/home/emir/Desktop/sentinentx/tests/Unit/BaseAiClientTest.php" line="198" class="Tests\Unit\BaseAiClientTest" classname="Tests.Unit.BaseAiClientTest" assertions="2" time="0.000452"/>
      <testcase name="test_base_ai_client_has_normalize_method" file="/home/emir/Desktop/sentinentx/tests/Unit/BaseAiClientTest.php" line="48" class="Tests\Unit\BaseAiClientTest" classname="Tests.Unit.BaseAiClientTest" assertions="1" time="0.000427"/>
      <testcase name="test_base_ai_client_has_http_method" file="/home/emir/Desktop/sentinentx/tests/Unit/BaseAiClientTest.php" line="32" class="Tests\Unit\BaseAiClientTest" classname="Tests.Unit.BaseAiClientTest" assertions="1" time="0.000579"/>
      <testcase name="test_base_ai_client_json_parsing_ready" file="/home/emir/Desktop/sentinentx/tests/Unit/BaseAiClientTest.php" line="159" class="Tests\Unit\BaseAiClientTest" classname="Tests.Unit.BaseAiClientTest" assertions="2" time="0.000656"/>
      <testcase name="test_base_ai_client_inheritance_ready" file="/home/emir/Desktop/sentinentx/tests/Unit/BaseAiClientTest.php" line="288" class="Tests\Unit\BaseAiClientTest" classname="Tests.Unit.BaseAiClientTest" assertions="4" time="0.000970"/>
      <testcase name="test_base_ai_client_trading_decisions_ready" file="/home/emir/Desktop/sentinentx/tests/Unit/BaseAiClientTest.php" line="185" class="Tests\Unit\BaseAiClientTest" classname="Tests.Unit.BaseAiClientTest" assertions="2" time="0.000950"/>
      <testcase name="test_base_ai_client_return_types_ready" file="/home/emir/Desktop/sentinentx/tests/Unit/BaseAiClientTest.php" line="241" class="Tests\Unit\BaseAiClientTest" classname="Tests.Unit.BaseAiClientTest" assertions="3" time="0.000490"/>
      <testcase name="test_base_ai_client_data_processing_ready" file="/home/emir/Desktop/sentinentx/tests/Unit/BaseAiClientTest.php" line="332" class="Tests\Unit\BaseAiClientTest" classname="Tests.Unit.BaseAiClientTest" assertions="4" time="0.000494"/>
      <testcase name="test_base_ai_client_ai_provider_base_ready" file="/home/emir/Desktop/sentinentx/tests/Unit/BaseAiClientTest.php" line="135" class="Tests\Unit\BaseAiClientTest" classname="Tests.Unit.BaseAiClientTest" assertions="3" time="0.000571"/>
      <testcase name="test_base_ai_client_abstract_class_ready" file="/home/emir/Desktop/sentinentx/tests/Unit/BaseAiClientTest.php" line="276" class="Tests\Unit\BaseAiClientTest" classname="Tests.Unit.BaseAiClientTest" assertions="4" time="0.000517"/>
      <testcase name="test_base_ai_client_is_abstract" file="/home/emir/Desktop/sentinentx/tests/Unit/BaseAiClientTest.php" line="103" class="Tests\Unit\BaseAiClientTest" classname="Tests.Unit.BaseAiClientTest" assertions="1" time="0.000558"/>
      <testcase name="test_base_ai_client_saas_ready" file="/home/emir/Desktop/sentinentx/tests/Unit/BaseAiClientTest.php" line="124" class="Tests\Unit\BaseAiClientTest" classname="Tests.Unit.BaseAiClientTest" assertions="3" time="0.000447"/>
      <testcase name="test_base_ai_client_normalize_method_signature" file="/home/emir/Desktop/sentinentx/tests/Unit/BaseAiClientTest.php" line="87" class="Tests\Unit\BaseAiClientTest" classname="Tests.Unit.BaseAiClientTest" assertions="4" time="0.000453"/>
      <testcase name="test_base_ai_client_http_method_signature" file="/home/emir/Desktop/sentinentx/tests/Unit/BaseAiClientTest.php" line="56" class="Tests\Unit\BaseAiClientTest" classname="Tests.Unit.BaseAiClientTest" assertions="3" time="0.000594"/>
      <testcase name="test_base_ai_client_http_client_ready" file="/home/emir/Desktop/sentinentx/tests/Unit/BaseAiClientTest.php" line="146" class="Tests\Unit\BaseAiClientTest" classname="Tests.Unit.BaseAiClientTest" assertions="2" time="0.000411"/>
      <testcase name="test_base_ai_client_parameter_types_ready" file="/home/emir/Desktop/sentinentx/tests/Unit/BaseAiClientTest.php" line="258" class="Tests\Unit\BaseAiClientTest" classname="Tests.Unit.BaseAiClientTest" assertions="2" time="0.000629"/>
    </testsuite>
    <testsuite name="Tests\Unit\MarketDataServiceTest" file="/home/emir/Desktop/sentinentx/tests/Unit/MarketDataServiceTest.php" tests="11" assertions="99" errors="0" failures="0" skipped="0" time="0.939088">
      <testcase name="spread_calculation_is_accurate" file="/home/emir/Desktop/sentinentx/tests/Unit/MarketDataServiceTest.php" line="103" class="Tests\Unit\MarketDataServiceTest" classname="Tests.Unit.MarketDataServiceTest" assertions="3" time="0.118667"/>
      <testcase name="current_price_includes_realistic_spread" file="/home/emir/Desktop/sentinentx/tests/Unit/MarketDataServiceTest.php" line="43" class="Tests\Unit\MarketDataServiceTest" classname="Tests.Unit.MarketDataServiceTest" assertions="2" time="0.080418"/>
      <testcase name="order_book_depth_provides_realistic_levels" file="/home/emir/Desktop/sentinentx/tests/Unit/MarketDataServiceTest.php" line="120" class="Tests\Unit\MarketDataServiceTest" classname="Tests.Unit.MarketDataServiceTest" assertions="18" time="0.088638"/>
      <testcase name="mock_data_is_deterministic" file="/home/emir/Desktop/sentinentx/tests/Unit/MarketDataServiceTest.php" line="246" class="Tests\Unit\MarketDataServiceTest" classname="Tests.Unit.MarketDataServiceTest" assertions="2" time="0.082335"/>
      <testcase name="all_crypto_symbols_have_consistent_data" file="/home/emir/Desktop/sentinentx/tests/Unit/MarketDataServiceTest.php" line="171" class="Tests\Unit\MarketDataServiceTest" classname="Tests.Unit.MarketDataServiceTest" assertions="40" time="0.080738"/>
      <testcase name="order_book_different_depths_work" file="/home/emir/Desktop/sentinentx/tests/Unit/MarketDataServiceTest.php" line="158" class="Tests\Unit\MarketDataServiceTest" classname="Tests.Unit.MarketDataServiceTest" assertions="4" time="0.096147"/>
      <testcase name="get_best_price_returns_realistic_crypto_prices" file="/home/emir/Desktop/sentinentx/tests/Unit/MarketDataServiceTest.php" line="25" class="Tests\Unit\MarketDataServiceTest" classname="Tests.Unit.MarketDataServiceTest" assertions="5" time="0.083728"/>
      <testcase name="price_relationships_are_logical" file="/home/emir/Desktop/sentinentx/tests/Unit/MarketDataServiceTest.php" line="201" class="Tests\Unit\MarketDataServiceTest" classname="Tests.Unit.MarketDataServiceTest" assertions="6" time="0.075090"/>
      <testcase name="market_data_supports_trading_decisions" file="/home/emir/Desktop/sentinentx/tests/Unit/MarketDataServiceTest.php" line="222" class="Tests\Unit\MarketDataServiceTest" classname="Tests.Unit.MarketDataServiceTest" assertions="3" time="0.076615"/>
      <testcase name="liquidity_scores_reflect_market_depth" file="/home/emir/Desktop/sentinentx/tests/Unit/MarketDataServiceTest.php" line="80" class="Tests\Unit\MarketDataServiceTest" classname="Tests.Unit.MarketDataServiceTest" assertions="10" time="0.078228"/>
      <testcase name="volatility_reflects_crypto_market_characteristics" file="/home/emir/Desktop/sentinentx/tests/Unit/MarketDataServiceTest.php" line="58" class="Tests\Unit\MarketDataServiceTest" classname="Tests.Unit.MarketDataServiceTest" assertions="6" time="0.078483"/>
    </testsuite>
    <testsuite name="Tests\Unit\ExecutionCostModelTest" file="/home/emir/Desktop/sentinentx/tests/Unit/ExecutionCostModelTest.php" tests="22" assertions="45" errors="0" failures="0" skipped="0" time="0.044168">
      <testcase name="test_execution_cost_model_side_parameter" file="/home/emir/Desktop/sentinentx/tests/Unit/ExecutionCostModelTest.php" line="48" class="Tests\Unit\ExecutionCostModelTest" classname="Tests.Unit.ExecutionCostModelTest" assertions="2" time="0.031762"/>
      <testcase name="test_execution_cost_model_percentage_calculation_ready" file="/home/emir/Desktop/sentinentx/tests/Unit/ExecutionCostModelTest.php" line="225" class="Tests\Unit\ExecutionCostModelTest" classname="Tests.Unit.ExecutionCostModelTest" assertions="2" time="0.000884"/>
      <testcase name="test_execution_cost_model_long_short_support_ready" file="/home/emir/Desktop/sentinentx/tests/Unit/ExecutionCostModelTest.php" line="182" class="Tests\Unit\ExecutionCostModelTest" classname="Tests.Unit.ExecutionCostModelTest" assertions="2" time="0.000631"/>
      <testcase name="test_execution_cost_model_lab_ready" file="/home/emir/Desktop/sentinentx/tests/Unit/ExecutionCostModelTest.php" line="132" class="Tests\Unit\ExecutionCostModelTest" classname="Tests.Unit.ExecutionCostModelTest" assertions="1" time="0.000791"/>
      <testcase name="test_execution_cost_model_saas_ready" file="/home/emir/Desktop/sentinentx/tests/Unit/ExecutionCostModelTest.php" line="123" class="Tests\Unit\ExecutionCostModelTest" classname="Tests.Unit.ExecutionCostModelTest" assertions="1" time="0.000552"/>
      <testcase name="test_execution_cost_model_fee_calculation_ready" file="/home/emir/Desktop/sentinentx/tests/Unit/ExecutionCostModelTest.php" line="168" class="Tests\Unit\ExecutionCostModelTest" classname="Tests.Unit.ExecutionCostModelTest" assertions="2" time="0.001164"/>
      <testcase name="test_execution_cost_model_slippage_handling_ready" file="/home/emir/Desktop/sentinentx/tests/Unit/ExecutionCostModelTest.php" line="154" class="Tests\Unit\ExecutionCostModelTest" classname="Tests.Unit.ExecutionCostModelTest" assertions="2" time="0.000627"/>
      <testcase name="test_execution_cost_model_net_pnl_pct_method_signature" file="/home/emir/Desktop/sentinentx/tests/Unit/ExecutionCostModelTest.php" line="29" class="Tests\Unit\ExecutionCostModelTest" classname="Tests.Unit.ExecutionCostModelTest" assertions="7" time="0.000772"/>
      <testcase name="test_execution_cost_model_exit_parameter" file="/home/emir/Desktop/sentinentx/tests/Unit/ExecutionCostModelTest.php" line="74" class="Tests\Unit\ExecutionCostModelTest" classname="Tests.Unit.ExecutionCostModelTest" assertions="2" time="0.000506"/>
      <testcase name="test_execution_cost_model_trading_cost_calculation_ready" file="/home/emir/Desktop/sentinentx/tests/Unit/ExecutionCostModelTest.php" line="141" class="Tests\Unit\ExecutionCostModelTest" classname="Tests.Unit.ExecutionCostModelTest" assertions="2" time="0.000466"/>
      <testcase name="test_execution_cost_model_constructor" file="/home/emir/Desktop/sentinentx/tests/Unit/ExecutionCostModelTest.php" line="13" class="Tests\Unit\ExecutionCostModelTest" classname="Tests.Unit.ExecutionCostModelTest" assertions="1" time="0.000464"/>
      <testcase name="test_execution_cost_model_bps_conversion_ready" file="/home/emir/Desktop/sentinentx/tests/Unit/ExecutionCostModelTest.php" line="238" class="Tests\Unit\ExecutionCostModelTest" classname="Tests.Unit.ExecutionCostModelTest" assertions="2" time="0.000419"/>
      <testcase name="test_execution_cost_model_configuration_ready" file="/home/emir/Desktop/sentinentx/tests/Unit/ExecutionCostModelTest.php" line="211" class="Tests\Unit\ExecutionCostModelTest" classname="Tests.Unit.ExecutionCostModelTest" assertions="2" time="0.000463"/>
      <testcase name="test_execution_cost_model_entry_exit_processing_ready" file="/home/emir/Desktop/sentinentx/tests/Unit/ExecutionCostModelTest.php" line="196" class="Tests\Unit\ExecutionCostModelTest" classname="Tests.Unit.ExecutionCostModelTest" assertions="3" time="0.000444"/>
      <testcase name="test_execution_cost_model_gross_pnl_calculation_ready" file="/home/emir/Desktop/sentinentx/tests/Unit/ExecutionCostModelTest.php" line="252" class="Tests\Unit\ExecutionCostModelTest" classname="Tests.Unit.ExecutionCostModelTest" assertions="2" time="0.000604"/>
      <testcase name="test_execution_cost_model_side_normalization_ready" file="/home/emir/Desktop/sentinentx/tests/Unit/ExecutionCostModelTest.php" line="278" class="Tests\Unit\ExecutionCostModelTest" classname="Tests.Unit.ExecutionCostModelTest" assertions="2" time="0.000479"/>
      <testcase name="test_execution_cost_model_return_type" file="/home/emir/Desktop/sentinentx/tests/Unit/ExecutionCostModelTest.php" line="100" class="Tests\Unit\ExecutionCostModelTest" classname="Tests.Unit.ExecutionCostModelTest" assertions="1" time="0.000416"/>
      <testcase name="test_execution_cost_model_config_parameter" file="/home/emir/Desktop/sentinentx/tests/Unit/ExecutionCostModelTest.php" line="87" class="Tests\Unit\ExecutionCostModelTest" classname="Tests.Unit.ExecutionCostModelTest" assertions="2" time="0.000433"/>
      <testcase name="test_execution_cost_model_net_pnl_calculation_ready" file="/home/emir/Desktop/sentinentx/tests/Unit/ExecutionCostModelTest.php" line="265" class="Tests\Unit\ExecutionCostModelTest" classname="Tests.Unit.ExecutionCostModelTest" assertions="2" time="0.000407"/>
      <testcase name="test_execution_cost_model_has_net_pnl_pct_method" file="/home/emir/Desktop/sentinentx/tests/Unit/ExecutionCostModelTest.php" line="21" class="Tests\Unit\ExecutionCostModelTest" classname="Tests.Unit.ExecutionCostModelTest" assertions="1" time="0.000428"/>
      <testcase name="test_execution_cost_model_entry_parameter" file="/home/emir/Desktop/sentinentx/tests/Unit/ExecutionCostModelTest.php" line="61" class="Tests\Unit\ExecutionCostModelTest" classname="Tests.Unit.ExecutionCostModelTest" assertions="2" time="0.000512"/>
      <testcase name="test_execution_cost_model_model_structure" file="/home/emir/Desktop/sentinentx/tests/Unit/ExecutionCostModelTest.php" line="111" class="Tests\Unit\ExecutionCostModelTest" classname="Tests.Unit.ExecutionCostModelTest" assertions="2" time="0.000943"/>
    </testsuite>
    <testsuite name="Tests\Unit\BybitHelpersTest" file="/home/emir/Desktop/sentinentx/tests/Unit/BybitHelpersTest.php" tests="13" assertions="36" errors="0" failures="0" skipped="0" time="1.085976">
      <testcase name="sign_v5_generates_correct_signature" file="/home/emir/Desktop/sentinentx/tests/Unit/BybitHelpersTest.php" line="105" class="Tests\Unit\BybitHelpersTest" classname="Tests.Unit.BybitHelpersTest" assertions="2" time="0.117158"/>
      <testcase name="sign_v5_produces_different_signatures_for_different_inputs" file="/home/emir/Desktop/sentinentx/tests/Unit/BybitHelpersTest.php" line="137" class="Tests\Unit\BybitHelpersTest" classname="Tests.Unit.BybitHelpersTest" assertions="1" time="0.078169"/>
      <testcase name="headers_returns_correct_bybit_headers" file="/home/emir/Desktop/sentinentx/tests/Unit/BybitHelpersTest.php" line="148" class="Tests\Unit\BybitHelpersTest" classname="Tests.Unit.BybitHelpersTest" assertions="1" time="0.074134"/>
      <testcase name="server_time_returns_local_time_when_api_fails" file="/home/emir/Desktop/sentinentx/tests/Unit/BybitHelpersTest.php" line="41" class="Tests\Unit\BybitHelpersTest" classname="Tests.Unit.BybitHelpersTest" assertions="4" time="0.089638"/>
      <testcase name="server_time_returns_bybit_server_time_when_available" file="/home/emir/Desktop/sentinentx/tests/Unit/BybitHelpersTest.php" line="28" class="Tests\Unit\BybitHelpersTest" classname="Tests.Unit.BybitHelpersTest" assertions="3" time="0.080269"/>
      <testcase name="server_time_handles_malformed_response" file="/home/emir/Desktop/sentinentx/tests/Unit/BybitHelpersTest.php" line="89" class="Tests\Unit\BybitHelpersTest" classname="Tests.Unit.BybitHelpersTest" assertions="4" time="0.078061"/>
      <testcase name="headers_handles_empty_values" file="/home/emir/Desktop/sentinentx/tests/Unit/BybitHelpersTest.php" line="170" class="Tests\Unit\BybitHelpersTest" classname="Tests.Unit.BybitHelpersTest" assertions="8" time="0.082241"/>
      <testcase name="server_time_uses_custom_base_url" file="/home/emir/Desktop/sentinentx/tests/Unit/BybitHelpersTest.php" line="74" class="Tests\Unit\BybitHelpersTest" classname="Tests.Unit.BybitHelpersTest" assertions="3" time="0.078614"/>
      <testcase name="server_time_strips_trailing_slash_from_base_url" file="/home/emir/Desktop/sentinentx/tests/Unit/BybitHelpersTest.php" line="194" class="Tests\Unit\BybitHelpersTest" classname="Tests.Unit.BybitHelpersTest" assertions="3" time="0.078120"/>
      <testcase name="signature_verification_with_known_values" file="/home/emir/Desktop/sentinentx/tests/Unit/BybitHelpersTest.php" line="208" class="Tests\Unit\BybitHelpersTest" classname="Tests.Unit.BybitHelpersTest" assertions="1" time="0.078656"/>
      <testcase name="server_time_handles_network_timeout" file="/home/emir/Desktop/sentinentx/tests/Unit/BybitHelpersTest.php" line="56" class="Tests\Unit\BybitHelpersTest" classname="Tests.Unit.BybitHelpersTest" assertions="4" time="0.080150"/>
      <testcase name="sign_type_is_always_2" file="/home/emir/Desktop/sentinentx/tests/Unit/BybitHelpersTest.php" line="186" class="Tests\Unit\BybitHelpersTest" classname="Tests.Unit.BybitHelpersTest" assertions="1" time="0.088326"/>
      <testcase name="sign_v5_handles_empty_query_or_body" file="/home/emir/Desktop/sentinentx/tests/Unit/BybitHelpersTest.php" line="124" class="Tests\Unit\BybitHelpersTest" classname="Tests.Unit.BybitHelpersTest" assertions="1" time="0.082439"/>
    </testsuite>
    <testsuite name="Tests\Unit\PromptFactoryTest" file="/home/emir/Desktop/sentinentx/tests/Unit/PromptFactoryTest.php" tests="27" assertions="76" errors="0" failures="0" skipped="0" time="0.052128">
      <testcase name="test_prompt_factory_model_structure" file="/home/emir/Desktop/sentinentx/tests/Unit/PromptFactoryTest.php" line="107" class="Tests\Unit\PromptFactoryTest" classname="Tests.Unit.PromptFactoryTest" assertions="4" time="0.035080"/>
      <testcase name="test_prompt_factory_context_handling_ready" file="/home/emir/Desktop/sentinentx/tests/Unit/PromptFactoryTest.php" line="184" class="Tests\Unit\PromptFactoryTest" classname="Tests.Unit.PromptFactoryTest" assertions="1" time="0.000547"/>
      <testcase name="test_prompt_factory_new_position_r1_method_signature" file="/home/emir/Desktop/sentinentx/tests/Unit/PromptFactoryTest.php" line="45" class="Tests\Unit\PromptFactoryTest" classname="Tests.Unit.PromptFactoryTest" assertions="4" time="0.000430"/>
      <testcase name="test_prompt_factory_schema_generation_ready" file="/home/emir/Desktop/sentinentx/tests/Unit/PromptFactoryTest.php" line="197" class="Tests\Unit\PromptFactoryTest" classname="Tests.Unit.PromptFactoryTest" assertions="4" time="0.000471"/>
      <testcase name="test_prompt_factory_immutability_ready" file="/home/emir/Desktop/sentinentx/tests/Unit/PromptFactoryTest.php" line="333" class="Tests\Unit\PromptFactoryTest" classname="Tests.Unit.PromptFactoryTest" assertions="4" time="0.000487"/>
      <testcase name="test_prompt_factory_has_private_methods" file="/home/emir/Desktop/sentinentx/tests/Unit/PromptFactoryTest.php" line="94" class="Tests\Unit\PromptFactoryTest" classname="Tests.Unit.PromptFactoryTest" assertions="4" time="0.000438"/>
      <testcase name="test_prompt_factory_r1_compaction_ready" file="/home/emir/Desktop/sentinentx/tests/Unit/PromptFactoryTest.php" line="237" class="Tests\Unit\PromptFactoryTest" classname="Tests.Unit.PromptFactoryTest" assertions="2" time="0.000408"/>
      <testcase name="test_prompt_factory_round1_round2_ready" file="/home/emir/Desktop/sentinentx/tests/Unit/PromptFactoryTest.php" line="167" class="Tests\Unit\PromptFactoryTest" classname="Tests.Unit.PromptFactoryTest" assertions="4" time="0.000424"/>
      <testcase name="test_prompt_factory_symbol_validation_ready" file="/home/emir/Desktop/sentinentx/tests/Unit/PromptFactoryTest.php" line="211" class="Tests\Unit\PromptFactoryTest" classname="Tests.Unit.PromptFactoryTest" assertions="2" time="0.000405"/>
      <testcase name="test_prompt_factory_trading_decisions_ready" file="/home/emir/Desktop/sentinentx/tests/Unit/PromptFactoryTest.php" line="267" class="Tests\Unit\PromptFactoryTest" classname="Tests.Unit.PromptFactoryTest" assertions="3" time="0.000414"/>
      <testcase name="test_prompt_factory_prompt_filling_ready" file="/home/emir/Desktop/sentinentx/tests/Unit/PromptFactoryTest.php" line="224" class="Tests\Unit\PromptFactoryTest" classname="Tests.Unit.PromptFactoryTest" assertions="2" time="0.000403"/>
      <testcase name="test_prompt_factory_json_output_ready" file="/home/emir/Desktop/sentinentx/tests/Unit/PromptFactoryTest.php" line="322" class="Tests\Unit\PromptFactoryTest" classname="Tests.Unit.PromptFactoryTest" assertions="3" time="0.000515"/>
      <testcase name="test_prompt_factory_tp_sl_handling_ready" file="/home/emir/Desktop/sentinentx/tests/Unit/PromptFactoryTest.php" line="300" class="Tests\Unit\PromptFactoryTest" classname="Tests.Unit.PromptFactoryTest" assertions="3" time="0.000490"/>
      <testcase name="test_prompt_factory_trading_prompts_ready" file="/home/emir/Desktop/sentinentx/tests/Unit/PromptFactoryTest.php" line="143" class="Tests\Unit\PromptFactoryTest" classname="Tests.Unit.PromptFactoryTest" assertions="3" time="0.000409"/>
      <testcase name="test_prompt_factory_position_management_ready" file="/home/emir/Desktop/sentinentx/tests/Unit/PromptFactoryTest.php" line="154" class="Tests\Unit\PromptFactoryTest" classname="Tests.Unit.PromptFactoryTest" assertions="2" time="0.000749"/>
      <testcase name="test_prompt_factory_has_new_position_r2_method" file="/home/emir/Desktop/sentinentx/tests/Unit/PromptFactoryTest.php" line="29" class="Tests\Unit\PromptFactoryTest" classname="Tests.Unit.PromptFactoryTest" assertions="1" time="0.000824"/>
      <testcase name="test_prompt_factory_reason_handling_ready" file="/home/emir/Desktop/sentinentx/tests/Unit/PromptFactoryTest.php" line="311" class="Tests\Unit\PromptFactoryTest" classname="Tests.Unit.PromptFactoryTest" assertions="3" time="0.001003"/>
      <testcase name="test_prompt_factory_return_structure_ready" file="/home/emir/Desktop/sentinentx/tests/Unit/PromptFactoryTest.php" line="250" class="Tests\Unit\PromptFactoryTest" classname="Tests.Unit.PromptFactoryTest" assertions="3" time="0.001017"/>
      <testcase name="test_prompt_factory_leverage_handling_ready" file="/home/emir/Desktop/sentinentx/tests/Unit/PromptFactoryTest.php" line="289" class="Tests\Unit\PromptFactoryTest" classname="Tests.Unit.PromptFactoryTest" assertions="3" time="0.000956"/>
      <testcase name="test_prompt_factory_confidence_handling_ready" file="/home/emir/Desktop/sentinentx/tests/Unit/PromptFactoryTest.php" line="278" class="Tests\Unit\PromptFactoryTest" classname="Tests.Unit.PromptFactoryTest" assertions="3" time="0.000866"/>
      <testcase name="test_prompt_factory_ai_prompt_generation_ready" file="/home/emir/Desktop/sentinentx/tests/Unit/PromptFactoryTest.php" line="132" class="Tests\Unit\PromptFactoryTest" classname="Tests.Unit.PromptFactoryTest" assertions="3" time="0.000826"/>
      <testcase name="test_prompt_factory_new_position_r2_method_signature" file="/home/emir/Desktop/sentinentx/tests/Unit/PromptFactoryTest.php" line="61" class="Tests\Unit\PromptFactoryTest" classname="Tests.Unit.PromptFactoryTest" assertions="5" time="0.000906"/>
      <testcase name="test_prompt_factory_constructor" file="/home/emir/Desktop/sentinentx/tests/Unit/PromptFactoryTest.php" line="13" class="Tests\Unit\PromptFactoryTest" classname="Tests.Unit.PromptFactoryTest" assertions="1" time="0.000816"/>
      <testcase name="test_prompt_factory_saas_ready" file="/home/emir/Desktop/sentinentx/tests/Unit/PromptFactoryTest.php" line="121" class="Tests\Unit\PromptFactoryTest" classname="Tests.Unit.PromptFactoryTest" assertions="3" time="0.000807"/>
      <testcase name="test_prompt_factory_has_new_position_r1_method" file="/home/emir/Desktop/sentinentx/tests/Unit/PromptFactoryTest.php" line="21" class="Tests\Unit\PromptFactoryTest" classname="Tests.Unit.PromptFactoryTest" assertions="1" time="0.000782"/>
      <testcase name="test_prompt_factory_has_manage_r1_method" file="/home/emir/Desktop/sentinentx/tests/Unit/PromptFactoryTest.php" line="37" class="Tests\Unit\PromptFactoryTest" classname="Tests.Unit.PromptFactoryTest" assertions="1" time="0.000789"/>
      <testcase name="test_prompt_factory_manage_r1_method_signature" file="/home/emir/Desktop/sentinentx/tests/Unit/PromptFactoryTest.php" line="78" class="Tests\Unit\PromptFactoryTest" classname="Tests.Unit.PromptFactoryTest" assertions="4" time="0.000868"/>
    </testsuite>
    <testsuite name="Tests\Unit\PromptSecurityGuardTest" file="/home/emir/Desktop/sentinentx/tests/Unit/PromptSecurityGuardTest.php" tests="23" assertions="47" errors="0" failures="0" skipped="0" time="0.067585">
      <testcase name="test_prompt_security_guard_validation_result_ready" file="/home/emir/Desktop/sentinentx/tests/Unit/PromptSecurityGuardTest.php" line="250" class="Tests\Unit\PromptSecurityGuardTest" classname="Tests.Unit.PromptSecurityGuardTest" assertions="2" time="0.055979"/>
      <testcase name="test_prompt_security_guard_prompt_validation_ready" file="/home/emir/Desktop/sentinentx/tests/Unit/PromptSecurityGuardTest.php" line="96" class="Tests\Unit\PromptSecurityGuardTest" classname="Tests.Unit.PromptSecurityGuardTest" assertions="2" time="0.000501"/>
      <testcase name="test_prompt_security_guard_system_prompt_detection_ready" file="/home/emir/Desktop/sentinentx/tests/Unit/PromptSecurityGuardTest.php" line="159" class="Tests\Unit\PromptSecurityGuardTest" classname="Tests.Unit.PromptSecurityGuardTest" assertions="2" time="0.000556"/>
      <testcase name="test_prompt_security_guard_violation_detection_ready" file="/home/emir/Desktop/sentinentx/tests/Unit/PromptSecurityGuardTest.php" line="121" class="Tests\Unit\PromptSecurityGuardTest" classname="Tests.Unit.PromptSecurityGuardTest" assertions="2" time="0.000807"/>
      <testcase name="test_prompt_security_guard_method_visibility_ready" file="/home/emir/Desktop/sentinentx/tests/Unit/PromptSecurityGuardTest.php" line="277" class="Tests\Unit\PromptSecurityGuardTest" classname="Tests.Unit.PromptSecurityGuardTest" assertions="2" time="0.000414"/>
      <testcase name="test_prompt_security_guard_violation_reporting_ready" file="/home/emir/Desktop/sentinentx/tests/Unit/PromptSecurityGuardTest.php" line="224" class="Tests\Unit\PromptSecurityGuardTest" classname="Tests.Unit.PromptSecurityGuardTest" assertions="2" time="0.000426"/>
      <testcase name="test_prompt_security_guard_logging_ready" file="/home/emir/Desktop/sentinentx/tests/Unit/PromptSecurityGuardTest.php" line="134" class="Tests\Unit\PromptSecurityGuardTest" classname="Tests.Unit.PromptSecurityGuardTest" assertions="2" time="0.000415"/>
      <testcase name="test_prompt_security_guard_validate_prompt_method_signature" file="/home/emir/Desktop/sentinentx/tests/Unit/PromptSecurityGuardTest.php" line="29" class="Tests\Unit\PromptSecurityGuardTest" classname="Tests.Unit.PromptSecurityGuardTest" assertions="4" time="0.000423"/>
      <testcase name="test_prompt_security_guard_preview_generation_ready" file="/home/emir/Desktop/sentinentx/tests/Unit/PromptSecurityGuardTest.php" line="237" class="Tests\Unit\PromptSecurityGuardTest" classname="Tests.Unit.PromptSecurityGuardTest" assertions="2" time="0.000415"/>
      <testcase name="test_prompt_security_guard_return_structure_ready" file="/home/emir/Desktop/sentinentx/tests/Unit/PromptSecurityGuardTest.php" line="147" class="Tests\Unit\PromptSecurityGuardTest" classname="Tests.Unit.PromptSecurityGuardTest" assertions="1" time="0.000408"/>
      <testcase name="test_prompt_security_guard_constant_visibility_ready" file="/home/emir/Desktop/sentinentx/tests/Unit/PromptSecurityGuardTest.php" line="263" class="Tests\Unit\PromptSecurityGuardTest" classname="Tests.Unit.PromptSecurityGuardTest" assertions="2" time="0.000414"/>
      <testcase name="test_prompt_security_guard_file_system_detection_ready" file="/home/emir/Desktop/sentinentx/tests/Unit/PromptSecurityGuardTest.php" line="198" class="Tests\Unit\PromptSecurityGuardTest" classname="Tests.Unit.PromptSecurityGuardTest" assertions="2" time="0.000413"/>
      <testcase name="test_prompt_security_guard_has_forbidden_patterns_constant" file="/home/emir/Desktop/sentinentx/tests/Unit/PromptSecurityGuardTest.php" line="45" class="Tests\Unit\PromptSecurityGuardTest" classname="Tests.Unit.PromptSecurityGuardTest" assertions="3" time="0.000418"/>
      <testcase name="test_prompt_security_guard_ai_security_ready" file="/home/emir/Desktop/sentinentx/tests/Unit/PromptSecurityGuardTest.php" line="84" class="Tests\Unit\PromptSecurityGuardTest" classname="Tests.Unit.PromptSecurityGuardTest" assertions="2" time="0.000499"/>
      <testcase name="test_prompt_security_guard_saas_ready" file="/home/emir/Desktop/sentinentx/tests/Unit/PromptSecurityGuardTest.php" line="72" class="Tests\Unit\PromptSecurityGuardTest" classname="Tests.Unit.PromptSecurityGuardTest" assertions="2" time="0.000411"/>
      <testcase name="test_prompt_security_guard_pattern_matching_ready" file="/home/emir/Desktop/sentinentx/tests/Unit/PromptSecurityGuardTest.php" line="109" class="Tests\Unit\PromptSecurityGuardTest" classname="Tests.Unit.PromptSecurityGuardTest" assertions="2" time="0.000471"/>
      <testcase name="test_prompt_security_guard_model_structure" file="/home/emir/Desktop/sentinentx/tests/Unit/PromptSecurityGuardTest.php" line="59" class="Tests\Unit\PromptSecurityGuardTest" classname="Tests.Unit.PromptSecurityGuardTest" assertions="3" time="0.000585"/>
      <testcase name="test_prompt_security_guard_immutability_ready" file="/home/emir/Desktop/sentinentx/tests/Unit/PromptSecurityGuardTest.php" line="290" class="Tests\Unit\PromptSecurityGuardTest" classname="Tests.Unit.PromptSecurityGuardTest" assertions="2" time="0.001055"/>
      <testcase name="test_prompt_security_guard_constructor" file="/home/emir/Desktop/sentinentx/tests/Unit/PromptSecurityGuardTest.php" line="13" class="Tests\Unit\PromptSecurityGuardTest" classname="Tests.Unit.PromptSecurityGuardTest" assertions="1" time="0.000760"/>
      <testcase name="test_prompt_security_guard_has_validate_prompt_method" file="/home/emir/Desktop/sentinentx/tests/Unit/PromptSecurityGuardTest.php" line="21" class="Tests\Unit\PromptSecurityGuardTest" classname="Tests.Unit.PromptSecurityGuardTest" assertions="1" time="0.000459"/>
      <testcase name="test_prompt_security_guard_prompt_length_tracking_ready" file="/home/emir/Desktop/sentinentx/tests/Unit/PromptSecurityGuardTest.php" line="211" class="Tests\Unit\PromptSecurityGuardTest" classname="Tests.Unit.PromptSecurityGuardTest" assertions="2" time="0.000496"/>
      <testcase name="test_prompt_security_guard_code_execution_detection_ready" file="/home/emir/Desktop/sentinentx/tests/Unit/PromptSecurityGuardTest.php" line="185" class="Tests\Unit\PromptSecurityGuardTest" classname="Tests.Unit.PromptSecurityGuardTest" assertions="2" time="0.000560"/>
      <testcase name="test_prompt_security_guard_script_injection_detection_ready" file="/home/emir/Desktop/sentinentx/tests/Unit/PromptSecurityGuardTest.php" line="172" class="Tests\Unit\PromptSecurityGuardTest" classname="Tests.Unit.PromptSecurityGuardTest" assertions="2" time="0.000698"/>
    </testsuite>
    <testsuite name="Tests\Unit\SnapshotServiceTest" file="/home/emir/Desktop/sentinentx/tests/Unit/SnapshotServiceTest.php" tests="23" assertions="49" errors="0" failures="0" skipped="0" time="0.087394">
      <testcase name="test_snapshot_service_immutability_ready" file="/home/emir/Desktop/sentinentx/tests/Unit/SnapshotServiceTest.php" line="338" class="Tests\Unit\SnapshotServiceTest" classname="Tests.Unit.SnapshotServiceTest" assertions="3" time="0.070901"/>
      <testcase name="test_snapshot_service_market_data_integration_ready" file="/home/emir/Desktop/sentinentx/tests/Unit/SnapshotServiceTest.php" line="129" class="Tests\Unit\SnapshotServiceTest" classname="Tests.Unit.SnapshotServiceTest" assertions="2" time="0.000642"/>
      <testcase name="test_snapshot_service_timeframe_handling_ready" file="/home/emir/Desktop/sentinentx/tests/Unit/SnapshotServiceTest.php" line="294" class="Tests\Unit\SnapshotServiceTest" classname="Tests.Unit.SnapshotServiceTest" assertions="2" time="0.000627"/>
      <testcase name="test_snapshot_service_options_handling_ready" file="/home/emir/Desktop/sentinentx/tests/Unit/SnapshotServiceTest.php" line="280" class="Tests\Unit\SnapshotServiceTest" classname="Tests.Unit.SnapshotServiceTest" assertions="1" time="0.000696"/>
      <testcase name="test_snapshot_service_trading_analysis_ready" file="/home/emir/Desktop/sentinentx/tests/Unit/SnapshotServiceTest.php" line="206" class="Tests\Unit\SnapshotServiceTest" classname="Tests.Unit.SnapshotServiceTest" assertions="2" time="0.000632"/>
      <testcase name="test_snapshot_service_dependency_injection" file="/home/emir/Desktop/sentinentx/tests/Unit/SnapshotServiceTest.php" line="66" class="Tests\Unit\SnapshotServiceTest" classname="Tests.Unit.SnapshotServiceTest" assertions="6" time="0.000778"/>
      <testcase name="test_snapshot_service_constructor" file="/home/emir/Desktop/sentinentx/tests/Unit/SnapshotServiceTest.php" line="15" class="Tests\Unit\SnapshotServiceTest" classname="Tests.Unit.SnapshotServiceTest" assertions="1" time="0.000818"/>
      <testcase name="test_snapshot_service_price_change_calculation_ready" file="/home/emir/Desktop/sentinentx/tests/Unit/SnapshotServiceTest.php" line="251" class="Tests\Unit\SnapshotServiceTest" classname="Tests.Unit.SnapshotServiceTest" assertions="2" time="0.001471"/>
      <testcase name="test_snapshot_service_model_structure" file="/home/emir/Desktop/sentinentx/tests/Unit/SnapshotServiceTest.php" line="85" class="Tests\Unit\SnapshotServiceTest" classname="Tests.Unit.SnapshotServiceTest" assertions="3" time="0.001358"/>
      <testcase name="test_snapshot_service_volatility_calculation_ready" file="/home/emir/Desktop/sentinentx/tests/Unit/SnapshotServiceTest.php" line="221" class="Tests\Unit\SnapshotServiceTest" classname="Tests.Unit.SnapshotServiceTest" assertions="2" time="0.000874"/>
      <testcase name="test_snapshot_service_return_structure_ready" file="/home/emir/Desktop/sentinentx/tests/Unit/SnapshotServiceTest.php" line="324" class="Tests\Unit\SnapshotServiceTest" classname="Tests.Unit.SnapshotServiceTest" assertions="1" time="0.000606"/>
      <testcase name="test_snapshot_service_ai_snapshot_ready" file="/home/emir/Desktop/sentinentx/tests/Unit/SnapshotServiceTest.php" line="114" class="Tests\Unit\SnapshotServiceTest" classname="Tests.Unit.SnapshotServiceTest" assertions="2" time="0.000645"/>
      <testcase name="test_snapshot_service_has_private_methods" file="/home/emir/Desktop/sentinentx/tests/Unit/SnapshotServiceTest.php" line="54" class="Tests\Unit\SnapshotServiceTest" classname="Tests.Unit.SnapshotServiceTest" assertions="1" time="0.000612"/>
      <testcase name="test_snapshot_service_system_parameters_ready" file="/home/emir/Desktop/sentinentx/tests/Unit/SnapshotServiceTest.php" line="191" class="Tests\Unit\SnapshotServiceTest" classname="Tests.Unit.SnapshotServiceTest" assertions="2" time="0.000629"/>
      <testcase name="test_snapshot_service_create_snapshot_method_signature" file="/home/emir/Desktop/sentinentx/tests/Unit/SnapshotServiceTest.php" line="35" class="Tests\Unit\SnapshotServiceTest" classname="Tests.Unit.SnapshotServiceTest" assertions="5" time="0.000647"/>
      <testcase name="test_snapshot_service_risk_parameters_ready" file="/home/emir/Desktop/sentinentx/tests/Unit/SnapshotServiceTest.php" line="176" class="Tests\Unit\SnapshotServiceTest" classname="Tests.Unit.SnapshotServiceTest" assertions="2" time="0.000627"/>
      <testcase name="test_snapshot_service_cache_management_ready" file="/home/emir/Desktop/sentinentx/tests/Unit/SnapshotServiceTest.php" line="161" class="Tests\Unit\SnapshotServiceTest" classname="Tests.Unit.SnapshotServiceTest" assertions="2" time="0.000926"/>
      <testcase name="test_snapshot_service_symbol_handling_ready" file="/home/emir/Desktop/sentinentx/tests/Unit/SnapshotServiceTest.php" line="266" class="Tests\Unit\SnapshotServiceTest" classname="Tests.Unit.SnapshotServiceTest" assertions="1" time="0.000593"/>
      <testcase name="test_snapshot_service_technical_indicators_ready" file="/home/emir/Desktop/sentinentx/tests/Unit/SnapshotServiceTest.php" line="145" class="Tests\Unit\SnapshotServiceTest" classname="Tests.Unit.SnapshotServiceTest" assertions="2" time="0.000608"/>
      <testcase name="test_snapshot_service_limit_handling_ready" file="/home/emir/Desktop/sentinentx/tests/Unit/SnapshotServiceTest.php" line="309" class="Tests\Unit\SnapshotServiceTest" classname="Tests.Unit.SnapshotServiceTest" assertions="2" time="0.000613"/>
      <testcase name="test_snapshot_service_funding_rate_ready" file="/home/emir/Desktop/sentinentx/tests/Unit/SnapshotServiceTest.php" line="236" class="Tests\Unit\SnapshotServiceTest" classname="Tests.Unit.SnapshotServiceTest" assertions="2" time="0.000665"/>
      <testcase name="test_snapshot_service_has_create_snapshot_method" file="/home/emir/Desktop/sentinentx/tests/Unit/SnapshotServiceTest.php" line="25" class="Tests\Unit\SnapshotServiceTest" classname="Tests.Unit.SnapshotServiceTest" assertions="1" time="0.000620"/>
      <testcase name="test_snapshot_service_saas_ready" file="/home/emir/Desktop/sentinentx/tests/Unit/SnapshotServiceTest.php" line="100" class="Tests\Unit\SnapshotServiceTest" classname="Tests.Unit.SnapshotServiceTest" assertions="2" time="0.000806"/>
    </testsuite>
    <testsuite name="Tests\Unit\MonitoringServiceTest" file="/home/emir/Desktop/sentinentx/tests/Unit/MonitoringServiceTest.php" tests="2" assertions="2" errors="0" failures="0" skipped="0" time="0.194141">
      <testcase name="service_has_required_methods" file="/home/emir/Desktop/sentinentx/tests/Unit/MonitoringServiceTest.php" line="20" class="Tests\Unit\MonitoringServiceTest" classname="Tests.Unit.MonitoringServiceTest" assertions="1" time="0.117338"/>
      <testcase name="service_class_exists" file="/home/emir/Desktop/sentinentx/tests/Unit/MonitoringServiceTest.php" line="14" class="Tests\Unit\MonitoringServiceTest" classname="Tests.Unit.MonitoringServiceTest" assertions="1" time="0.076803"/>
    </testsuite>
    <testsuite name="Tests\Unit\BybitClientExtendedTest" file="/home/emir/Desktop/sentinentx/tests/Unit/BybitClientExtendedTest.php" tests="7" assertions="0" errors="0" failures="0" skipped="7" time="0.000000">
      <testcase name="test_set_leverage" file="/home/emir/Desktop/sentinentx/tests/Unit/BybitClientExtendedTest.php" line="99" class="Tests\Unit\BybitClientExtendedTest" classname="Tests.Unit.BybitClientExtendedTest" assertions="0" time="0.000000">
        <skipped/>
      </testcase>
      <testcase name="test_successful_request_flow" file="/home/emir/Desktop/sentinentx/tests/Unit/BybitClientExtendedTest.php" line="167" class="Tests\Unit\BybitClientExtendedTest" classname="Tests.Unit.BybitClientExtendedTest" assertions="0" time="0.000000">
        <skipped/>
      </testcase>
      <testcase name="test_create_order" file="/home/emir/Desktop/sentinentx/tests/Unit/BybitClientExtendedTest.php" line="72" class="Tests\Unit\BybitClientExtendedTest" classname="Tests.Unit.BybitClientExtendedTest" assertions="0" time="0.000000">
        <skipped/>
      </testcase>
      <testcase name="test_get_instrument_info" file="/home/emir/Desktop/sentinentx/tests/Unit/BybitClientExtendedTest.php" line="114" class="Tests\Unit\BybitClientExtendedTest" classname="Tests.Unit.BybitClientExtendedTest" assertions="0" time="0.000000">
        <skipped/>
      </testcase>
      <testcase name="test_error_handling" file="/home/emir/Desktop/sentinentx/tests/Unit/BybitClientExtendedTest.php" line="149" class="Tests\Unit\BybitClientExtendedTest" classname="Tests.Unit.BybitClientExtendedTest" assertions="0" time="0.000000">
        <skipped/>
      </testcase>
      <testcase name="test_get_tickers" file="/home/emir/Desktop/sentinentx/tests/Unit/BybitClientExtendedTest.php" line="26" class="Tests\Unit\BybitClientExtendedTest" classname="Tests.Unit.BybitClientExtendedTest" assertions="0" time="0.000000">
        <skipped/>
      </testcase>
      <testcase name="test_get_klines" file="/home/emir/Desktop/sentinentx/tests/Unit/BybitClientExtendedTest.php" line="51" class="Tests\Unit\BybitClientExtendedTest" classname="Tests.Unit.BybitClientExtendedTest" assertions="0" time="0.000000">
        <skipped/>
      </testcase>
    </testsuite>
    <testsuite name="Tests\Unit\PathSimulatorTest" file="/home/emir/Desktop/sentinentx/tests/Unit/PathSimulatorTest.php" tests="23" assertions="49" errors="0" failures="0" skipped="0" time="0.026814">
      <testcase name="test_path_simulator_long_short_support_ready" file="/home/emir/Desktop/sentinentx/tests/Unit/PathSimulatorTest.php" line="269" class="Tests\Unit\PathSimulatorTest" classname="Tests.Unit.PathSimulatorTest" assertions="2" time="0.015261"/>
      <testcase name="test_path_simulator_side_validation_ready" file="/home/emir/Desktop/sentinentx/tests/Unit/PathSimulatorTest.php" line="106" class="Tests\Unit\PathSimulatorTest" classname="Tests.Unit.PathSimulatorTest" assertions="2" time="0.000545"/>
      <testcase name="test_path_simulator_constructor" file="/home/emir/Desktop/sentinentx/tests/Unit/PathSimulatorTest.php" line="13" class="Tests\Unit\PathSimulatorTest" classname="Tests.Unit.PathSimulatorTest" assertions="1" time="0.000411"/>
      <testcase name="test_path_simulator_has_first_touch_method" file="/home/emir/Desktop/sentinentx/tests/Unit/PathSimulatorTest.php" line="21" class="Tests\Unit\PathSimulatorTest" classname="Tests.Unit.PathSimulatorTest" assertions="1" time="0.000433"/>
      <testcase name="test_path_simulator_exit_reason_tracking_ready" file="/home/emir/Desktop/sentinentx/tests/Unit/PathSimulatorTest.php" line="297" class="Tests\Unit\PathSimulatorTest" classname="Tests.Unit.PathSimulatorTest" assertions="2" time="0.000410"/>
      <testcase name="test_path_simulator_bias_handling_ready" file="/home/emir/Desktop/sentinentx/tests/Unit/PathSimulatorTest.php" line="242" class="Tests\Unit\PathSimulatorTest" classname="Tests.Unit.PathSimulatorTest" assertions="2" time="0.000410"/>
      <testcase name="test_path_simulator_bias_parameter_ready" file="/home/emir/Desktop/sentinentx/tests/Unit/PathSimulatorTest.php" line="176" class="Tests\Unit\PathSimulatorTest" classname="Tests.Unit.PathSimulatorTest" assertions="3" time="0.000419"/>
      <testcase name="test_path_simulator_take_profit_ready" file="/home/emir/Desktop/sentinentx/tests/Unit/PathSimulatorTest.php" line="148" class="Tests\Unit\PathSimulatorTest" classname="Tests.Unit.PathSimulatorTest" assertions="2" time="0.000408"/>
      <testcase name="test_path_simulator_first_touch_method_signature" file="/home/emir/Desktop/sentinentx/tests/Unit/PathSimulatorTest.php" line="29" class="Tests\Unit\PathSimulatorTest" classname="Tests.Unit.PathSimulatorTest" assertions="9" time="0.000465"/>
      <testcase name="test_path_simulator_touch_detection_ready" file="/home/emir/Desktop/sentinentx/tests/Unit/PathSimulatorTest.php" line="229" class="Tests\Unit\PathSimulatorTest" classname="Tests.Unit.PathSimulatorTest" assertions="2" time="0.000406"/>
      <testcase name="test_path_simulator_stop_loss_ready" file="/home/emir/Desktop/sentinentx/tests/Unit/PathSimulatorTest.php" line="134" class="Tests\Unit\PathSimulatorTest" classname="Tests.Unit.PathSimulatorTest" assertions="2" time="0.000917"/>
      <testcase name="test_path_simulator_saas_ready" file="/home/emir/Desktop/sentinentx/tests/Unit/PathSimulatorTest.php" line="75" class="Tests\Unit\PathSimulatorTest" classname="Tests.Unit.PathSimulatorTest" assertions="1" time="0.000934"/>
      <testcase name="test_path_simulator_bar_processing_ready" file="/home/emir/Desktop/sentinentx/tests/Unit/PathSimulatorTest.php" line="283" class="Tests\Unit\PathSimulatorTest" classname="Tests.Unit.PathSimulatorTest" assertions="2" time="0.000484"/>
      <testcase name="test_path_simulator_bars_data_ready" file="/home/emir/Desktop/sentinentx/tests/Unit/PathSimulatorTest.php" line="162" class="Tests\Unit\PathSimulatorTest" classname="Tests.Unit.PathSimulatorTest" assertions="2" time="0.000746"/>
      <testcase name="test_path_simulator_model_structure" file="/home/emir/Desktop/sentinentx/tests/Unit/PathSimulatorTest.php" line="63" class="Tests\Unit\PathSimulatorTest" classname="Tests.Unit.PathSimulatorTest" assertions="2" time="0.000452"/>
      <testcase name="test_path_simulator_first_touch_logic_ready" file="/home/emir/Desktop/sentinentx/tests/Unit/PathSimulatorTest.php" line="203" class="Tests\Unit\PathSimulatorTest" classname="Tests.Unit.PathSimulatorTest" assertions="2" time="0.000485"/>
      <testcase name="test_path_simulator_gap_detection_ready" file="/home/emir/Desktop/sentinentx/tests/Unit/PathSimulatorTest.php" line="216" class="Tests\Unit\PathSimulatorTest" classname="Tests.Unit.PathSimulatorTest" assertions="2" time="0.000563"/>
      <testcase name="test_path_simulator_trading_simulation_ready" file="/home/emir/Desktop/sentinentx/tests/Unit/PathSimulatorTest.php" line="93" class="Tests\Unit\PathSimulatorTest" classname="Tests.Unit.PathSimulatorTest" assertions="2" time="0.000554"/>
      <testcase name="test_path_simulator_return_structure_ready" file="/home/emir/Desktop/sentinentx/tests/Unit/PathSimulatorTest.php" line="191" class="Tests\Unit\PathSimulatorTest" classname="Tests.Unit.PathSimulatorTest" assertions="1" time="0.000408"/>
      <testcase name="test_path_simulator_entry_price_ready" file="/home/emir/Desktop/sentinentx/tests/Unit/PathSimulatorTest.php" line="120" class="Tests\Unit\PathSimulatorTest" classname="Tests.Unit.PathSimulatorTest" assertions="2" time="0.000601"/>
      <testcase name="test_path_simulator_timeout_handling_ready" file="/home/emir/Desktop/sentinentx/tests/Unit/PathSimulatorTest.php" line="256" class="Tests\Unit\PathSimulatorTest" classname="Tests.Unit.PathSimulatorTest" assertions="2" time="0.000594"/>
      <testcase name="test_path_simulator_lab_ready" file="/home/emir/Desktop/sentinentx/tests/Unit/PathSimulatorTest.php" line="84" class="Tests\Unit\PathSimulatorTest" classname="Tests.Unit.PathSimulatorTest" assertions="1" time="0.000431"/>
      <testcase name="test_path_simulator_first_touch_bias_default" file="/home/emir/Desktop/sentinentx/tests/Unit/PathSimulatorTest.php" line="50" class="Tests\Unit\PathSimulatorTest" classname="Tests.Unit.PathSimulatorTest" assertions="2" time="0.000476"/>
    </testsuite>
    <testsuite name="Tests\Unit\UsageServiceTest" file="/home/emir/Desktop/sentinentx/tests/Unit/UsageServiceTest.php" tests="17" assertions="55" errors="0" failures="0" skipped="0" time="0.050459">
      <testcase name="test_usage_service_has_increment_method" file="/home/emir/Desktop/sentinentx/tests/Unit/UsageServiceTest.php" line="21" class="Tests\Unit\UsageServiceTest" classname="Tests.Unit.UsageServiceTest" assertions="1" time="0.041439"/>
      <testcase name="test_usage_service_constructor" file="/home/emir/Desktop/sentinentx/tests/Unit/UsageServiceTest.php" line="13" class="Tests\Unit\UsageServiceTest" classname="Tests.Unit.UsageServiceTest" assertions="1" time="0.001238"/>
      <testcase name="test_usage_service_increment_method_signature" file="/home/emir/Desktop/sentinentx/tests/Unit/UsageServiceTest.php" line="45" class="Tests\Unit\UsageServiceTest" classname="Tests.Unit.UsageServiceTest" assertions="6" time="0.001264"/>
      <testcase name="test_usage_service_period_management_ready" file="/home/emir/Desktop/sentinentx/tests/Unit/UsageServiceTest.php" line="150" class="Tests\Unit\UsageServiceTest" classname="Tests.Unit.UsageServiceTest" assertions="3" time="0.000643"/>
      <testcase name="test_usage_service_model_structure" file="/home/emir/Desktop/sentinentx/tests/Unit/UsageServiceTest.php" line="100" class="Tests\Unit\UsageServiceTest" classname="Tests.Unit.UsageServiceTest" assertions="4" time="0.000460"/>
      <testcase name="test_usage_service_saas_ready" file="/home/emir/Desktop/sentinentx/tests/Unit/UsageServiceTest.php" line="114" class="Tests\Unit\UsageServiceTest" classname="Tests.Unit.UsageServiceTest" assertions="3" time="0.000498"/>
      <testcase name="test_usage_service_user_management_ready" file="/home/emir/Desktop/sentinentx/tests/Unit/UsageServiceTest.php" line="178" class="Tests\Unit\UsageServiceTest" classname="Tests.Unit.UsageServiceTest" assertions="4" time="0.000516"/>
      <testcase name="test_usage_service_usage_tracking_ready" file="/home/emir/Desktop/sentinentx/tests/Unit/UsageServiceTest.php" line="136" class="Tests\Unit\UsageServiceTest" classname="Tests.Unit.UsageServiceTest" assertions="3" time="0.000454"/>
      <testcase name="test_usage_service_period_defaults_ready" file="/home/emir/Desktop/sentinentx/tests/Unit/UsageServiceTest.php" line="210" class="Tests\Unit\UsageServiceTest" classname="Tests.Unit.UsageServiceTest" assertions="3" time="0.000466"/>
      <testcase name="test_usage_service_has_within_limit_method" file="/home/emir/Desktop/sentinentx/tests/Unit/UsageServiceTest.php" line="37" class="Tests\Unit\UsageServiceTest" classname="Tests.Unit.UsageServiceTest" assertions="1" time="0.000444"/>
      <testcase name="test_usage_service_service_management_ready" file="/home/emir/Desktop/sentinentx/tests/Unit/UsageServiceTest.php" line="194" class="Tests\Unit\UsageServiceTest" classname="Tests.Unit.UsageServiceTest" assertions="4" time="0.000417"/>
      <testcase name="test_usage_service_limit_enforcement_ready" file="/home/emir/Desktop/sentinentx/tests/Unit/UsageServiceTest.php" line="165" class="Tests\Unit\UsageServiceTest" classname="Tests.Unit.UsageServiceTest" assertions="2" time="0.000440"/>
      <testcase name="test_usage_service_within_limit_method_signature" file="/home/emir/Desktop/sentinentx/tests/Unit/UsageServiceTest.php" line="81" class="Tests\Unit\UsageServiceTest" classname="Tests.Unit.UsageServiceTest" assertions="7" time="0.000433"/>
      <testcase name="test_usage_service_return_types_ready" file="/home/emir/Desktop/sentinentx/tests/Unit/UsageServiceTest.php" line="231" class="Tests\Unit\UsageServiceTest" classname="Tests.Unit.UsageServiceTest" assertions="3" time="0.000448"/>
      <testcase name="test_usage_service_get_count_method_signature" file="/home/emir/Desktop/sentinentx/tests/Unit/UsageServiceTest.php" line="63" class="Tests\Unit\UsageServiceTest" classname="Tests.Unit.UsageServiceTest" assertions="6" time="0.000459"/>
      <testcase name="test_usage_service_billing_ready" file="/home/emir/Desktop/sentinentx/tests/Unit/UsageServiceTest.php" line="125" class="Tests\Unit\UsageServiceTest" classname="Tests.Unit.UsageServiceTest" assertions="3" time="0.000408"/>
      <testcase name="test_usage_service_has_get_count_method" file="/home/emir/Desktop/sentinentx/tests/Unit/UsageServiceTest.php" line="29" class="Tests\Unit\UsageServiceTest" classname="Tests.Unit.UsageServiceTest" assertions="1" time="0.000430"/>
    </testsuite>
    <testsuite name="Tests\Unit\ConsensusDecisionTest" file="/home/emir/Desktop/sentinentx/tests/Unit/ConsensusDecisionTest.php" tests="15" assertions="30" errors="0" failures="0" skipped="0" time="0.040012">
      <testcase name="test_consensus_decision_model_structure" file="/home/emir/Desktop/sentinentx/tests/Unit/ConsensusDecisionTest.php" line="161" class="Tests\Unit\ConsensusDecisionTest" classname="Tests.Unit.ConsensusDecisionTest" assertions="2" time="0.031398"/>
      <testcase name="test_consensus_decision_round_data" file="/home/emir/Desktop/sentinentx/tests/Unit/ConsensusDecisionTest.php" line="56" class="Tests\Unit\ConsensusDecisionTest" classname="Tests.Unit.ConsensusDecisionTest" assertions="2" time="0.000535"/>
      <testcase name="test_consensus_decision_majority_lock" file="/home/emir/Desktop/sentinentx/tests/Unit/ConsensusDecisionTest.php" line="66" class="Tests\Unit\ConsensusDecisionTest" classname="Tests.Unit.ConsensusDecisionTest" assertions="1" time="0.000458"/>
      <testcase name="test_consensus_decision_data_integrity" file="/home/emir/Desktop/sentinentx/tests/Unit/ConsensusDecisionTest.php" line="173" class="Tests\Unit\ConsensusDecisionTest" classname="Tests.Unit.ConsensusDecisionTest" assertions="3" time="0.000437"/>
      <testcase name="test_consensus_decision_round2_array_cast" file="/home/emir/Desktop/sentinentx/tests/Unit/ConsensusDecisionTest.php" line="84" class="Tests\Unit\ConsensusDecisionTest" classname="Tests.Unit.ConsensusDecisionTest" assertions="1" time="0.000456"/>
      <testcase name="test_consensus_decision_majority_mechanism_ready" file="/home/emir/Desktop/sentinentx/tests/Unit/ConsensusDecisionTest.php" line="132" class="Tests\Unit\ConsensusDecisionTest" classname="Tests.Unit.ConsensusDecisionTest" assertions="1" time="0.000735"/>
      <testcase name="test_consensus_decision_casts" file="/home/emir/Desktop/sentinentx/tests/Unit/ConsensusDecisionTest.php" line="25" class="Tests\Unit\ConsensusDecisionTest" classname="Tests.Unit.ConsensusDecisionTest" assertions="3" time="0.000696"/>
      <testcase name="test_consensus_decision_trading_cycle_ready" file="/home/emir/Desktop/sentinentx/tests/Unit/ConsensusDecisionTest.php" line="119" class="Tests\Unit\ConsensusDecisionTest" classname="Tests.Unit.ConsensusDecisionTest" assertions="2" time="0.000998"/>
      <testcase name="test_consensus_decision_fillable_attributes" file="/home/emir/Desktop/sentinentx/tests/Unit/ConsensusDecisionTest.php" line="13" class="Tests\Unit\ConsensusDecisionTest" classname="Tests.Unit.ConsensusDecisionTest" assertions="1" time="0.000979"/>
      <testcase name="test_consensus_decision_round1_array_cast" file="/home/emir/Desktop/sentinentx/tests/Unit/ConsensusDecisionTest.php" line="75" class="Tests\Unit\ConsensusDecisionTest" classname="Tests.Unit.ConsensusDecisionTest" assertions="1" time="0.000782"/>
      <testcase name="test_consensus_decision_ai_consensus_ready" file="/home/emir/Desktop/sentinentx/tests/Unit/ConsensusDecisionTest.php" line="102" class="Tests\Unit\ConsensusDecisionTest" classname="Tests.Unit.ConsensusDecisionTest" assertions="4" time="0.000668"/>
      <testcase name="test_consensus_decision_trading_attributes" file="/home/emir/Desktop/sentinentx/tests/Unit/ConsensusDecisionTest.php" line="36" class="Tests\Unit\ConsensusDecisionTest" classname="Tests.Unit.ConsensusDecisionTest" assertions="3" time="0.000440"/>
      <testcase name="test_consensus_decision_analytics_ready" file="/home/emir/Desktop/sentinentx/tests/Unit/ConsensusDecisionTest.php" line="144" class="Tests\Unit\ConsensusDecisionTest" classname="Tests.Unit.ConsensusDecisionTest" assertions="4" time="0.000472"/>
      <testcase name="test_consensus_decision_cycle_tracking" file="/home/emir/Desktop/sentinentx/tests/Unit/ConsensusDecisionTest.php" line="47" class="Tests\Unit\ConsensusDecisionTest" classname="Tests.Unit.ConsensusDecisionTest" assertions="1" time="0.000531"/>
      <testcase name="test_consensus_decision_majority_lock_boolean_cast" file="/home/emir/Desktop/sentinentx/tests/Unit/ConsensusDecisionTest.php" line="93" class="Tests\Unit\ConsensusDecisionTest" classname="Tests.Unit.ConsensusDecisionTest" assertions="1" time="0.000428"/>
    </testsuite>
    <testsuite name="Tests\Unit\MailNotifierTest" file="/home/emir/Desktop/sentinentx/tests/Unit/MailNotifierTest.php" tests="16" assertions="16" errors="0" failures="0" skipped="0" time="0.032426">
      <testcase name="test_mail_notifier_notification_ready" file="/home/emir/Desktop/sentinentx/tests/Unit/MailNotifierTest.php" line="47" class="Tests\Unit\MailNotifierTest" classname="Tests.Unit.MailNotifierTest" assertions="1" time="0.024124"/>
      <testcase name="test_mail_notifier_notify_method_signature" file="/home/emir/Desktop/sentinentx/tests/Unit/MailNotifierTest.php" line="26" class="Tests\Unit\MailNotifierTest" classname="Tests.Unit.MailNotifierTest" assertions="1" time="0.000730"/>
      <testcase name="test_mail_notifier_recipient_validation_ready" file="/home/emir/Desktop/sentinentx/tests/Unit/MailNotifierTest.php" line="89" class="Tests\Unit\MailNotifierTest" classname="Tests.Unit.MailNotifierTest" assertions="1" time="0.000982"/>
      <testcase name="test_mail_notifier_constructor" file="/home/emir/Desktop/sentinentx/tests/Unit/MailNotifierTest.php" line="12" class="Tests\Unit\MailNotifierTest" classname="Tests.Unit.MailNotifierTest" assertions="1" time="0.000933"/>
      <testcase name="test_mail_notifier_subject_body_ready" file="/home/emir/Desktop/sentinentx/tests/Unit/MailNotifierTest.php" line="82" class="Tests\Unit\MailNotifierTest" classname="Tests.Unit.MailNotifierTest" assertions="1" time="0.000696"/>
      <testcase name="test_mail_notifier_raw_mail_ready" file="/home/emir/Desktop/sentinentx/tests/Unit/MailNotifierTest.php" line="110" class="Tests\Unit\MailNotifierTest" classname="Tests.Unit.MailNotifierTest" assertions="1" time="0.000656"/>
      <testcase name="test_mail_notifier_saas_ready" file="/home/emir/Desktop/sentinentx/tests/Unit/MailNotifierTest.php" line="40" class="Tests\Unit\MailNotifierTest" classname="Tests.Unit.MailNotifierTest" assertions="1" time="0.000457"/>
      <testcase name="test_mail_notifier_mail_integration_ready" file="/home/emir/Desktop/sentinentx/tests/Unit/MailNotifierTest.php" line="75" class="Tests\Unit\MailNotifierTest" classname="Tests.Unit.MailNotifierTest" assertions="1" time="0.000430"/>
      <testcase name="test_mail_notifier_config_validation_ready" file="/home/emir/Desktop/sentinentx/tests/Unit/MailNotifierTest.php" line="103" class="Tests\Unit\MailNotifierTest" classname="Tests.Unit.MailNotifierTest" assertions="1" time="0.000502"/>
      <testcase name="test_mail_notifier_exception_suppression_ready" file="/home/emir/Desktop/sentinentx/tests/Unit/MailNotifierTest.php" line="96" class="Tests\Unit\MailNotifierTest" classname="Tests.Unit.MailNotifierTest" assertions="1" time="0.000443"/>
      <testcase name="test_mail_notifier_error_handling_ready" file="/home/emir/Desktop/sentinentx/tests/Unit/MailNotifierTest.php" line="61" class="Tests\Unit\MailNotifierTest" classname="Tests.Unit.MailNotifierTest" assertions="1" time="0.000401"/>
      <testcase name="test_mail_notifier_configuration_ready" file="/home/emir/Desktop/sentinentx/tests/Unit/MailNotifierTest.php" line="54" class="Tests\Unit\MailNotifierTest" classname="Tests.Unit.MailNotifierTest" assertions="1" time="0.000417"/>
      <testcase name="test_mail_notifier_has_notify_method" file="/home/emir/Desktop/sentinentx/tests/Unit/MailNotifierTest.php" line="19" class="Tests\Unit\MailNotifierTest" classname="Tests.Unit.MailNotifierTest" assertions="1" time="0.000399"/>
      <testcase name="test_mail_notifier_model_structure" file="/home/emir/Desktop/sentinentx/tests/Unit/MailNotifierTest.php" line="33" class="Tests\Unit\MailNotifierTest" classname="Tests.Unit.MailNotifierTest" assertions="1" time="0.000432"/>
      <testcase name="test_mail_notifier_logging_ready" file="/home/emir/Desktop/sentinentx/tests/Unit/MailNotifierTest.php" line="68" class="Tests\Unit\MailNotifierTest" classname="Tests.Unit.MailNotifierTest" assertions="1" time="0.000425"/>
      <testcase name="test_mail_notifier_logging_levels_ready" file="/home/emir/Desktop/sentinentx/tests/Unit/MailNotifierTest.php" line="117" class="Tests\Unit\MailNotifierTest" classname="Tests.Unit.MailNotifierTest" assertions="1" time="0.000398"/>
    </testsuite>
    <testsuite name="Tests\Unit\StatusCommandTest" file="/home/emir/Desktop/sentinentx/tests/Unit/StatusCommandTest.php" tests="7" assertions="15" errors="0" failures="0" skipped="0" time="0.913254">
      <testcase name="test_command_shows_version_information" file="/home/emir/Desktop/sentinentx/tests/Unit/StatusCommandTest.php" line="44" class="Tests\Unit\StatusCommandTest" classname="Tests.Unit.StatusCommandTest" assertions="2" time="0.191443"/>
      <testcase name="test_command_signature_and_description" file="/home/emir/Desktop/sentinentx/tests/Unit/StatusCommandTest.php" line="20" class="Tests\Unit\StatusCommandTest" classname="Tests.Unit.StatusCommandTest" assertions="4" time="0.095478"/>
      <testcase name="test_command_shows_system_information" file="/home/emir/Desktop/sentinentx/tests/Unit/StatusCommandTest.php" line="37" class="Tests\Unit\StatusCommandTest" classname="Tests.Unit.StatusCommandTest" assertions="2" time="0.136139"/>
      <testcase name="test_command_handles_verbose_output" file="/home/emir/Desktop/sentinentx/tests/Unit/StatusCommandTest.php" line="71" class="Tests\Unit\StatusCommandTest" classname="Tests.Unit.StatusCommandTest" assertions="2" time="0.130616"/>
      <testcase name="test_command_handles_json_output" file="/home/emir/Desktop/sentinentx/tests/Unit/StatusCommandTest.php" line="62" class="Tests\Unit\StatusCommandTest" classname="Tests.Unit.StatusCommandTest" assertions="2" time="0.109432"/>
      <testcase name="test_command_executes_successfully" file="/home/emir/Desktop/sentinentx/tests/Unit/StatusCommandTest.php" line="30" class="Tests\Unit\StatusCommandTest" classname="Tests.Unit.StatusCommandTest" assertions="1" time="0.123107"/>
      <testcase name="test_command_shows_environment_information" file="/home/emir/Desktop/sentinentx/tests/Unit/StatusCommandTest.php" line="53" class="Tests\Unit\StatusCommandTest" classname="Tests.Unit.StatusCommandTest" assertions="2" time="0.127040"/>
    </testsuite>
    <testsuite name="Tests\Unit\TenantResourceManagerTest" file="/home/emir/Desktop/sentinentx/tests/Unit/TenantResourceManagerTest.php" tests="14" assertions="0" errors="0" failures="0" skipped="14" time="0.000000">
      <testcase name="professional_plan_allows_more_crypto_trading" file="/home/emir/Desktop/sentinentx/tests/Unit/TenantResourceManagerTest.php" line="49" class="Tests\Unit\TenantResourceManagerTest" classname="Tests.Unit.TenantResourceManagerTest" assertions="0" time="0.000000">
        <skipped/>
      </testcase>
      <testcase name="plan_upgrade_suggestion_detects_high_usage" file="/home/emir/Desktop/sentinentx/tests/Unit/TenantResourceManagerTest.php" line="232" class="Tests\Unit\TenantResourceManagerTest" classname="Tests.Unit.TenantResourceManagerTest" assertions="0" time="0.000000">
        <skipped/>
      </testcase>
      <testcase name="enterprise_plan_has_unlimited_positions" file="/home/emir/Desktop/sentinentx/tests/Unit/TenantResourceManagerTest.php" line="60" class="Tests\Unit\TenantResourceManagerTest" classname="Tests.Unit.TenantResourceManagerTest" assertions="0" time="0.000000">
        <skipped/>
      </testcase>
      <testcase name="leverage_validation_enforces_plan_limits" file="/home/emir/Desktop/sentinentx/tests/Unit/TenantResourceManagerTest.php" line="117" class="Tests\Unit\TenantResourceManagerTest" classname="Tests.Unit.TenantResourceManagerTest" assertions="0" time="0.000000">
        <skipped/>
      </testcase>
      <testcase name="multi_crypto_portfolio_resource_validation" file="/home/emir/Desktop/sentinentx/tests/Unit/TenantResourceManagerTest.php" line="337" class="Tests\Unit\TenantResourceManagerTest" classname="Tests.Unit.TenantResourceManagerTest" assertions="0" time="0.000000">
        <skipped/>
      </testcase>
      <testcase name="starter_plan_limits_crypto_positions_correctly" file="/home/emir/Desktop/sentinentx/tests/Unit/TenantResourceManagerTest.php" line="35" class="Tests\Unit\TenantResourceManagerTest" classname="Tests.Unit.TenantResourceManagerTest" assertions="0" time="0.000000">
        <skipped/>
      </testcase>
      <testcase name="ai_rate_limiting_prevents_api_abuse" file="/home/emir/Desktop/sentinentx/tests/Unit/TenantResourceManagerTest.php" line="98" class="Tests\Unit\TenantResourceManagerTest" classname="Tests.Unit.TenantResourceManagerTest" assertions="0" time="0.000000">
        <skipped/>
      </testcase>
      <testcase name="symbol_limit_restricts_portfolio_diversity" file="/home/emir/Desktop/sentinentx/tests/Unit/TenantResourceManagerTest.php" line="147" class="Tests\Unit\TenantResourceManagerTest" classname="Tests.Unit.TenantResourceManagerTest" assertions="0" time="0.000000">
        <skipped/>
      </testcase>
      <testcase name="critical_usage_warnings_at_90_percent" file="/home/emir/Desktop/sentinentx/tests/Unit/TenantResourceManagerTest.php" line="309" class="Tests\Unit\TenantResourceManagerTest" classname="Tests.Unit.TenantResourceManagerTest" assertions="0" time="0.000000">
        <skipped/>
      </testcase>
      <testcase name="usage_tracking_records_resource_consumption" file="/home/emir/Desktop/sentinentx/tests/Unit/TenantResourceManagerTest.php" line="166" class="Tests\Unit\TenantResourceManagerTest" classname="Tests.Unit.TenantResourceManagerTest" assertions="0" time="0.000000">
        <skipped/>
      </testcase>
      <testcase name="usage_warnings_alert_on_approaching_limits" file="/home/emir/Desktop/sentinentx/tests/Unit/TenantResourceManagerTest.php" line="280" class="Tests\Unit\TenantResourceManagerTest" classname="Tests.Unit.TenantResourceManagerTest" assertions="0" time="0.000000">
        <skipped/>
      </testcase>
      <testcase name="position_limit_blocks_when_exceeded" file="/home/emir/Desktop/sentinentx/tests/Unit/TenantResourceManagerTest.php" line="71" class="Tests\Unit\TenantResourceManagerTest" classname="Tests.Unit.TenantResourceManagerTest" assertions="0" time="0.000000">
        <skipped/>
      </testcase>
      <testcase name="enterprise_plan_has_no_upgrade_suggestion" file="/home/emir/Desktop/sentinentx/tests/Unit/TenantResourceManagerTest.php" line="267" class="Tests\Unit\TenantResourceManagerTest" classname="Tests.Unit.TenantResourceManagerTest" assertions="0" time="0.000000">
        <skipped/>
      </testcase>
      <testcase name="usage_report_provides_comprehensive_overview" file="/home/emir/Desktop/sentinentx/tests/Unit/TenantResourceManagerTest.php" line="181" class="Tests\Unit\TenantResourceManagerTest" classname="Tests.Unit.TenantResourceManagerTest" assertions="0" time="0.000000">
        <skipped/>
      </testcase>
    </testsuite>
    <testsuite name="Tests\Unit\QueryOptimizerTest" file="/home/emir/Desktop/sentinentx/tests/Unit/QueryOptimizerTest.php" tests="10" assertions="0" errors="0" failures="0" skipped="10" time="0.000000">
      <testcase name="performance_metrics_calculate_crypto_trading_stats" file="/home/emir/Desktop/sentinentx/tests/Unit/QueryOptimizerTest.php" line="82" class="Tests\Unit\QueryOptimizerTest" classname="Tests.Unit.QueryOptimizerTest" assertions="0" time="0.000000">
        <skipped/>
      </testcase>
      <testcase name="database_health_check_detects_performance_issues" file="/home/emir/Desktop/sentinentx/tests/Unit/QueryOptimizerTest.php" line="160" class="Tests\Unit\QueryOptimizerTest" classname="Tests.Unit.QueryOptimizerTest" assertions="0" time="0.000000">
        <skipped/>
      </testcase>
      <testcase name="empty_metrics_returns_safe_defaults" file="/home/emir/Desktop/sentinentx/tests/Unit/QueryOptimizerTest.php" line="195" class="Tests\Unit\QueryOptimizerTest" classname="Tests.Unit.QueryOptimizerTest" assertions="0" time="0.000000">
        <skipped/>
      </testcase>
      <testcase name="performance_cache_clearing_works" file="/home/emir/Desktop/sentinentx/tests/Unit/QueryOptimizerTest.php" line="175" class="Tests\Unit\QueryOptimizerTest" classname="Tests.Unit.QueryOptimizerTest" assertions="0" time="0.000000">
        <skipped/>
      </testcase>
      <testcase name="total_pnl_calculation_aggregates_correctly" file="/home/emir/Desktop/sentinentx/tests/Unit/QueryOptimizerTest.php" line="65" class="Tests\Unit\QueryOptimizerTest" classname="Tests.Unit.QueryOptimizerTest" assertions="0" time="0.000000">
        <skipped/>
      </testcase>
      <testcase name="complex_crypto_portfolio_metrics" file="/home/emir/Desktop/sentinentx/tests/Unit/QueryOptimizerTest.php" line="209" class="Tests\Unit\QueryOptimizerTest" classname="Tests.Unit.QueryOptimizerTest" assertions="0" time="0.000000">
        <skipped/>
      </testcase>
      <testcase name="risk_exposure_aggregates_by_crypto_symbol" file="/home/emir/Desktop/sentinentx/tests/Unit/QueryOptimizerTest.php" line="101" class="Tests\Unit\QueryOptimizerTest" classname="Tests.Unit.QueryOptimizerTest" assertions="0" time="0.000000">
        <skipped/>
      </testcase>
      <testcase name="recent_ai_decisions_returns_latest_crypto_signals" file="/home/emir/Desktop/sentinentx/tests/Unit/QueryOptimizerTest.php" line="122" class="Tests\Unit\QueryOptimizerTest" classname="Tests.Unit.QueryOptimizerTest" assertions="0" time="0.000000">
        <skipped/>
      </testcase>
      <testcase name="tenant_isolation_in_active_trades_query" file="/home/emir/Desktop/sentinentx/tests/Unit/QueryOptimizerTest.php" line="50" class="Tests\Unit\QueryOptimizerTest" classname="Tests.Unit.QueryOptimizerTest" assertions="0" time="0.000000">
        <skipped/>
      </testcase>
      <testcase name="get_active_trades_returns_only_open_positions" file="/home/emir/Desktop/sentinentx/tests/Unit/QueryOptimizerTest.php" line="34" class="Tests\Unit\QueryOptimizerTest" classname="Tests.Unit.QueryOptimizerTest" assertions="0" time="0.000000">
        <skipped/>
      </testcase>
    </testsuite>
    <testsuite name="Tests\Unit\TALibTest" file="/home/emir/Desktop/sentinentx/tests/Unit/TALibTest.php" tests="27" assertions="98" errors="0" failures="0" skipped="0" time="0.033748">
      <testcase name="test_talib_atr_method_signature" file="/home/emir/Desktop/sentinentx/tests/Unit/TALibTest.php" line="87" class="Tests\Unit\TALibTest" classname="Tests.Unit.TALibTest" assertions="8" time="0.020290"/>
      <testcase name="test_talib_technical_indicators_ready" file="/home/emir/Desktop/sentinentx/tests/Unit/TALibTest.php" line="127" class="Tests\Unit\TALibTest" classname="Tests.Unit.TALibTest" assertions="4" time="0.000449"/>
      <testcase name="test_talib_moving_averages_ready" file="/home/emir/Desktop/sentinentx/tests/Unit/TALibTest.php" line="147" class="Tests\Unit\TALibTest" classname="Tests.Unit.TALibTest" assertions="2" time="0.000458"/>
      <testcase name="test_talib_trading_signals_ready" file="/home/emir/Desktop/sentinentx/tests/Unit/TALibTest.php" line="323" class="Tests\Unit\TALibTest" classname="Tests.Unit.TALibTest" assertions="4" time="0.000425"/>
      <testcase name="test_talib_macd_method_signature" file="/home/emir/Desktop/sentinentx/tests/Unit/TALibTest.php" line="69" class="Tests\Unit\TALibTest" classname="Tests.Unit.TALibTest" assertions="8" time="0.000463"/>
      <testcase name="test_talib_trading_analysis_ready" file="/home/emir/Desktop/sentinentx/tests/Unit/TALibTest.php" line="137" class="Tests\Unit\TALibTest" classname="Tests.Unit.TALibTest" assertions="4" time="0.000483"/>
      <testcase name="test_talib_has_macd_method" file="/home/emir/Desktop/sentinentx/tests/Unit/TALibTest.php" line="25" class="Tests\Unit\TALibTest" classname="Tests.Unit.TALibTest" assertions="1" time="0.000446"/>
      <testcase name="test_talib_parameter_count_ready" file="/home/emir/Desktop/sentinentx/tests/Unit/TALibTest.php" line="286" class="Tests\Unit\TALibTest" classname="Tests.Unit.TALibTest" assertions="4" time="0.000772"/>
      <testcase name="test_talib_saas_ready" file="/home/emir/Desktop/sentinentx/tests/Unit/TALibTest.php" line="117" class="Tests\Unit\TALibTest" classname="Tests.Unit.TALibTest" assertions="4" time="0.000689"/>
      <testcase name="test_talib_array_parameters_ready" file="/home/emir/Desktop/sentinentx/tests/Unit/TALibTest.php" line="208" class="Tests\Unit\TALibTest" classname="Tests.Unit.TALibTest" assertions="4" time="0.000511"/>
      <testcase name="test_talib_ema_method_signature" file="/home/emir/Desktop/sentinentx/tests/Unit/TALibTest.php" line="37" class="Tests\Unit\TALibTest" classname="Tests.Unit.TALibTest" assertions="6" time="0.000466"/>
      <testcase name="test_talib_risk_management_ready" file="/home/emir/Desktop/sentinentx/tests/Unit/TALibTest.php" line="333" class="Tests\Unit\TALibTest" classname="Tests.Unit.TALibTest" assertions="2" time="0.000471"/>
      <testcase name="test_talib_has_rsi_method" file="/home/emir/Desktop/sentinentx/tests/Unit/TALibTest.php" line="19" class="Tests\Unit\TALibTest" classname="Tests.Unit.TALibTest" assertions="1" time="0.000399"/>
      <testcase name="test_talib_performance_analysis_ready" file="/home/emir/Desktop/sentinentx/tests/Unit/TALibTest.php" line="344" class="Tests\Unit\TALibTest" classname="Tests.Unit.TALibTest" assertions="4" time="0.000545"/>
      <testcase name="test_talib_int_parameters_ready" file="/home/emir/Desktop/sentinentx/tests/Unit/TALibTest.php" line="230" class="Tests\Unit\TALibTest" classname="Tests.Unit.TALibTest" assertions="4" time="0.000475"/>
      <testcase name="test_talib_volatility_indicators_ready" file="/home/emir/Desktop/sentinentx/tests/Unit/TALibTest.php" line="180" class="Tests\Unit\TALibTest" classname="Tests.Unit.TALibTest" assertions="2" time="0.000573"/>
      <testcase name="test_talib_has_atr_method" file="/home/emir/Desktop/sentinentx/tests/Unit/TALibTest.php" line="31" class="Tests\Unit\TALibTest" classname="Tests.Unit.TALibTest" assertions="1" time="0.000501"/>
      <testcase name="test_talib_rsi_method_signature" file="/home/emir/Desktop/sentinentx/tests/Unit/TALibTest.php" line="53" class="Tests\Unit\TALibTest" classname="Tests.Unit.TALibTest" assertions="6" time="0.000572"/>
      <testcase name="test_talib_static_methods_ready" file="/home/emir/Desktop/sentinentx/tests/Unit/TALibTest.php" line="191" class="Tests\Unit\TALibTest" classname="Tests.Unit.TALibTest" assertions="4" time="0.000578"/>
      <testcase name="test_talib_momentum_indicators_ready" file="/home/emir/Desktop/sentinentx/tests/Unit/TALibTest.php" line="158" class="Tests\Unit\TALibTest" classname="Tests.Unit.TALibTest" assertions="2" time="0.000981"/>
      <testcase name="test_talib_model_structure" file="/home/emir/Desktop/sentinentx/tests/Unit/TALibTest.php" line="105" class="Tests\Unit\TALibTest" classname="Tests.Unit.TALibTest" assertions="4" time="0.000543"/>
      <testcase name="test_talib_return_types_ready" file="/home/emir/Desktop/sentinentx/tests/Unit/TALibTest.php" line="252" class="Tests\Unit\TALibTest" classname="Tests.Unit.TALibTest" assertions="4" time="0.000469"/>
      <testcase name="test_talib_chart_analysis_ready" file="/home/emir/Desktop/sentinentx/tests/Unit/TALibTest.php" line="313" class="Tests\Unit\TALibTest" classname="Tests.Unit.TALibTest" assertions="4" time="0.000443"/>
      <testcase name="test_talib_public_methods_ready" file="/home/emir/Desktop/sentinentx/tests/Unit/TALibTest.php" line="269" class="Tests\Unit\TALibTest" classname="Tests.Unit.TALibTest" assertions="4" time="0.000463"/>
      <testcase name="test_talib_has_ema_method" file="/home/emir/Desktop/sentinentx/tests/Unit/TALibTest.php" line="13" class="Tests\Unit\TALibTest" classname="Tests.Unit.TALibTest" assertions="1" time="0.000396"/>
      <testcase name="test_talib_trend_indicators_ready" file="/home/emir/Desktop/sentinentx/tests/Unit/TALibTest.php" line="169" class="Tests\Unit\TALibTest" classname="Tests.Unit.TALibTest" assertions="2" time="0.000456"/>
      <testcase name="test_talib_technical_analysis_ready" file="/home/emir/Desktop/sentinentx/tests/Unit/TALibTest.php" line="303" class="Tests\Unit\TALibTest" classname="Tests.Unit.TALibTest" assertions="4" time="0.000428"/>
    </testsuite>
    <testsuite name="Tests\Unit\LabRunTest" file="/home/emir/Desktop/sentinentx/tests/Unit/LabRunTest.php" tests="26" assertions="78" errors="0" failures="0" skipped="0" time="0.057683">
      <testcase name="test_lab_run_performance_tracking" file="/home/emir/Desktop/sentinentx/tests/Unit/LabRunTest.php" line="86" class="Tests\Unit\LabRunTest" classname="Tests.Unit.LabRunTest" assertions="4" time="0.044647"/>
      <testcase name="test_lab_run_casts" file="/home/emir/Desktop/sentinentx/tests/Unit/LabRunTest.php" line="45" class="Tests\Unit\LabRunTest" classname="Tests.Unit.LabRunTest" assertions="12" time="0.000495"/>
      <testcase name="test_lab_run_extensibility" file="/home/emir/Desktop/sentinentx/tests/Unit/LabRunTest.php" line="342" class="Tests\Unit\LabRunTest" classname="Tests.Unit.LabRunTest" assertions="2" time="0.000441"/>
      <testcase name="test_lab_run_has_correct_table_name" file="/home/emir/Desktop/sentinentx/tests/Unit/LabRunTest.php" line="13" class="Tests\Unit\LabRunTest" classname="Tests.Unit.LabRunTest" assertions="1" time="0.000433"/>
      <testcase name="test_lab_run_profit_factor_cast" file="/home/emir/Desktop/sentinentx/tests/Unit/LabRunTest.php" line="184" class="Tests\Unit\LabRunTest" classname="Tests.Unit.LabRunTest" assertions="1" time="0.000428"/>
      <testcase name="test_lab_run_symbols_array_cast" file="/home/emir/Desktop/sentinentx/tests/Unit/LabRunTest.php" line="136" class="Tests\Unit\LabRunTest" classname="Tests.Unit.LabRunTest" assertions="1" time="0.000739"/>
      <testcase name="test_lab_run_risk_decimal_cast" file="/home/emir/Desktop/sentinentx/tests/Unit/LabRunTest.php" line="155" class="Tests\Unit\LabRunTest" classname="Tests.Unit.LabRunTest" assertions="1" time="0.000492"/>
      <testcase name="test_lab_run_status_tracking" file="/home/emir/Desktop/sentinentx/tests/Unit/LabRunTest.php" line="108" class="Tests\Unit\LabRunTest" classname="Tests.Unit.LabRunTest" assertions="1" time="0.000458"/>
      <testcase name="test_lab_run_saas_ready" file="/home/emir/Desktop/sentinentx/tests/Unit/LabRunTest.php" line="301" class="Tests\Unit\LabRunTest" classname="Tests.Unit.LabRunTest" assertions="4" time="0.000472"/>
      <testcase name="test_lab_run_fillable_attributes" file="/home/emir/Desktop/sentinentx/tests/Unit/LabRunTest.php" line="21" class="Tests\Unit\LabRunTest" classname="Tests.Unit.LabRunTest" assertions="1" time="0.000535"/>
      <testcase name="test_lab_run_timing_attributes" file="/home/emir/Desktop/sentinentx/tests/Unit/LabRunTest.php" line="98" class="Tests\Unit\LabRunTest" classname="Tests.Unit.LabRunTest" assertions="2" time="0.001071"/>
      <testcase name="test_lab_run_datetime_fields" file="/home/emir/Desktop/sentinentx/tests/Unit/LabRunTest.php" line="193" class="Tests\Unit\LabRunTest" classname="Tests.Unit.LabRunTest" assertions="2" time="0.000779"/>
      <testcase name="test_lab_run_trade_count_casts" file="/home/emir/Desktop/sentinentx/tests/Unit/LabRunTest.php" line="173" class="Tests\Unit\LabRunTest" classname="Tests.Unit.LabRunTest" assertions="3" time="0.000497"/>
      <testcase name="test_lab_run_analytics_ready" file="/home/emir/Desktop/sentinentx/tests/Unit/LabRunTest.php" line="266" class="Tests\Unit\LabRunTest" classname="Tests.Unit.LabRunTest" assertions="5" time="0.000582"/>
      <testcase name="test_lab_run_leverage_integer_cast" file="/home/emir/Desktop/sentinentx/tests/Unit/LabRunTest.php" line="164" class="Tests\Unit\LabRunTest" classname="Tests.Unit.LabRunTest" assertions="1" time="0.000450"/>
      <testcase name="test_lab_run_performance_analysis_ready" file="/home/emir/Desktop/sentinentx/tests/Unit/LabRunTest.php" line="232" class="Tests\Unit\LabRunTest" classname="Tests.Unit.LabRunTest" assertions="6" time="0.000564"/>
      <testcase name="test_lab_run_has_relationship_methods" file="/home/emir/Desktop/sentinentx/tests/Unit/LabRunTest.php" line="126" class="Tests\Unit\LabRunTest" classname="Tests.Unit.LabRunTest" assertions="2" time="0.000473"/>
      <testcase name="test_lab_run_model_structure" file="/home/emir/Desktop/sentinentx/tests/Unit/LabRunTest.php" line="286" class="Tests\Unit\LabRunTest" classname="Tests.Unit.LabRunTest" assertions="3" time="0.000533"/>
      <testcase name="test_lab_run_metadata" file="/home/emir/Desktop/sentinentx/tests/Unit/LabRunTest.php" line="117" class="Tests\Unit\LabRunTest" classname="Tests.Unit.LabRunTest" assertions="1" time="0.000445"/>
      <testcase name="test_lab_run_risk_management_attributes" file="/home/emir/Desktop/sentinentx/tests/Unit/LabRunTest.php" line="76" class="Tests\Unit\LabRunTest" classname="Tests.Unit.LabRunTest" assertions="2" time="0.000470"/>
      <testcase name="test_lab_run_equity_decimal_casts" file="/home/emir/Desktop/sentinentx/tests/Unit/LabRunTest.php" line="145" class="Tests\Unit\LabRunTest" classname="Tests.Unit.LabRunTest" assertions="2" time="0.000443"/>
      <testcase name="test_lab_run_risk_management_ready" file="/home/emir/Desktop/sentinentx/tests/Unit/LabRunTest.php" line="253" class="Tests\Unit\LabRunTest" classname="Tests.Unit.LabRunTest" assertions="2" time="0.000431"/>
      <testcase name="test_lab_run_trading_attributes" file="/home/emir/Desktop/sentinentx/tests/Unit/LabRunTest.php" line="65" class="Tests\Unit\LabRunTest" classname="Tests.Unit.LabRunTest" assertions="3" time="0.000461"/>
      <testcase name="test_lab_run_data_integrity" file="/home/emir/Desktop/sentinentx/tests/Unit/LabRunTest.php" line="318" class="Tests\Unit\LabRunTest" classname="Tests.Unit.LabRunTest" assertions="12" time="0.000479"/>
      <testcase name="test_lab_run_meta_array_cast" file="/home/emir/Desktop/sentinentx/tests/Unit/LabRunTest.php" line="207" class="Tests\Unit\LabRunTest" classname="Tests.Unit.LabRunTest" assertions="1" time="0.000427"/>
      <testcase name="test_lab_run_lab_environment_ready" file="/home/emir/Desktop/sentinentx/tests/Unit/LabRunTest.php" line="216" class="Tests\Unit\LabRunTest" classname="Tests.Unit.LabRunTest" assertions="3" time="0.000438"/>
    </testsuite>
    <testsuite name="Tests\Unit\AiOutputSchemaServiceTest" file="/home/emir/Desktop/sentinentx/tests/Unit/AiOutputSchemaServiceTest.php" tests="24" assertions="65" errors="0" failures="0" skipped="0" time="0.055828">
      <testcase name="test_ai_output_schema_service_return_structure_ready" file="/home/emir/Desktop/sentinentx/tests/Unit/AiOutputSchemaServiceTest.php" line="304" class="Tests\Unit\AiOutputSchemaServiceTest" classname="Tests.Unit.AiOutputSchemaServiceTest" assertions="1" time="0.044041"/>
      <testcase name="test_ai_output_schema_service_execution_management_ready" file="/home/emir/Desktop/sentinentx/tests/Unit/AiOutputSchemaServiceTest.php" line="265" class="Tests\Unit\AiOutputSchemaServiceTest" classname="Tests.Unit.AiOutputSchemaServiceTest" assertions="2" time="0.000477"/>
      <testcase name="test_ai_output_schema_service_action_normalization_ready" file="/home/emir/Desktop/sentinentx/tests/Unit/AiOutputSchemaServiceTest.php" line="142" class="Tests\Unit\AiOutputSchemaServiceTest" classname="Tests.Unit.AiOutputSchemaServiceTest" assertions="3" time="0.000424"/>
      <testcase name="test_ai_output_schema_service_quantity_factor_normalization_ready" file="/home/emir/Desktop/sentinentx/tests/Unit/AiOutputSchemaServiceTest.php" line="184" class="Tests\Unit\AiOutputSchemaServiceTest" classname="Tests.Unit.AiOutputSchemaServiceTest" assertions="3" time="0.000443"/>
      <testcase name="test_ai_output_schema_service_price_normalization_ready" file="/home/emir/Desktop/sentinentx/tests/Unit/AiOutputSchemaServiceTest.php" line="170" class="Tests\Unit\AiOutputSchemaServiceTest" classname="Tests.Unit.AiOutputSchemaServiceTest" assertions="3" time="0.000418"/>
      <testcase name="test_ai_output_schema_service_metadata_generation_ready" file="/home/emir/Desktop/sentinentx/tests/Unit/AiOutputSchemaServiceTest.php" line="212" class="Tests\Unit\AiOutputSchemaServiceTest" classname="Tests.Unit.AiOutputSchemaServiceTest" assertions="2" time="0.000440"/>
      <testcase name="test_ai_output_schema_service_timestamp_tracking_ready" file="/home/emir/Desktop/sentinentx/tests/Unit/AiOutputSchemaServiceTest.php" line="291" class="Tests\Unit\AiOutputSchemaServiceTest" classname="Tests.Unit.AiOutputSchemaServiceTest" assertions="2" time="0.000411"/>
      <testcase name="test_ai_output_schema_service_trading_actions_ready" file="/home/emir/Desktop/sentinentx/tests/Unit/AiOutputSchemaServiceTest.php" line="239" class="Tests\Unit\AiOutputSchemaServiceTest" classname="Tests.Unit.AiOutputSchemaServiceTest" assertions="2" time="0.000410"/>
      <testcase name="test_ai_output_schema_service_risk_management_ready" file="/home/emir/Desktop/sentinentx/tests/Unit/AiOutputSchemaServiceTest.php" line="252" class="Tests\Unit\AiOutputSchemaServiceTest" classname="Tests.Unit.AiOutputSchemaServiceTest" assertions="2" time="0.000420"/>
      <testcase name="test_ai_output_schema_service_ai_decision_processing_ready" file="/home/emir/Desktop/sentinentx/tests/Unit/AiOutputSchemaServiceTest.php" line="88" class="Tests\Unit\AiOutputSchemaServiceTest" classname="Tests.Unit.AiOutputSchemaServiceTest" assertions="2" time="0.000409"/>
      <testcase name="test_ai_output_schema_service_context_handling_ready" file="/home/emir/Desktop/sentinentx/tests/Unit/AiOutputSchemaServiceTest.php" line="225" class="Tests\Unit\AiOutputSchemaServiceTest" classname="Tests.Unit.AiOutputSchemaServiceTest" assertions="2" time="0.000427"/>
      <testcase name="test_ai_output_schema_service_schema_versioning_ready" file="/home/emir/Desktop/sentinentx/tests/Unit/AiOutputSchemaServiceTest.php" line="278" class="Tests\Unit\AiOutputSchemaServiceTest" classname="Tests.Unit.AiOutputSchemaServiceTest" assertions="2" time="0.000428"/>
      <testcase name="test_ai_output_schema_service_has_standardize_output_method" file="/home/emir/Desktop/sentinentx/tests/Unit/AiOutputSchemaServiceTest.php" line="21" class="Tests\Unit\AiOutputSchemaServiceTest" classname="Tests.Unit.AiOutputSchemaServiceTest" assertions="1" time="0.000427"/>
      <testcase name="test_ai_output_schema_service_model_structure" file="/home/emir/Desktop/sentinentx/tests/Unit/AiOutputSchemaServiceTest.php" line="62" class="Tests\Unit\AiOutputSchemaServiceTest" classname="Tests.Unit.AiOutputSchemaServiceTest" assertions="3" time="0.000450"/>
      <testcase name="test_ai_output_schema_service_saas_ready" file="/home/emir/Desktop/sentinentx/tests/Unit/AiOutputSchemaServiceTest.php" line="75" class="Tests\Unit\AiOutputSchemaServiceTest" classname="Tests.Unit.AiOutputSchemaServiceTest" assertions="3" time="0.000410"/>
      <testcase name="test_ai_output_schema_service_execution_priority_ready" file="/home/emir/Desktop/sentinentx/tests/Unit/AiOutputSchemaServiceTest.php" line="129" class="Tests\Unit\AiOutputSchemaServiceTest" classname="Tests.Unit.AiOutputSchemaServiceTest" assertions="2" time="0.000445"/>
      <testcase name="test_ai_output_schema_service_output_normalization_ready" file="/home/emir/Desktop/sentinentx/tests/Unit/AiOutputSchemaServiceTest.php" line="101" class="Tests\Unit\AiOutputSchemaServiceTest" classname="Tests.Unit.AiOutputSchemaServiceTest" assertions="5" time="0.000725"/>
      <testcase name="test_ai_output_schema_service_risk_calculation_ready" file="/home/emir/Desktop/sentinentx/tests/Unit/AiOutputSchemaServiceTest.php" line="116" class="Tests\Unit\AiOutputSchemaServiceTest" classname="Tests.Unit.AiOutputSchemaServiceTest" assertions="2" time="0.000816"/>
      <testcase name="test_ai_output_schema_service_standardize_output_method_signature" file="/home/emir/Desktop/sentinentx/tests/Unit/AiOutputSchemaServiceTest.php" line="29" class="Tests\Unit\AiOutputSchemaServiceTest" classname="Tests.Unit.AiOutputSchemaServiceTest" assertions="5" time="0.001018"/>
      <testcase name="test_ai_output_schema_service_confidence_normalization_ready" file="/home/emir/Desktop/sentinentx/tests/Unit/AiOutputSchemaServiceTest.php" line="156" class="Tests\Unit\AiOutputSchemaServiceTest" classname="Tests.Unit.AiOutputSchemaServiceTest" assertions="3" time="0.000925"/>
      <testcase name="test_ai_output_schema_service_has_private_methods" file="/home/emir/Desktop/sentinentx/tests/Unit/AiOutputSchemaServiceTest.php" line="46" class="Tests\Unit\AiOutputSchemaServiceTest" classname="Tests.Unit.AiOutputSchemaServiceTest" assertions="7" time="0.000479"/>
      <testcase name="test_ai_output_schema_service_reason_normalization_ready" file="/home/emir/Desktop/sentinentx/tests/Unit/AiOutputSchemaServiceTest.php" line="198" class="Tests\Unit\AiOutputSchemaServiceTest" classname="Tests.Unit.AiOutputSchemaServiceTest" assertions="3" time="0.000474"/>
      <testcase name="test_ai_output_schema_service_constructor" file="/home/emir/Desktop/sentinentx/tests/Unit/AiOutputSchemaServiceTest.php" line="13" class="Tests\Unit\AiOutputSchemaServiceTest" classname="Tests.Unit.AiOutputSchemaServiceTest" assertions="1" time="0.000455"/>
      <testcase name="test_ai_output_schema_service_immutability_ready" file="/home/emir/Desktop/sentinentx/tests/Unit/AiOutputSchemaServiceTest.php" line="316" class="Tests\Unit\AiOutputSchemaServiceTest" classname="Tests.Unit.AiOutputSchemaServiceTest" assertions="4" time="0.000458"/>
    </testsuite>
    <testsuite name="Tests\Unit\HealthCheckCommandTest" file="/home/emir/Desktop/sentinentx/tests/Unit/HealthCheckCommandTest.php" tests="6" assertions="6" errors="1" failures="1" skipped="0" time="20.787645">
      <testcase name="test_command_checks_external_services" file="/home/emir/Desktop/sentinentx/tests/Unit/HealthCheckCommandTest.php" line="52" class="Tests\Unit\HealthCheckCommandTest" classname="Tests.Unit.HealthCheckCommandTest" assertions="0" time="0.128760">
        <error type="Symfony\Component\Console\Exception\RuntimeException">Tests\Unit\HealthCheckCommandTest::test_command_checks_external_services
Symfony\Component\Console\Exception\RuntimeException: The "--timeout" option does not exist.

/home/emir/Desktop/sentinentx/vendor/symfony/console/Input/ArgvInput.php:226
/home/emir/Desktop/sentinentx/vendor/symfony/console/Input/ArgvInput.php:153
/home/emir/Desktop/sentinentx/vendor/symfony/console/Input/ArgvInput.php:88
/home/emir/Desktop/sentinentx/vendor/symfony/console/Input/ArgvInput.php:77
/home/emir/Desktop/sentinentx/vendor/symfony/console/Input/Input.php:53
/home/emir/Desktop/sentinentx/vendor/symfony/console/Command/Command.php:276
/home/emir/Desktop/sentinentx/vendor/laravel/framework/src/Illuminate/Console/Command.php:180
/home/emir/Desktop/sentinentx/vendor/symfony/console/Application.php:1074
/home/emir/Desktop/sentinentx/vendor/symfony/console/Application.php:341
/home/emir/Desktop/sentinentx/vendor/symfony/console/Application.php:192
/home/emir/Desktop/sentinentx/vendor/laravel/framework/src/Illuminate/Console/Application.php:165
/home/emir/Desktop/sentinentx/vendor/laravel/framework/src/Illuminate/Foundation/Console/Kernel.php:426
/home/emir/Desktop/sentinentx/vendor/laravel/framework/src/Illuminate/Testing/PendingCommand.php:450
/home/emir/Desktop/sentinentx/vendor/laravel/framework/src/Illuminate/Testing/PendingCommand.php:653
/home/emir/Desktop/sentinentx/vendor/laravel/framework/src/Illuminate/Foundation/Testing/Concerns/InteractsWithConsole.php:87
/home/emir/Desktop/sentinentx/tests/Unit/HealthCheckCommandTest.php:55</error>
      </testcase>
      <testcase name="test_command_signature_and_description" file="/home/emir/Desktop/sentinentx/tests/Unit/HealthCheckCommandTest.php" line="20" class="Tests\Unit\HealthCheckCommandTest" classname="Tests.Unit.HealthCheckCommandTest" assertions="2" time="0.084019">
        <failure type="PHPUnit\Framework\ExpectationFailedException">Tests\Unit\HealthCheckCommandTest::test_command_signature_and_description
Failed asserting that two strings are equal.
--- Expected
+++ Actual
@@ @@
-'Perform comprehensive health checks on all ...'
+'Run comprehensive live health checks on all ...'

/home/emir/Desktop/sentinentx/tests/Unit/HealthCheckCommandTest.php:25</failure>
      </testcase>
      <testcase name="test_command_checks_cache_connection" file="/home/emir/Desktop/sentinentx/tests/Unit/HealthCheckCommandTest.php" line="45" class="Tests\Unit\HealthCheckCommandTest" classname="Tests.Unit.HealthCheckCommandTest" assertions="1" time="5.145778"/>
      <testcase name="test_command_handles_errors_gracefully" file="/home/emir/Desktop/sentinentx/tests/Unit/HealthCheckCommandTest.php" line="59" class="Tests\Unit\HealthCheckCommandTest" classname="Tests.Unit.HealthCheckCommandTest" assertions="1" time="5.136669"/>
      <testcase name="test_command_checks_database_connection" file="/home/emir/Desktop/sentinentx/tests/Unit/HealthCheckCommandTest.php" line="38" class="Tests\Unit\HealthCheckCommandTest" classname="Tests.Unit.HealthCheckCommandTest" assertions="1" time="5.153695"/>
      <testcase name="test_command_executes_successfully" file="/home/emir/Desktop/sentinentx/tests/Unit/HealthCheckCommandTest.php" line="30" class="Tests\Unit\HealthCheckCommandTest" classname="Tests.Unit.HealthCheckCommandTest" assertions="1" time="5.138722"/>
    </testsuite>
    <testsuite name="Tests\Unit\RiskGuardTest" file="/home/emir/Desktop/sentinentx/tests/Unit/RiskGuardTest.php" tests="25" assertions="27" errors="0" failures="0" skipped="0" time="1.985526">
      <testcase name="usdt_depeg_handles_negative_bounds" file="/home/emir/Desktop/sentinentx/tests/Unit/RiskGuardTest.php" line="252" class="Tests\Unit\RiskGuardTest" classname="Tests.Unit.RiskGuardTest" assertions="1" time="0.090854"/>
      <testcase name="usdt_depeg_returns_true_when_below_lower_bound" file="/home/emir/Desktop/sentinentx/tests/Unit/RiskGuardTest.php" line="138" class="Tests\Unit\RiskGuardTest" classname="Tests.Unit.RiskGuardTest" assertions="1" time="0.075432"/>
      <testcase name="daily_loss_breached_returns_false_when_profit" file="/home/emir/Desktop/sentinentx/tests/Unit/RiskGuardTest.php" line="61" class="Tests\Unit\RiskGuardTest" classname="Tests.Unit.RiskGuardTest" assertions="1" time="0.074620"/>
      <testcase name="daily_loss_breached_returns_true_when_loss_exceeds_threshold" file="/home/emir/Desktop/sentinentx/tests/Unit/RiskGuardTest.php" line="28" class="Tests\Unit\RiskGuardTest" classname="Tests.Unit.RiskGuardTest" assertions="1" time="0.077426"/>
      <testcase name="usdt_depeg_handles_extreme_depeg_scenarios" file="/home/emir/Desktop/sentinentx/tests/Unit/RiskGuardTest.php" line="287" class="Tests\Unit\RiskGuardTest" classname="Tests.Unit.RiskGuardTest" assertions="1" time="0.088112"/>
      <testcase name="usdt_depeg_handles_precise_bounds" file="/home/emir/Desktop/sentinentx/tests/Unit/RiskGuardTest.php" line="240" class="Tests\Unit\RiskGuardTest" classname="Tests.Unit.RiskGuardTest" assertions="1" time="0.076307"/>
      <testcase name="daily_loss_breached_returns_false_when_loss_below_threshold" file="/home/emir/Desktop/sentinentx/tests/Unit/RiskGuardTest.php" line="39" class="Tests\Unit\RiskGuardTest" classname="Tests.Unit.RiskGuardTest" assertions="1" time="0.074862"/>
      <testcase name="usdt_depeg_returns_false_when_at_upper_bound" file="/home/emir/Desktop/sentinentx/tests/Unit/RiskGuardTest.php" line="186" class="Tests\Unit\RiskGuardTest" classname="Tests.Unit.RiskGuardTest" assertions="1" time="0.079123"/>
      <testcase name="daily_loss_breached_handles_small_loss" file="/home/emir/Desktop/sentinentx/tests/Unit/RiskGuardTest.php" line="116" class="Tests\Unit\RiskGuardTest" classname="Tests.Unit.RiskGuardTest" assertions="1" time="0.081313"/>
      <testcase name="daily_loss_breached_handles_large_loss" file="/home/emir/Desktop/sentinentx/tests/Unit/RiskGuardTest.php" line="105" class="Tests\Unit\RiskGuardTest" classname="Tests.Unit.RiskGuardTest" assertions="1" time="0.091121"/>
      <testcase name="usdt_depeg_returns_false_when_within_bounds" file="/home/emir/Desktop/sentinentx/tests/Unit/RiskGuardTest.php" line="162" class="Tests\Unit\RiskGuardTest" classname="Tests.Unit.RiskGuardTest" assertions="1" time="0.077963"/>
      <testcase name="daily_loss_breached_returns_true_when_loss_equals_threshold" file="/home/emir/Desktop/sentinentx/tests/Unit/RiskGuardTest.php" line="50" class="Tests\Unit\RiskGuardTest" classname="Tests.Unit.RiskGuardTest" assertions="1" time="0.079763"/>
      <testcase name="usdt_depeg_handles_very_small_values" file="/home/emir/Desktop/sentinentx/tests/Unit/RiskGuardTest.php" line="216" class="Tests\Unit\RiskGuardTest" classname="Tests.Unit.RiskGuardTest" assertions="1" time="0.078395"/>
      <testcase name="daily_loss_breached_handles_zero_threshold" file="/home/emir/Desktop/sentinentx/tests/Unit/RiskGuardTest.php" line="94" class="Tests\Unit\RiskGuardTest" classname="Tests.Unit.RiskGuardTest" assertions="1" time="0.076225"/>
      <testcase name="usdt_depeg_handles_minimal_depeg_scenarios" file="/home/emir/Desktop/sentinentx/tests/Unit/RiskGuardTest.php" line="299" class="Tests\Unit\RiskGuardTest" classname="Tests.Unit.RiskGuardTest" assertions="1" time="0.079567"/>
      <testcase name="daily_loss_breached_handles_precise_values" file="/home/emir/Desktop/sentinentx/tests/Unit/RiskGuardTest.php" line="127" class="Tests\Unit\RiskGuardTest" classname="Tests.Unit.RiskGuardTest" assertions="1" time="0.077191"/>
      <testcase name="usdt_depeg_throws_exception_when_usdt_usd_is_zero" file="/home/emir/Desktop/sentinentx/tests/Unit/RiskGuardTest.php" line="198" class="Tests\Unit\RiskGuardTest" classname="Tests.Unit.RiskGuardTest" assertions="2" time="0.073389"/>
      <testcase name="usdt_depeg_handles_reversed_bounds" file="/home/emir/Desktop/sentinentx/tests/Unit/RiskGuardTest.php" line="264" class="Tests\Unit\RiskGuardTest" classname="Tests.Unit.RiskGuardTest" assertions="1" time="0.079021"/>
      <testcase name="usdt_depeg_handles_equal_bounds" file="/home/emir/Desktop/sentinentx/tests/Unit/RiskGuardTest.php" line="276" class="Tests\Unit\RiskGuardTest" classname="Tests.Unit.RiskGuardTest" assertions="1" time="0.079116"/>
      <testcase name="usdt_depeg_returns_true_when_above_upper_bound" file="/home/emir/Desktop/sentinentx/tests/Unit/RiskGuardTest.php" line="150" class="Tests\Unit\RiskGuardTest" classname="Tests.Unit.RiskGuardTest" assertions="1" time="0.078097"/>
      <testcase name="usdt_depeg_throws_exception_when_usdt_usd_is_negative" file="/home/emir/Desktop/sentinentx/tests/Unit/RiskGuardTest.php" line="207" class="Tests\Unit\RiskGuardTest" classname="Tests.Unit.RiskGuardTest" assertions="2" time="0.077093"/>
      <testcase name="usdt_depeg_returns_false_when_at_lower_bound" file="/home/emir/Desktop/sentinentx/tests/Unit/RiskGuardTest.php" line="174" class="Tests\Unit\RiskGuardTest" classname="Tests.Unit.RiskGuardTest" assertions="1" time="0.079709"/>
      <testcase name="usdt_depeg_handles_very_large_values" file="/home/emir/Desktop/sentinentx/tests/Unit/RiskGuardTest.php" line="228" class="Tests\Unit\RiskGuardTest" classname="Tests.Unit.RiskGuardTest" assertions="1" time="0.074924"/>
      <testcase name="daily_loss_breached_handles_negative_threshold" file="/home/emir/Desktop/sentinentx/tests/Unit/RiskGuardTest.php" line="83" class="Tests\Unit\RiskGuardTest" classname="Tests.Unit.RiskGuardTest" assertions="1" time="0.087520"/>
      <testcase name="daily_loss_breached_returns_false_when_break_even" file="/home/emir/Desktop/sentinentx/tests/Unit/RiskGuardTest.php" line="72" class="Tests\Unit\RiskGuardTest" classname="Tests.Unit.RiskGuardTest" assertions="1" time="0.078383"/>
    </testsuite>
    <testsuite name="Tests\Unit\RiskGuardExtendedTest" file="/home/emir/Desktop/sentinentx/tests/Unit/RiskGuardExtendedTest.php" tests="9" assertions="15" errors="0" failures="0" skipped="0" time="0.780256">
      <testcase name="test_usdt_depeg_extreme_values" file="/home/emir/Desktop/sentinentx/tests/Unit/RiskGuardExtendedTest.php" line="59" class="Tests\Unit\RiskGuardExtendedTest" classname="Tests.Unit.RiskGuardExtendedTest" assertions="2" time="0.143782"/>
      <testcase name="test_usdt_depeg_high_parity_blocks" file="/home/emir/Desktop/sentinentx/tests/Unit/RiskGuardExtendedTest.php" line="32" class="Tests\Unit\RiskGuardExtendedTest" classname="Tests.Unit.RiskGuardExtendedTest" assertions="1" time="0.077062"/>
      <testcase name="test_usdt_depeg_edge_case_exactly_1005" file="/home/emir/Desktop/sentinentx/tests/Unit/RiskGuardExtendedTest.php" line="44" class="Tests\Unit\RiskGuardExtendedTest" classname="Tests.Unit.RiskGuardExtendedTest" assertions="1" time="0.076195"/>
      <testcase name="test_usdt_depeg_normal_parity" file="/home/emir/Desktop/sentinentx/tests/Unit/RiskGuardExtendedTest.php" line="20" class="Tests\Unit\RiskGuardExtendedTest" classname="Tests.Unit.RiskGuardExtendedTest" assertions="1" time="0.079108"/>
      <testcase name="test_ok_to_open_insufficient_buffer" file="/home/emir/Desktop/sentinentx/tests/Unit/RiskGuardExtendedTest.php" line="84" class="Tests\Unit\RiskGuardExtendedTest" classname="Tests.Unit.RiskGuardExtendedTest" assertions="3" time="0.079266"/>
      <testcase name="test_usdt_depeg_low_parity_blocks" file="/home/emir/Desktop/sentinentx/tests/Unit/RiskGuardExtendedTest.php" line="26" class="Tests\Unit\RiskGuardExtendedTest" classname="Tests.Unit.RiskGuardExtendedTest" assertions="1" time="0.087613"/>
      <testcase name="test_ok_to_open_valid_position" file="/home/emir/Desktop/sentinentx/tests/Unit/RiskGuardExtendedTest.php" line="68" class="Tests\Unit\RiskGuardExtendedTest" classname="Tests.Unit.RiskGuardExtendedTest" assertions="3" time="0.083493"/>
      <testcase name="test_usdt_depeg_edge_case_exactly_995" file="/home/emir/Desktop/sentinentx/tests/Unit/RiskGuardExtendedTest.php" line="38" class="Tests\Unit\RiskGuardExtendedTest" classname="Tests.Unit.RiskGuardExtendedTest" assertions="1" time="0.075669"/>
      <testcase name="test_usdt_depeg_with_different_bounds" file="/home/emir/Desktop/sentinentx/tests/Unit/RiskGuardExtendedTest.php" line="50" class="Tests\Unit\RiskGuardExtendedTest" classname="Tests.Unit.RiskGuardExtendedTest" assertions="2" time="0.078069"/>
    </testsuite>
    <testsuite name="Tests\Unit\LabTradeTest" file="/home/emir/Desktop/sentinentx/tests/Unit/LabTradeTest.php" tests="18" assertions="44" errors="0" failures="0" skipped="0" time="0.033733">
      <testcase name="test_lab_trade_model_structure" file="/home/emir/Desktop/sentinentx/tests/Unit/LabTradeTest.php" line="184" class="Tests\Unit\LabTradeTest" classname="Tests.Unit.LabTradeTest" assertions="3" time="0.025278"/>
      <testcase name="test_lab_trade_analytics_ready" file="/home/emir/Desktop/sentinentx/tests/Unit/LabTradeTest.php" line="168" class="Tests\Unit\LabTradeTest" classname="Tests.Unit.LabTradeTest" assertions="3" time="0.000537"/>
      <testcase name="test_lab_trade_lab_environment_ready" file="/home/emir/Desktop/sentinentx/tests/Unit/LabTradeTest.php" line="119" class="Tests\Unit\LabTradeTest" classname="Tests.Unit.LabTradeTest" assertions="3" time="0.000504"/>
      <testcase name="test_lab_trade_cycle_tracking" file="/home/emir/Desktop/sentinentx/tests/Unit/LabTradeTest.php" line="78" class="Tests\Unit\LabTradeTest" classname="Tests.Unit.LabTradeTest" assertions="1" time="0.000477"/>
      <testcase name="test_lab_trade_data_integrity" file="/home/emir/Desktop/sentinentx/tests/Unit/LabTradeTest.php" line="216" class="Tests\Unit\LabTradeTest" classname="Tests.Unit.LabTradeTest" assertions="3" time="0.000517"/>
      <testcase name="test_lab_trade_metadata" file="/home/emir/Desktop/sentinentx/tests/Unit/LabTradeTest.php" line="87" class="Tests\Unit\LabTradeTest" classname="Tests.Unit.LabTradeTest" assertions="1" time="0.000422"/>
      <testcase name="test_lab_trade_risk_management_ready" file="/home/emir/Desktop/sentinentx/tests/Unit/LabTradeTest.php" line="152" class="Tests\Unit\LabTradeTest" classname="Tests.Unit.LabTradeTest" assertions="3" time="0.000632"/>
      <testcase name="test_lab_trade_pnl_tracking" file="/home/emir/Desktop/sentinentx/tests/Unit/LabTradeTest.php" line="68" class="Tests\Unit\LabTradeTest" classname="Tests.Unit.LabTradeTest" assertions="2" time="0.000427"/>
      <testcase name="test_lab_trade_fillable_attributes" file="/home/emir/Desktop/sentinentx/tests/Unit/LabTradeTest.php" line="21" class="Tests\Unit\LabTradeTest" classname="Tests.Unit.LabTradeTest" assertions="1" time="0.000425"/>
      <testcase name="test_lab_trade_meta_array_cast" file="/home/emir/Desktop/sentinentx/tests/Unit/LabTradeTest.php" line="110" class="Tests\Unit\LabTradeTest" classname="Tests.Unit.LabTradeTest" assertions="1" time="0.000457"/>
      <testcase name="test_lab_trade_casts" file="/home/emir/Desktop/sentinentx/tests/Unit/LabTradeTest.php" line="34" class="Tests\Unit\LabTradeTest" classname="Tests.Unit.LabTradeTest" assertions="3" time="0.000428"/>
      <testcase name="test_lab_trade_datetime_fields" file="/home/emir/Desktop/sentinentx/tests/Unit/LabTradeTest.php" line="96" class="Tests\Unit\LabTradeTest" classname="Tests.Unit.LabTradeTest" assertions="2" time="0.000455"/>
      <testcase name="test_lab_trade_has_correct_table_name" file="/home/emir/Desktop/sentinentx/tests/Unit/LabTradeTest.php" line="13" class="Tests\Unit\LabTradeTest" classname="Tests.Unit.LabTradeTest" assertions="1" time="0.000453"/>
      <testcase name="test_lab_trade_extensibility" file="/home/emir/Desktop/sentinentx/tests/Unit/LabTradeTest.php" line="231" class="Tests\Unit\LabTradeTest" classname="Tests.Unit.LabTradeTest" assertions="2" time="0.000518"/>
      <testcase name="test_lab_trade_timing_attributes" file="/home/emir/Desktop/sentinentx/tests/Unit/LabTradeTest.php" line="58" class="Tests\Unit\LabTradeTest" classname="Tests.Unit.LabTradeTest" assertions="2" time="0.000460"/>
      <testcase name="test_lab_trade_performance_tracking_ready" file="/home/emir/Desktop/sentinentx/tests/Unit/LabTradeTest.php" line="135" class="Tests\Unit\LabTradeTest" classname="Tests.Unit.LabTradeTest" assertions="4" time="0.000459"/>
      <testcase name="test_lab_trade_saas_ready" file="/home/emir/Desktop/sentinentx/tests/Unit/LabTradeTest.php" line="199" class="Tests\Unit\LabTradeTest" classname="Tests.Unit.LabTradeTest" assertions="4" time="0.000623"/>
      <testcase name="test_lab_trade_trading_attributes" file="/home/emir/Desktop/sentinentx/tests/Unit/LabTradeTest.php" line="45" class="Tests\Unit\LabTradeTest" classname="Tests.Unit.LabTradeTest" assertions="5" time="0.000663"/>
    </testsuite>
    <testsuite name="Tests\Unit\PositionSizerTest" file="/home/emir/Desktop/sentinentx/tests/Unit/PositionSizerTest.php" tests="12" assertions="65" errors="0" failures="0" skipped="0" time="1.049478">
      <testcase name="test_qty_clamps" file="/home/emir/Desktop/sentinentx/tests/Unit/PositionSizerTest.php" line="165" class="Tests\Unit\PositionSizerTest" classname="Tests.Unit.PositionSizerTest" assertions="3" time="0.110179"/>
      <testcase name="test_size_by_im_cap_high_risk" file="/home/emir/Desktop/sentinentx/tests/Unit/PositionSizerTest.php" line="268" class="Tests\Unit\PositionSizerTest" classname="Tests.Unit.PositionSizerTest" assertions="4" time="0.107752"/>
      <testcase name="test_size_by_risk_basic" file="/home/emir/Desktop/sentinentx/tests/Unit/PositionSizerTest.php" line="18" class="Tests\Unit\PositionSizerTest" classname="Tests.Unit.PositionSizerTest" assertions="3" time="0.082236"/>
      <testcase name="test_unit_risk_min_threshold" file="/home/emir/Desktop/sentinentx/tests/Unit/PositionSizerTest.php" line="129" class="Tests\Unit\PositionSizerTest" classname="Tests.Unit.PositionSizerTest" assertions="2" time="0.082742"/>
      <testcase name="test_size_by_im_cap" file="/home/emir/Desktop/sentinentx/tests/Unit/PositionSizerTest.php" line="232" class="Tests\Unit\PositionSizerTest" classname="Tests.Unit.PositionSizerTest" assertions="8" time="0.080323"/>
      <testcase name="test_property_based_security_checks" file="/home/emir/Desktop/sentinentx/tests/Unit/PositionSizerTest.php" line="29" class="Tests\Unit\PositionSizerTest" classname="Tests.Unit.PositionSizerTest" assertions="12" time="0.098105"/>
      <testcase name="test_safe_division_protection" file="/home/emir/Desktop/sentinentx/tests/Unit/PositionSizerTest.php" line="147" class="Tests\Unit\PositionSizerTest" classname="Tests.Unit.PositionSizerTest" assertions="2" time="0.079303"/>
      <testcase name="test_edge_cases" file="/home/emir/Desktop/sentinentx/tests/Unit/PositionSizerTest.php" line="79" class="Tests\Unit\PositionSizerTest" classname="Tests.Unit.PositionSizerTest" assertions="6" time="0.076600"/>
      <testcase name="test_overflow_protection" file="/home/emir/Desktop/sentinentx/tests/Unit/PositionSizerTest.php" line="110" class="Tests\Unit\PositionSizerTest" classname="Tests.Unit.PositionSizerTest" assertions="3" time="0.075293"/>
      <testcase name="test_prototype_a_compatibility" file="/home/emir/Desktop/sentinentx/tests/Unit/PositionSizerTest.php" line="97" class="Tests\Unit\PositionSizerTest" classname="Tests.Unit.PositionSizerTest" assertions="4" time="0.108051"/>
      <testcase name="test_safety_parameters_validation" file="/home/emir/Desktop/sentinentx/tests/Unit/PositionSizerTest.php" line="205" class="Tests\Unit\PositionSizerTest" classname="Tests.Unit.PositionSizerTest" assertions="14" time="0.074405"/>
      <testcase name="test_side_specific_multiplier" file="/home/emir/Desktop/sentinentx/tests/Unit/PositionSizerTest.php" line="184" class="Tests\Unit\PositionSizerTest" classname="Tests.Unit.PositionSizerTest" assertions="4" time="0.074490"/>
    </testsuite>
    <testsuite name="Tests\Unit\Services\WebSocket\RestBackfillTest" file="/home/emir/Desktop/sentinentx/tests/Unit/Services/WebSocket/RestBackfillTest.php" tests="5" assertions="9" errors="0" failures="0" skipped="0" time="0.437429">
      <testcase name="test_backfill_executions_returns_processed_data" file="/home/emir/Desktop/sentinentx/tests/Unit/Services/WebSocket/RestBackfillTest.php" line="23" class="Tests\Unit\Services\WebSocket\RestBackfillTest" classname="Tests.Unit.Services.WebSocket.RestBackfillTest" assertions="2" time="0.114622"/>
      <testcase name="test_backfill_executions_with_empty_response" file="/home/emir/Desktop/sentinentx/tests/Unit/Services/WebSocket/RestBackfillTest.php" line="106" class="Tests\Unit\Services\WebSocket\RestBackfillTest" classname="Tests.Unit.Services.WebSocket.RestBackfillTest" assertions="2" time="0.083895"/>
      <testcase name="test_backfill_executions_handles_network_failure" file="/home/emir/Desktop/sentinentx/tests/Unit/Services/WebSocket/RestBackfillTest.php" line="84" class="Tests\Unit\Services\WebSocket\RestBackfillTest" classname="Tests.Unit.Services.WebSocket.RestBackfillTest" assertions="2" time="0.081573"/>
      <testcase name="test_backfill_service_instantiation" file="/home/emir/Desktop/sentinentx/tests/Unit/Services/WebSocket/RestBackfillTest.php" line="101" class="Tests\Unit\Services\WebSocket\RestBackfillTest" classname="Tests.Unit.Services.WebSocket.RestBackfillTest" assertions="1" time="0.076852"/>
      <testcase name="test_backfill_executions_handles_api_error" file="/home/emir/Desktop/sentinentx/tests/Unit/Services/WebSocket/RestBackfillTest.php" line="64" class="Tests\Unit\Services\WebSocket\RestBackfillTest" classname="Tests.Unit.Services.WebSocket.RestBackfillTest" assertions="2" time="0.080488"/>
    </testsuite>
    <testsuite name="Tests\Unit\LockServiceTest" file="/home/emir/Desktop/sentinentx/tests/Unit/LockServiceTest.php" tests="7" assertions="15" errors="0" failures="0" skipped="0" time="0.016683">
      <testcase name="test_lock_service_concurrent_access_ready" file="/home/emir/Desktop/sentinentx/tests/Unit/LockServiceTest.php" line="64" class="Tests\Unit\LockServiceTest" classname="Tests.Unit.LockServiceTest" assertions="1" time="0.012988"/>
      <testcase name="test_lock_service_timeout_handling_ready" file="/home/emir/Desktop/sentinentx/tests/Unit/LockServiceTest.php" line="78" class="Tests\Unit\LockServiceTest" classname="Tests.Unit.LockServiceTest" assertions="1" time="0.000957"/>
      <testcase name="test_lock_service_model_structure" file="/home/emir/Desktop/sentinentx/tests/Unit/LockServiceTest.php" line="40" class="Tests\Unit\LockServiceTest" classname="Tests.Unit.LockServiceTest" assertions="4" time="0.000708"/>
      <testcase name="test_lock_service_error_handling_ready" file="/home/emir/Desktop/sentinentx/tests/Unit/LockServiceTest.php" line="71" class="Tests\Unit\LockServiceTest" classname="Tests.Unit.LockServiceTest" assertions="1" time="0.000450"/>
      <testcase name="test_lock_service_acquire_method_signature" file="/home/emir/Desktop/sentinentx/tests/Unit/LockServiceTest.php" line="22" class="Tests\Unit\LockServiceTest" classname="Tests.Unit.LockServiceTest" assertions="6" time="0.000708"/>
      <testcase name="test_lock_service_has_acquire_method" file="/home/emir/Desktop/sentinentx/tests/Unit/LockServiceTest.php" line="13" class="Tests\Unit\LockServiceTest" classname="Tests.Unit.LockServiceTest" assertions="1" time="0.000441"/>
      <testcase name="test_lock_service_saas_ready" file="/home/emir/Desktop/sentinentx/tests/Unit/LockServiceTest.php" line="57" class="Tests\Unit\LockServiceTest" classname="Tests.Unit.LockServiceTest" assertions="1" time="0.000431"/>
    </testsuite>
    <testsuite name="Tests\Unit\SlackNotifierTest" file="/home/emir/Desktop/sentinentx/tests/Unit/SlackNotifierTest.php" tests="25" assertions="25" errors="0" failures="0" skipped="0" time="0.024851">
      <testcase name="test_slack_notifier_model_structure" file="/home/emir/Desktop/sentinentx/tests/Unit/SlackNotifierTest.php" line="54" class="Tests\Unit\SlackNotifierTest" classname="Tests.Unit.SlackNotifierTest" assertions="1" time="0.012607"/>
      <testcase name="test_slack_notifier_development_ready" file="/home/emir/Desktop/sentinentx/tests/Unit/SlackNotifierTest.php" line="166" class="Tests\Unit\SlackNotifierTest" classname="Tests.Unit.SlackNotifierTest" assertions="1" time="0.000527"/>
      <testcase name="test_slack_notifier_saas_ready" file="/home/emir/Desktop/sentinentx/tests/Unit/SlackNotifierTest.php" line="61" class="Tests\Unit\SlackNotifierTest" classname="Tests.Unit.SlackNotifierTest" assertions="1" time="0.000446"/>
      <testcase name="test_slack_notifier_webhook_format_validation_ready" file="/home/emir/Desktop/sentinentx/tests/Unit/SlackNotifierTest.php" line="173" class="Tests\Unit\SlackNotifierTest" classname="Tests.Unit.SlackNotifierTest" assertions="1" time="0.000468"/>
      <testcase name="test_slack_notifier_json_data_ready" file="/home/emir/Desktop/sentinentx/tests/Unit/SlackNotifierTest.php" line="110" class="Tests\Unit\SlackNotifierTest" classname="Tests.Unit.SlackNotifierTest" assertions="1" time="0.000429"/>
      <testcase name="test_slack_notifier_notification_ready" file="/home/emir/Desktop/sentinentx/tests/Unit/SlackNotifierTest.php" line="68" class="Tests\Unit\SlackNotifierTest" classname="Tests.Unit.SlackNotifierTest" assertions="1" time="0.000501"/>
      <testcase name="test_slack_notifier_notify_method_signature" file="/home/emir/Desktop/sentinentx/tests/Unit/SlackNotifierTest.php" line="26" class="Tests\Unit\SlackNotifierTest" classname="Tests.Unit.SlackNotifierTest" assertions="1" time="0.000483"/>
      <testcase name="test_slack_notifier_timeout_handling_ready" file="/home/emir/Desktop/sentinentx/tests/Unit/SlackNotifierTest.php" line="103" class="Tests\Unit\SlackNotifierTest" classname="Tests.Unit.SlackNotifierTest" assertions="1" time="0.000403"/>
      <testcase name="test_slack_notifier_config_validation_ready" file="/home/emir/Desktop/sentinentx/tests/Unit/SlackNotifierTest.php" line="131" class="Tests\Unit\SlackNotifierTest" classname="Tests.Unit.SlackNotifierTest" assertions="1" time="0.000482"/>
      <testcase name="test_slack_notifier_has_notify_method" file="/home/emir/Desktop/sentinentx/tests/Unit/SlackNotifierTest.php" line="19" class="Tests\Unit\SlackNotifierTest" classname="Tests.Unit.SlackNotifierTest" assertions="1" time="0.000437"/>
      <testcase name="test_slack_notifier_url_validation_ready" file="/home/emir/Desktop/sentinentx/tests/Unit/SlackNotifierTest.php" line="138" class="Tests\Unit\SlackNotifierTest" classname="Tests.Unit.SlackNotifierTest" assertions="1" time="0.000400"/>
      <testcase name="test_slack_notifier_http_integration_ready" file="/home/emir/Desktop/sentinentx/tests/Unit/SlackNotifierTest.php" line="96" class="Tests\Unit\SlackNotifierTest" classname="Tests.Unit.SlackNotifierTest" assertions="1" time="0.000470"/>
      <testcase name="test_slack_notifier_error_handling_ready" file="/home/emir/Desktop/sentinentx/tests/Unit/SlackNotifierTest.php" line="82" class="Tests\Unit\SlackNotifierTest" classname="Tests.Unit.SlackNotifierTest" assertions="1" time="0.000472"/>
      <testcase name="test_slack_notifier_placeholder_detection_ready" file="/home/emir/Desktop/sentinentx/tests/Unit/SlackNotifierTest.php" line="180" class="Tests\Unit\SlackNotifierTest" classname="Tests.Unit.SlackNotifierTest" assertions="1" time="0.000400"/>
      <testcase name="test_slack_notifier_logging_ready" file="/home/emir/Desktop/sentinentx/tests/Unit/SlackNotifierTest.php" line="89" class="Tests\Unit\SlackNotifierTest" classname="Tests.Unit.SlackNotifierTest" assertions="1" time="0.000416"/>
      <testcase name="test_slack_notifier_network_error_handling_ready" file="/home/emir/Desktop/sentinentx/tests/Unit/SlackNotifierTest.php" line="159" class="Tests\Unit\SlackNotifierTest" classname="Tests.Unit.SlackNotifierTest" assertions="1" time="0.000400"/>
      <testcase name="test_slack_notifier_webhook_validation_ready" file="/home/emir/Desktop/sentinentx/tests/Unit/SlackNotifierTest.php" line="117" class="Tests\Unit\SlackNotifierTest" classname="Tests.Unit.SlackNotifierTest" assertions="1" time="0.000420"/>
      <testcase name="test_slack_notifier_logging_levels_ready" file="/home/emir/Desktop/sentinentx/tests/Unit/SlackNotifierTest.php" line="152" class="Tests\Unit\SlackNotifierTest" classname="Tests.Unit.SlackNotifierTest" assertions="1" time="0.000399"/>
      <testcase name="test_slack_notifier_webhook_property_type" file="/home/emir/Desktop/sentinentx/tests/Unit/SlackNotifierTest.php" line="40" class="Tests\Unit\SlackNotifierTest" classname="Tests.Unit.SlackNotifierTest" assertions="1" time="0.000442"/>
      <testcase name="test_slack_notifier_configuration_ready" file="/home/emir/Desktop/sentinentx/tests/Unit/SlackNotifierTest.php" line="75" class="Tests\Unit\SlackNotifierTest" classname="Tests.Unit.SlackNotifierTest" assertions="1" time="0.000452"/>
      <testcase name="test_slack_notifier_response_handling_ready" file="/home/emir/Desktop/sentinentx/tests/Unit/SlackNotifierTest.php" line="145" class="Tests\Unit\SlackNotifierTest" classname="Tests.Unit.SlackNotifierTest" assertions="1" time="0.000427"/>
      <testcase name="test_slack_notifier_exception_suppression_ready" file="/home/emir/Desktop/sentinentx/tests/Unit/SlackNotifierTest.php" line="124" class="Tests\Unit\SlackNotifierTest" classname="Tests.Unit.SlackNotifierTest" assertions="1" time="0.000695"/>
      <testcase name="test_slack_notifier_constructor" file="/home/emir/Desktop/sentinentx/tests/Unit/SlackNotifierTest.php" line="12" class="Tests\Unit\SlackNotifierTest" classname="Tests.Unit.SlackNotifierTest" assertions="1" time="0.000789"/>
      <testcase name="test_slack_notifier_constructor_initialization" file="/home/emir/Desktop/sentinentx/tests/Unit/SlackNotifierTest.php" line="47" class="Tests\Unit\SlackNotifierTest" classname="Tests.Unit.SlackNotifierTest" assertions="1" time="0.001004"/>
      <testcase name="test_slack_notifier_has_private_properties" file="/home/emir/Desktop/sentinentx/tests/Unit/SlackNotifierTest.php" line="33" class="Tests\Unit\SlackNotifierTest" classname="Tests.Unit.SlackNotifierTest" assertions="1" time="0.000882"/>
    </testsuite>
    <testsuite name="Tests\Unit\ComprehensiveMathTest" file="/home/emir/Desktop/sentinentx/tests/Unit/ComprehensiveMathTest.php" tests="8" assertions="36" errors="0" failures="0" skipped="0" time="0.683613">
      <testcase name="test_stop_calculator_basic_functionality" file="/home/emir/Desktop/sentinentx/tests/Unit/ComprehensiveMathTest.php" line="27" class="Tests\Unit\ComprehensiveMathTest" classname="Tests.Unit.ComprehensiveMathTest" assertions="4" time="0.119762"/>
      <testcase name="test_negative_value_protection" file="/home/emir/Desktop/sentinentx/tests/Unit/ComprehensiveMathTest.php" line="84" class="Tests\Unit\ComprehensiveMathTest" classname="Tests.Unit.ComprehensiveMathTest" assertions="2" time="0.078732"/>
      <testcase name="test_bcmath_precision" file="/home/emir/Desktop/sentinentx/tests/Unit/ComprehensiveMathTest.php" line="40" class="Tests\Unit\ComprehensiveMathTest" classname="Tests.Unit.ComprehensiveMathTest" assertions="2" time="0.076199"/>
      <testcase name="test_overflow_protection" file="/home/emir/Desktop/sentinentx/tests/Unit/ComprehensiveMathTest.php" line="72" class="Tests\Unit\ComprehensiveMathTest" classname="Tests.Unit.ComprehensiveMathTest" assertions="2" time="0.077565"/>
      <testcase name="test_position_sizing_basic_functionality" file="/home/emir/Desktop/sentinentx/tests/Unit/ComprehensiveMathTest.php" line="14" class="Tests\Unit\ComprehensiveMathTest" classname="Tests.Unit.ComprehensiveMathTest" assertions="4" time="0.086648"/>
      <testcase name="test_leverage_constraints" file="/home/emir/Desktop/sentinentx/tests/Unit/ComprehensiveMathTest.php" line="120" class="Tests\Unit\ComprehensiveMathTest" classname="Tests.Unit.ComprehensiveMathTest" assertions="10" time="0.087803"/>
      <testcase name="test_zero_division_protection" file="/home/emir/Desktop/sentinentx/tests/Unit/ComprehensiveMathTest.php" line="58" class="Tests\Unit\ComprehensiveMathTest" classname="Tests.Unit.ComprehensiveMathTest" assertions="4" time="0.079077"/>
      <testcase name="test_risk_calculation_consistency" file="/home/emir/Desktop/sentinentx/tests/Unit/ComprehensiveMathTest.php" line="95" class="Tests\Unit\ComprehensiveMathTest" classname="Tests.Unit.ComprehensiveMathTest" assertions="8" time="0.077829"/>
    </testsuite>
    <testsuite name="Tests\Unit\RequestLoggingMiddlewareTest" file="/home/emir/Desktop/sentinentx/tests/Unit/RequestLoggingMiddlewareTest.php" tests="16" assertions="39" errors="0" failures="0" skipped="0" time="0.026344">
      <testcase name="test_request_logging_middleware_error_handling_ready" file="/home/emir/Desktop/sentinentx/tests/Unit/RequestLoggingMiddlewareTest.php" line="111" class="Tests\Unit\RequestLoggingMiddlewareTest" classname="Tests.Unit.RequestLoggingMiddlewareTest" assertions="2" time="0.019542"/>
      <testcase name="test_request_logging_middleware_has_handle_method" file="/home/emir/Desktop/sentinentx/tests/Unit/RequestLoggingMiddlewareTest.php" line="21" class="Tests\Unit\RequestLoggingMiddlewareTest" classname="Tests.Unit.RequestLoggingMiddlewareTest" assertions="1" time="0.000517"/>
      <testcase name="test_request_logging_middleware_model_structure" file="/home/emir/Desktop/sentinentx/tests/Unit/RequestLoggingMiddlewareTest.php" line="62" class="Tests\Unit\RequestLoggingMiddlewareTest" classname="Tests.Unit.RequestLoggingMiddlewareTest" assertions="3" time="0.000461"/>
      <testcase name="test_request_logging_middleware_observability_ready" file="/home/emir/Desktop/sentinentx/tests/Unit/RequestLoggingMiddlewareTest.php" line="150" class="Tests\Unit\RequestLoggingMiddlewareTest" classname="Tests.Unit.RequestLoggingMiddlewareTest" assertions="3" time="0.000445"/>
      <testcase name="test_request_logging_middleware_json_logging_ready" file="/home/emir/Desktop/sentinentx/tests/Unit/RequestLoggingMiddlewareTest.php" line="177" class="Tests\Unit\RequestLoggingMiddlewareTest" classname="Tests.Unit.RequestLoggingMiddlewareTest" assertions="2" time="0.000463"/>
      <testcase name="test_request_logging_middleware_constructor" file="/home/emir/Desktop/sentinentx/tests/Unit/RequestLoggingMiddlewareTest.php" line="13" class="Tests\Unit\RequestLoggingMiddlewareTest" classname="Tests.Unit.RequestLoggingMiddlewareTest" assertions="1" time="0.000422"/>
      <testcase name="test_request_logging_middleware_security_ready" file="/home/emir/Desktop/sentinentx/tests/Unit/RequestLoggingMiddlewareTest.php" line="164" class="Tests\Unit\RequestLoggingMiddlewareTest" classname="Tests.Unit.RequestLoggingMiddlewareTest" assertions="2" time="0.000408"/>
      <testcase name="test_request_logging_middleware_handle_method_signature" file="/home/emir/Desktop/sentinentx/tests/Unit/RequestLoggingMiddlewareTest.php" line="29" class="Tests\Unit\RequestLoggingMiddlewareTest" classname="Tests.Unit.RequestLoggingMiddlewareTest" assertions="7" time="0.000566"/>
      <testcase name="test_request_logging_middleware_request_tracking_ready" file="/home/emir/Desktop/sentinentx/tests/Unit/RequestLoggingMiddlewareTest.php" line="137" class="Tests\Unit\RequestLoggingMiddlewareTest" classname="Tests.Unit.RequestLoggingMiddlewareTest" assertions="2" time="0.000424"/>
      <testcase name="test_request_logging_middleware_user_context_ready" file="/home/emir/Desktop/sentinentx/tests/Unit/RequestLoggingMiddlewareTest.php" line="203" class="Tests\Unit\RequestLoggingMiddlewareTest" classname="Tests.Unit.RequestLoggingMiddlewareTest" assertions="3" time="0.000417"/>
      <testcase name="test_request_logging_middleware_http_context_ready" file="/home/emir/Desktop/sentinentx/tests/Unit/RequestLoggingMiddlewareTest.php" line="190" class="Tests\Unit\RequestLoggingMiddlewareTest" classname="Tests.Unit.RequestLoggingMiddlewareTest" assertions="2" time="0.000424"/>
      <testcase name="test_request_logging_middleware_has_get_user_id_method" file="/home/emir/Desktop/sentinentx/tests/Unit/RequestLoggingMiddlewareTest.php" line="48" class="Tests\Unit\RequestLoggingMiddlewareTest" classname="Tests.Unit.RequestLoggingMiddlewareTest" assertions="3" time="0.000414"/>
      <testcase name="test_request_logging_middleware_logging_ready" file="/home/emir/Desktop/sentinentx/tests/Unit/RequestLoggingMiddlewareTest.php" line="85" class="Tests\Unit\RequestLoggingMiddlewareTest" classname="Tests.Unit.RequestLoggingMiddlewareTest" assertions="2" time="0.000485"/>
      <testcase name="test_request_logging_middleware_saas_ready" file="/home/emir/Desktop/sentinentx/tests/Unit/RequestLoggingMiddlewareTest.php" line="75" class="Tests\Unit\RequestLoggingMiddlewareTest" classname="Tests.Unit.RequestLoggingMiddlewareTest" assertions="2" time="0.000500"/>
      <testcase name="test_request_logging_middleware_performance_tracking_ready" file="/home/emir/Desktop/sentinentx/tests/Unit/RequestLoggingMiddlewareTest.php" line="124" class="Tests\Unit\RequestLoggingMiddlewareTest" classname="Tests.Unit.RequestLoggingMiddlewareTest" assertions="2" time="0.000412"/>
      <testcase name="test_request_logging_middleware_auth_integration_ready" file="/home/emir/Desktop/sentinentx/tests/Unit/RequestLoggingMiddlewareTest.php" line="98" class="Tests\Unit\RequestLoggingMiddlewareTest" classname="Tests.Unit.RequestLoggingMiddlewareTest" assertions="2" time="0.000442"/>
    </testsuite>
    <testsuite name="Tests\Unit\InstrumentInfoServiceExtendedTest" file="/home/emir/Desktop/sentinentx/tests/Unit/InstrumentInfoServiceExtendedTest.php" tests="9" assertions="0" errors="0" failures="0" skipped="9" time="0.000000">
      <testcase name="test_get_max_leverage" file="/home/emir/Desktop/sentinentx/tests/Unit/InstrumentInfoServiceExtendedTest.php" line="207" class="Tests\Unit\InstrumentInfoServiceExtendedTest" classname="Tests.Unit.InstrumentInfoServiceExtendedTest" assertions="0" time="0.000000">
        <skipped/>
      </testcase>
      <testcase name="test_get_instrument_info_caches_result" file="/home/emir/Desktop/sentinentx/tests/Unit/InstrumentInfoServiceExtendedTest.php" line="81" class="Tests\Unit\InstrumentInfoServiceExtendedTest" classname="Tests.Unit.InstrumentInfoServiceExtendedTest" assertions="0" time="0.000000">
        <skipped/>
      </testcase>
      <testcase name="test_get_instrument_info_handles_api_error" file="/home/emir/Desktop/sentinentx/tests/Unit/InstrumentInfoServiceExtendedTest.php" line="114" class="Tests\Unit\InstrumentInfoServiceExtendedTest" classname="Tests.Unit.InstrumentInfoServiceExtendedTest" assertions="0" time="0.000000">
        <skipped/>
      </testcase>
      <testcase name="test_get_tick_size" file="/home/emir/Desktop/sentinentx/tests/Unit/InstrumentInfoServiceExtendedTest.php" line="154" class="Tests\Unit\InstrumentInfoServiceExtendedTest" classname="Tests.Unit.InstrumentInfoServiceExtendedTest" assertions="0" time="0.000000">
        <skipped/>
      </testcase>
      <testcase name="test_get_min_order_qty" file="/home/emir/Desktop/sentinentx/tests/Unit/InstrumentInfoServiceExtendedTest.php" line="180" class="Tests\Unit\InstrumentInfoServiceExtendedTest" classname="Tests.Unit.InstrumentInfoServiceExtendedTest" assertions="0" time="0.000000">
        <skipped/>
      </testcase>
      <testcase name="test_get_instrument_info_from_api" file="/home/emir/Desktop/sentinentx/tests/Unit/InstrumentInfoServiceExtendedTest.php" line="25" class="Tests\Unit\InstrumentInfoServiceExtendedTest" classname="Tests.Unit.InstrumentInfoServiceExtendedTest" assertions="0" time="0.000000">
        <skipped/>
      </testcase>
      <testcase name="test_get_instrument_info_handles_empty_list" file="/home/emir/Desktop/sentinentx/tests/Unit/InstrumentInfoServiceExtendedTest.php" line="127" class="Tests\Unit\InstrumentInfoServiceExtendedTest" classname="Tests.Unit.InstrumentInfoServiceExtendedTest" assertions="0" time="0.000000">
        <skipped/>
      </testcase>
      <testcase name="test_get_instrument_info_handles_network_error" file="/home/emir/Desktop/sentinentx/tests/Unit/InstrumentInfoServiceExtendedTest.php" line="142" class="Tests\Unit\InstrumentInfoServiceExtendedTest" classname="Tests.Unit.InstrumentInfoServiceExtendedTest" assertions="0" time="0.000000">
        <skipped/>
      </testcase>
      <testcase name="test_get_instrument_info_from_cache" file="/home/emir/Desktop/sentinentx/tests/Unit/InstrumentInfoServiceExtendedTest.php" line="60" class="Tests\Unit\InstrumentInfoServiceExtendedTest" classname="Tests.Unit.InstrumentInfoServiceExtendedTest" assertions="0" time="0.000000">
        <skipped/>
      </testcase>
    </testsuite>
    <testsuite name="Tests\Unit\UsageCounterTest" file="/home/emir/Desktop/sentinentx/tests/Unit/UsageCounterTest.php" tests="8" assertions="15" errors="0" failures="0" skipped="0" time="0.681770">
      <testcase name="test_scope_for_service" file="/home/emir/Desktop/sentinentx/tests/Unit/UsageCounterTest.php" line="49" class="Tests\Unit\UsageCounterTest" classname="Tests.Unit.UsageCounterTest" assertions="1" time="0.099293"/>
      <testcase name="test_usage_counter_casts_are_correct" file="/home/emir/Desktop/sentinentx/tests/Unit/UsageCounterTest.php" line="101" class="Tests\Unit\UsageCounterTest" classname="Tests.Unit.UsageCounterTest" assertions="2" time="0.083121"/>
      <testcase name="test_usage_counter_fillable_attributes" file="/home/emir/Desktop/sentinentx/tests/Unit/UsageCounterTest.php" line="24" class="Tests\Unit\UsageCounterTest" classname="Tests.Unit.UsageCounterTest" assertions="1" time="0.081356"/>
      <testcase name="test_scope_for_period" file="/home/emir/Desktop/sentinentx/tests/Unit/UsageCounterTest.php" line="60" class="Tests\Unit\UsageCounterTest" classname="Tests.Unit.UsageCounterTest" assertions="1" time="0.081438"/>
      <testcase name="test_usage_counter_casts" file="/home/emir/Desktop/sentinentx/tests/Unit/UsageCounterTest.php" line="40" class="Tests\Unit\UsageCounterTest" classname="Tests.Unit.UsageCounterTest" assertions="2" time="0.082375"/>
      <testcase name="test_usage_counter_has_correct_attributes" file="/home/emir/Desktop/sentinentx/tests/Unit/UsageCounterTest.php" line="88" class="Tests\Unit\UsageCounterTest" classname="Tests.Unit.UsageCounterTest" assertions="5" time="0.092224"/>
      <testcase name="test_usage_counter_scope_methods_return_builder" file="/home/emir/Desktop/sentinentx/tests/Unit/UsageCounterTest.php" line="71" class="Tests\Unit\UsageCounterTest" classname="Tests.Unit.UsageCounterTest" assertions="2" time="0.080874"/>
      <testcase name="test_usage_counter_has_correct_table_name" file="/home/emir/Desktop/sentinentx/tests/Unit/UsageCounterTest.php" line="16" class="Tests\Unit\UsageCounterTest" classname="Tests.Unit.UsageCounterTest" assertions="1" time="0.081091"/>
    </testsuite>
    <testsuite name="Tests\Unit\Services\Market\BybitMarketDataTest" file="/home/emir/Desktop/sentinentx/tests/Unit/Services/Market/BybitMarketDataTest.php" tests="11" assertions="0" errors="11" failures="0" skipped="0" time="0.000000">
      <testcase name="test_get_instrument_info_success" file="/home/emir/Desktop/sentinentx/tests/Unit/Services/Market/BybitMarketDataTest.php" line="292" class="Tests\Unit\Services\Market\BybitMarketDataTest" classname="Tests.Unit.Services.Market.BybitMarketDataTest" assertions="0" time="0.000000">
        <error type="Mockery\Exception">Tests\Unit\Services\Market\BybitMarketDataTest::test_get_instrument_info_success
Mockery\Exception: The class \App\Services\Exchange\BybitClient is marked final and its methods cannot be replaced. Classes marked final can be passed in to \Mockery::mock() as instantiated objects to create a partial mock, but only if the mock is not subject to type hinting checks.

/home/emir/Desktop/sentinentx/vendor/mockery/mockery/library/Mockery/Generator/MockConfiguration.php:367
/home/emir/Desktop/sentinentx/vendor/mockery/mockery/library/Mockery/Generator/MockConfiguration.php:182
/home/emir/Desktop/sentinentx/vendor/mockery/mockery/library/Mockery/Generator/StringManipulationGenerator.php:66
/home/emir/Desktop/sentinentx/vendor/mockery/mockery/library/Mockery/Generator/CachingGenerator.php:41
/home/emir/Desktop/sentinentx/vendor/mockery/mockery/library/Mockery/Container.php:395
/home/emir/Desktop/sentinentx/vendor/mockery/mockery/library/Mockery.php:477
/home/emir/Desktop/sentinentx/tests/Unit/Services/Market/BybitMarketDataTest.php:23</error>
      </testcase>
      <testcase name="test_get_klines_with_time_range" file="/home/emir/Desktop/sentinentx/tests/Unit/Services/Market/BybitMarketDataTest.php" line="69" class="Tests\Unit\Services\Market\BybitMarketDataTest" classname="Tests.Unit.Services.Market.BybitMarketDataTest" assertions="0" time="0.000000">
        <error type="Mockery\Exception">Tests\Unit\Services\Market\BybitMarketDataTest::test_get_klines_with_time_range
Mockery\Exception: The class \App\Services\Exchange\BybitClient is marked final and its methods cannot be replaced. Classes marked final can be passed in to \Mockery::mock() as instantiated objects to create a partial mock, but only if the mock is not subject to type hinting checks.

/home/emir/Desktop/sentinentx/vendor/mockery/mockery/library/Mockery/Generator/MockConfiguration.php:367
/home/emir/Desktop/sentinentx/vendor/mockery/mockery/library/Mockery/Generator/MockConfiguration.php:182
/home/emir/Desktop/sentinentx/vendor/mockery/mockery/library/Mockery/Generator/StringManipulationGenerator.php:66
/home/emir/Desktop/sentinentx/vendor/mockery/mockery/library/Mockery/Generator/CachingGenerator.php:41
/home/emir/Desktop/sentinentx/vendor/mockery/mockery/library/Mockery/Container.php:395
/home/emir/Desktop/sentinentx/vendor/mockery/mockery/library/Mockery.php:477
/home/emir/Desktop/sentinentx/tests/Unit/Services/Market/BybitMarketDataTest.php:23</error>
      </testcase>
      <testcase name="test_get_klines_exception_handling" file="/home/emir/Desktop/sentinentx/tests/Unit/Services/Market/BybitMarketDataTest.php" line="110" class="Tests\Unit\Services\Market\BybitMarketDataTest" classname="Tests.Unit.Services.Market.BybitMarketDataTest" assertions="0" time="0.000000">
        <error type="Mockery\Exception">Tests\Unit\Services\Market\BybitMarketDataTest::test_get_klines_exception_handling
Mockery\Exception: The class \App\Services\Exchange\BybitClient is marked final and its methods cannot be replaced. Classes marked final can be passed in to \Mockery::mock() as instantiated objects to create a partial mock, but only if the mock is not subject to type hinting checks.

/home/emir/Desktop/sentinentx/vendor/mockery/mockery/library/Mockery/Generator/MockConfiguration.php:367
/home/emir/Desktop/sentinentx/vendor/mockery/mockery/library/Mockery/Generator/MockConfiguration.php:182
/home/emir/Desktop/sentinentx/vendor/mockery/mockery/library/Mockery/Generator/StringManipulationGenerator.php:66
/home/emir/Desktop/sentinentx/vendor/mockery/mockery/library/Mockery/Generator/CachingGenerator.php:41
/home/emir/Desktop/sentinentx/vendor/mockery/mockery/library/Mockery/Container.php:395
/home/emir/Desktop/sentinentx/vendor/mockery/mockery/library/Mockery.php:477
/home/emir/Desktop/sentinentx/tests/Unit/Services/Market/BybitMarketDataTest.php:23</error>
      </testcase>
      <testcase name="test_get_ticker_failure" file="/home/emir/Desktop/sentinentx/tests/Unit/Services/Market/BybitMarketDataTest.php" line="170" class="Tests\Unit\Services\Market\BybitMarketDataTest" classname="Tests.Unit.Services.Market.BybitMarketDataTest" assertions="0" time="0.000000">
        <error type="Mockery\Exception">Tests\Unit\Services\Market\BybitMarketDataTest::test_get_ticker_failure
Mockery\Exception: The class \App\Services\Exchange\BybitClient is marked final and its methods cannot be replaced. Classes marked final can be passed in to \Mockery::mock() as instantiated objects to create a partial mock, but only if the mock is not subject to type hinting checks.

/home/emir/Desktop/sentinentx/vendor/mockery/mockery/library/Mockery/Generator/MockConfiguration.php:367
/home/emir/Desktop/sentinentx/vendor/mockery/mockery/library/Mockery/Generator/MockConfiguration.php:182
/home/emir/Desktop/sentinentx/vendor/mockery/mockery/library/Mockery/Generator/StringManipulationGenerator.php:66
/home/emir/Desktop/sentinentx/vendor/mockery/mockery/library/Mockery/Generator/CachingGenerator.php:41
/home/emir/Desktop/sentinentx/vendor/mockery/mockery/library/Mockery/Container.php:395
/home/emir/Desktop/sentinentx/vendor/mockery/mockery/library/Mockery.php:477
/home/emir/Desktop/sentinentx/tests/Unit/Services/Market/BybitMarketDataTest.php:23</error>
      </testcase>
      <testcase name="test_cache_keys_are_different_for_different_parameters" file="/home/emir/Desktop/sentinentx/tests/Unit/Services/Market/BybitMarketDataTest.php" line="373" class="Tests\Unit\Services\Market\BybitMarketDataTest" classname="Tests.Unit.Services.Market.BybitMarketDataTest" assertions="0" time="0.000000">
        <error type="Mockery\Exception">Tests\Unit\Services\Market\BybitMarketDataTest::test_cache_keys_are_different_for_different_parameters
Mockery\Exception: The class \App\Services\Exchange\BybitClient is marked final and its methods cannot be replaced. Classes marked final can be passed in to \Mockery::mock() as instantiated objects to create a partial mock, but only if the mock is not subject to type hinting checks.

/home/emir/Desktop/sentinentx/vendor/mockery/mockery/library/Mockery/Generator/MockConfiguration.php:367
/home/emir/Desktop/sentinentx/vendor/mockery/mockery/library/Mockery/Generator/MockConfiguration.php:182
/home/emir/Desktop/sentinentx/vendor/mockery/mockery/library/Mockery/Generator/StringManipulationGenerator.php:66
/home/emir/Desktop/sentinentx/vendor/mockery/mockery/library/Mockery/Generator/CachingGenerator.php:41
/home/emir/Desktop/sentinentx/vendor/mockery/mockery/library/Mockery/Container.php:395
/home/emir/Desktop/sentinentx/vendor/mockery/mockery/library/Mockery.php:477
/home/emir/Desktop/sentinentx/tests/Unit/Services/Market/BybitMarketDataTest.php:23</error>
      </testcase>
      <testcase name="test_get_multiple_tickers_success" file="/home/emir/Desktop/sentinentx/tests/Unit/Services/Market/BybitMarketDataTest.php" line="236" class="Tests\Unit\Services\Market\BybitMarketDataTest" classname="Tests.Unit.Services.Market.BybitMarketDataTest" assertions="0" time="0.000000">
        <error type="Mockery\Exception">Tests\Unit\Services\Market\BybitMarketDataTest::test_get_multiple_tickers_success
Mockery\Exception: The class \App\Services\Exchange\BybitClient is marked final and its methods cannot be replaced. Classes marked final can be passed in to \Mockery::mock() as instantiated objects to create a partial mock, but only if the mock is not subject to type hinting checks.

/home/emir/Desktop/sentinentx/vendor/mockery/mockery/library/Mockery/Generator/MockConfiguration.php:367
/home/emir/Desktop/sentinentx/vendor/mockery/mockery/library/Mockery/Generator/MockConfiguration.php:182
/home/emir/Desktop/sentinentx/vendor/mockery/mockery/library/Mockery/Generator/StringManipulationGenerator.php:66
/home/emir/Desktop/sentinentx/vendor/mockery/mockery/library/Mockery/Generator/CachingGenerator.php:41
/home/emir/Desktop/sentinentx/vendor/mockery/mockery/library/Mockery/Container.php:395
/home/emir/Desktop/sentinentx/vendor/mockery/mockery/library/Mockery.php:477
/home/emir/Desktop/sentinentx/tests/Unit/Services/Market/BybitMarketDataTest.php:23</error>
      </testcase>
      <testcase name="test_get_ticker_success" file="/home/emir/Desktop/sentinentx/tests/Unit/Services/Market/BybitMarketDataTest.php" line="123" class="Tests\Unit\Services\Market\BybitMarketDataTest" classname="Tests.Unit.Services.Market.BybitMarketDataTest" assertions="0" time="0.000000">
        <error type="Mockery\Exception">Tests\Unit\Services\Market\BybitMarketDataTest::test_get_ticker_success
Mockery\Exception: The class \App\Services\Exchange\BybitClient is marked final and its methods cannot be replaced. Classes marked final can be passed in to \Mockery::mock() as instantiated objects to create a partial mock, but only if the mock is not subject to type hinting checks.

/home/emir/Desktop/sentinentx/vendor/mockery/mockery/library/Mockery/Generator/MockConfiguration.php:367
/home/emir/Desktop/sentinentx/vendor/mockery/mockery/library/Mockery/Generator/MockConfiguration.php:182
/home/emir/Desktop/sentinentx/vendor/mockery/mockery/library/Mockery/Generator/StringManipulationGenerator.php:66
/home/emir/Desktop/sentinentx/vendor/mockery/mockery/library/Mockery/Generator/CachingGenerator.php:41
/home/emir/Desktop/sentinentx/vendor/mockery/mockery/library/Mockery/Container.php:395
/home/emir/Desktop/sentinentx/vendor/mockery/mockery/library/Mockery.php:477
/home/emir/Desktop/sentinentx/tests/Unit/Services/Market/BybitMarketDataTest.php:23</error>
      </testcase>
      <testcase name="test_get_klines_success" file="/home/emir/Desktop/sentinentx/tests/Unit/Services/Market/BybitMarketDataTest.php" line="29" class="Tests\Unit\Services\Market\BybitMarketDataTest" classname="Tests.Unit.Services.Market.BybitMarketDataTest" assertions="0" time="0.000000">
        <error type="Mockery\Exception">Tests\Unit\Services\Market\BybitMarketDataTest::test_get_klines_success
Mockery\Exception: The class \App\Services\Exchange\BybitClient is marked final and its methods cannot be replaced. Classes marked final can be passed in to \Mockery::mock() as instantiated objects to create a partial mock, but only if the mock is not subject to type hinting checks.

/home/emir/Desktop/sentinentx/vendor/mockery/mockery/library/Mockery/Generator/MockConfiguration.php:367
/home/emir/Desktop/sentinentx/vendor/mockery/mockery/library/Mockery/Generator/MockConfiguration.php:182
/home/emir/Desktop/sentinentx/vendor/mockery/mockery/library/Mockery/Generator/StringManipulationGenerator.php:66
/home/emir/Desktop/sentinentx/vendor/mockery/mockery/library/Mockery/Generator/CachingGenerator.php:41
/home/emir/Desktop/sentinentx/vendor/mockery/mockery/library/Mockery/Container.php:395
/home/emir/Desktop/sentinentx/vendor/mockery/mockery/library/Mockery.php:477
/home/emir/Desktop/sentinentx/tests/Unit/Services/Market/BybitMarketDataTest.php:23</error>
      </testcase>
      <testcase name="test_caching_works_correctly" file="/home/emir/Desktop/sentinentx/tests/Unit/Services/Market/BybitMarketDataTest.php" line="354" class="Tests\Unit\Services\Market\BybitMarketDataTest" classname="Tests.Unit.Services.Market.BybitMarketDataTest" assertions="0" time="0.000000">
        <error type="Mockery\Exception">Tests\Unit\Services\Market\BybitMarketDataTest::test_caching_works_correctly
Mockery\Exception: The class \App\Services\Exchange\BybitClient is marked final and its methods cannot be replaced. Classes marked final can be passed in to \Mockery::mock() as instantiated objects to create a partial mock, but only if the mock is not subject to type hinting checks.

/home/emir/Desktop/sentinentx/vendor/mockery/mockery/library/Mockery/Generator/MockConfiguration.php:367
/home/emir/Desktop/sentinentx/vendor/mockery/mockery/library/Mockery/Generator/MockConfiguration.php:182
/home/emir/Desktop/sentinentx/vendor/mockery/mockery/library/Mockery/Generator/StringManipulationGenerator.php:66
/home/emir/Desktop/sentinentx/vendor/mockery/mockery/library/Mockery/Generator/CachingGenerator.php:41
/home/emir/Desktop/sentinentx/vendor/mockery/mockery/library/Mockery/Container.php:395
/home/emir/Desktop/sentinentx/vendor/mockery/mockery/library/Mockery.php:477
/home/emir/Desktop/sentinentx/tests/Unit/Services/Market/BybitMarketDataTest.php:23</error>
      </testcase>
      <testcase name="test_get_orderbook_success" file="/home/emir/Desktop/sentinentx/tests/Unit/Services/Market/BybitMarketDataTest.php" line="186" class="Tests\Unit\Services\Market\BybitMarketDataTest" classname="Tests.Unit.Services.Market.BybitMarketDataTest" assertions="0" time="0.000000">
        <error type="Mockery\Exception">Tests\Unit\Services\Market\BybitMarketDataTest::test_get_orderbook_success
Mockery\Exception: The class \App\Services\Exchange\BybitClient is marked final and its methods cannot be replaced. Classes marked final can be passed in to \Mockery::mock() as instantiated objects to create a partial mock, but only if the mock is not subject to type hinting checks.

/home/emir/Desktop/sentinentx/vendor/mockery/mockery/library/Mockery/Generator/MockConfiguration.php:367
/home/emir/Desktop/sentinentx/vendor/mockery/mockery/library/Mockery/Generator/MockConfiguration.php:182
/home/emir/Desktop/sentinentx/vendor/mockery/mockery/library/Mockery/Generator/StringManipulationGenerator.php:66
/home/emir/Desktop/sentinentx/vendor/mockery/mockery/library/Mockery/Generator/CachingGenerator.php:41
/home/emir/Desktop/sentinentx/vendor/mockery/mockery/library/Mockery/Container.php:395
/home/emir/Desktop/sentinentx/vendor/mockery/mockery/library/Mockery.php:477
/home/emir/Desktop/sentinentx/tests/Unit/Services/Market/BybitMarketDataTest.php:23</error>
      </testcase>
      <testcase name="test_get_klines_api_failure" file="/home/emir/Desktop/sentinentx/tests/Unit/Services/Market/BybitMarketDataTest.php" line="94" class="Tests\Unit\Services\Market\BybitMarketDataTest" classname="Tests.Unit.Services.Market.BybitMarketDataTest" assertions="0" time="0.000000">
        <error type="Mockery\Exception">Tests\Unit\Services\Market\BybitMarketDataTest::test_get_klines_api_failure
Mockery\Exception: The class \App\Services\Exchange\BybitClient is marked final and its methods cannot be replaced. Classes marked final can be passed in to \Mockery::mock() as instantiated objects to create a partial mock, but only if the mock is not subject to type hinting checks.

/home/emir/Desktop/sentinentx/vendor/mockery/mockery/library/Mockery/Generator/MockConfiguration.php:367
/home/emir/Desktop/sentinentx/vendor/mockery/mockery/library/Mockery/Generator/MockConfiguration.php:182
/home/emir/Desktop/sentinentx/vendor/mockery/mockery/library/Mockery/Generator/StringManipulationGenerator.php:66
/home/emir/Desktop/sentinentx/vendor/mockery/mockery/library/Mockery/Generator/CachingGenerator.php:41
/home/emir/Desktop/sentinentx/vendor/mockery/mockery/library/Mockery/Container.php:395
/home/emir/Desktop/sentinentx/vendor/mockery/mockery/library/Mockery.php:477
/home/emir/Desktop/sentinentx/tests/Unit/Services/Market/BybitMarketDataTest.php:23</error>
      </testcase>
    </testsuite>
  </testsuite>
</testsuites>
