<?xml version="1.0" encoding="UTF-8"?>
<testsuites>
  <testsuite name="/home/emir/Desktop/sentinentx/phpunit.xml" tests="1" assertions="0" errors="0" failures="0" skipped="1" time="0.463848">
    <testsuite name="Unit" tests="1" assertions="0" errors="0" failures="0" skipped="1" time="0.463848">
      <testsuite name="Tests\Unit\TelegramNotifierExtendedTest" file="/home/emir/Desktop/sentinentx/tests/Unit/TelegramNotifierExtendedTest.php" tests="1" assertions="0" errors="0" failures="0" skipped="1" time="0.463848">
        <testcase name="test_notification_with_special_characters" file="/home/emir/Desktop/sentinentx/tests/Unit/TelegramNotifierExtendedTest.php" line="170" class="Tests\Unit\TelegramNotifierExtendedTest" classname="Tests.Unit.TelegramNotifierExtendedTest" assertions="0" time="0.463848">
          <skipped/>
        </testcase>
      </testsuite>
    </testsuite>
  </testsuite>
</testsuites>
